{"numTotalTestSuites":69,"numPassedTestSuites":58,"numFailedTestSuites":11,"numPendingTestSuites":0,"numTotalTests":108,"numPassedTests":95,"numFailedTests":13,"numPendingTests":0,"numTodoTests":0,"snapshot":{"added":0,"failure":false,"filesAdded":0,"filesRemoved":0,"filesRemovedList":[],"filesUnmatched":0,"filesUpdated":0,"matched":0,"total":0,"unchecked":0,"uncheckedKeysByFile":[],"unmatched":0,"updated":0,"didUpdate":false},"startTime":1782772128928,"success":false,"testResults":[{"assertionResults":[{"ancestorTitles":["contract enums"],"fullName":"contract enums match the product contract value sets","status":"passed","title":"match the product contract value sets","duration":1.431042000000005,"failureMessages":[],"meta":{},"tags":[]},{"ancestorTitles":["type guards"],"fullName":"type guards accept valid values and reject invalid ones","status":"passed","title":"accept valid values and reject invalid ones","duration":0.5229580000000027,"failureMessages":[],"meta":{},"tags":[]},{"ancestorTitles":["type guards"],"fullName":"type guards isApiError validates the error envelope","status":"passed","title":"isApiError validates the error envelope","duration":0.13491600000000403,"failureMessages":[],"meta":{},"tags":[]},{"ancestorTitles":["metric direction map"],"fullName":"metric direction map marks lighthouse as higher-is-better and everything else as lower-is-better","status":"passed","title":"marks lighthouse as higher-is-better and everything else as lower-is-better","duration":0.13150000000000261,"failureMessages":[],"meta":{},"tags":[]},{"ancestorTitles":["API_ROUTES"],"fullName":"API_ROUTES builds the documented endpoints","status":"passed","title":"builds the documented endpoints","duration":0.09229200000000048,"failureMessages":[],"meta":{},"tags":[]}],"startTime":1782772129454,"endTime":1782772129457.1316,"status":"passed","message":"","name":"/Users/enzogivernaud/dev/dx-memory/packages/contracts/src/contracts.test.ts"},{"assertionResults":[{"ancestorTitles":["Random"],"fullName":"Random is deterministic for a given seed","status":"passed","title":"is deterministic for a given seed","duration":1.0162079999999776,"failureMessages":[],"meta":{},"tags":[]},{"ancestorTitles":["Random"],"fullName":"Random produces values in range","status":"passed","title":"produces values in range","duration":11.090584000000007,"failureMessages":[],"meta":{},"tags":[]},{"ancestorTitles":["generateAll"],"fullName":"generateAll meets the contract volumes","status":"passed","title":"meets the contract volumes","duration":0.6164159999999868,"failureMessages":[],"meta":{},"tags":[]},{"ancestorTitles":["generateAll"],"fullName":"generateAll produces valid, in-range signals","status":"passed","title":"produces valid, in-range signals","duration":660.9086249999999,"failureMessages":[],"meta":{},"tags":[]},{"ancestorTitles":["generateAll"],"fullName":"generateAll has some null confidence and some linked incidents (exercising UI states)","status":"passed","title":"has some null confidence and some linked incidents (exercising UI states)","duration":0.18079199999999673,"failureMessages":[],"meta":{},"tags":[]},{"ancestorTitles":["generateAll"],"fullName":"generateAll keeps references coherent across entities","status":"passed","title":"keeps references coherent across entities","duration":265.06937500000004,"failureMessages":[],"meta":{},"tags":[]},{"ancestorTitles":["determinism"],"fullName":"determinism produces identical output for the same seed","status":"passed","title":"produces identical output for the same seed","duration":1.593166999999994,"failureMessages":[],"meta":{},"tags":[]},{"ancestorTitles":["determinism"],"fullName":"determinism produces different output for different seeds","status":"passed","title":"produces different output for different seeds","duration":0.3167919999998503,"failureMessages":[],"meta":{},"tags":[]}],"startTime":1782772129635,"endTime":1782772130576.5933,"status":"passed","message":"","name":"/Users/enzogivernaud/dev/dx-memory/packages/fixtures/src/fixtures.test.ts"},{"assertionResults":[{"ancestorTitles":["collectMetrics"],"fullName":"collectMetrics returns the three variants from seed data","status":"passed","title":"returns the three variants from seed data","duration":1.0020000000000095,"failureMessages":[],"meta":{},"tags":[]},{"ancestorTitles":["collectMetrics"],"fullName":"collectMetrics produces a winner for every numeric metric","status":"passed","title":"produces a winner for every numeric metric","duration":0.502332999999993,"failureMessages":[],"meta":{},"tags":[]},{"ancestorTitles":["computeWinners"],"fullName":"computeWinners reflects the design narrative","status":"passed","title":"reflects the design narrative","duration":0.17412499999998943,"failureMessages":[],"meta":{},"tags":[]},{"ancestorTitles":["computeWinners"],"fullName":"computeWinners treats lighthouse as higher-is-better","status":"passed","title":"treats lighthouse as higher-is-better","duration":0.1179170000000056,"failureMessages":[],"meta":{},"tags":[]}],"startTime":1782772130213,"endTime":1782772130215.174,"status":"passed","message":"","name":"/Users/enzogivernaud/dev/dx-memory/packages/metrics/src/metrics.test.ts"},{"assertionResults":[{"ancestorTitles":["SCENARIOS"],"fullName":"SCENARIOS defines the ten shared scenarios","status":"passed","title":"defines the ten shared scenarios","duration":0.9117499999999978,"failureMessages":[],"meta":{},"tags":[]},{"ancestorTitles":["SCENARIOS"],"fullName":"SCENARIOS has unique ids","status":"passed","title":"has unique ids","duration":0.1581249999999983,"failureMessages":[],"meta":{},"tags":[]},{"ancestorTitles":["SCENARIOS"],"fullName":"SCENARIOS every scenario is well-formed and points at a real route and axis","status":"passed","title":"every scenario is well-formed and points at a real route and axis","duration":0.9801669999999945,"failureMessages":[],"meta":{},"tags":[]},{"ancestorTitles":["helpers"],"fullName":"helpers getScenario finds by id","status":"passed","title":"getScenario finds by id","duration":0.07729199999999992,"failureMessages":[],"meta":{},"tags":[]},{"ancestorTitles":["helpers"],"fullName":"helpers scenariosByAxis filters by axis","status":"passed","title":"scenariosByAxis filters by axis","duration":0.07079099999999983,"failureMessages":[],"meta":{},"tags":[]}],"startTime":1782772130621,"endTime":1782772130623.0774,"status":"passed","message":"","name":"/Users/enzogivernaud/dev/dx-memory/packages/test-scenarios/src/scenarios.test.ts"},{"assertionResults":[{"ancestorTitles":["tokens"],"fullName":"tokens keeps the orange accent from the design spec","status":"passed","title":"keeps the orange accent from the design spec","duration":0.6829170000000033,"failureMessages":[],"meta":{},"tags":[]},{"ancestorTitles":["tokens"],"fullName":"tokens uses the documented spacing scale","status":"passed","title":"uses the documented spacing scale","duration":0.33295900000000245,"failureMessages":[],"meta":{},"tags":[]},{"ancestorTitles":["tokens"],"fullName":"tokens maps every contract enum value to a hue","status":"passed","title":"maps every contract enum value to a hue","duration":0.24620799999999576,"failureMessages":[],"meta":{},"tags":[]},{"ancestorTitles":["routes"],"fullName":"routes declares the seven product routes","status":"passed","title":"declares the seven product routes","duration":0.3582919999999916,"failureMessages":[],"meta":{},"tags":[]},{"ancestorTitles":["routes"],"fullName":"routes excludes the detail page from the nav and keeps nav order","status":"passed","title":"excludes the detail page from the nav and keeps nav order","duration":0.1974170000000015,"failureMessages":[],"meta":{},"tags":[]},{"ancestorTitles":["screens & states"],"fullName":"screens & states has one blueprint per route id","status":"passed","title":"has one blueprint per route id","duration":0.10591600000000767,"failureMessages":[],"meta":{},"tags":[]},{"ancestorTitles":["screens & states"],"fullName":"screens & states requires all eight async UI states","status":"passed","title":"requires all eight async UI states","duration":0.27779099999999346,"failureMessages":[],"meta":{},"tags":[]},{"ancestorTitles":["components"],"fullName":"components includes the variant badge — the only allowed visible difference","status":"passed","title":"includes the variant badge — the only allowed visible difference","duration":0.06904199999999605,"failureMessages":[],"meta":{},"tags":[]}],"startTime":1782772129687,"endTime":1782772129689.2778,"status":"passed","message":"","name":"/Users/enzogivernaud/dev/dx-memory/packages/ui-spec/src/ui-spec.test.ts"},{"assertionResults":[{"ancestorTitles":["handle (server route wrapper)"],"fullName":"handle (server route wrapper) returns JSON for a successful handler","status":"passed","title":"returns JSON for a successful handler","duration":9.220625000000013,"failureMessages":[],"meta":{},"tags":[]},{"ancestorTitles":["handle (server route wrapper)"],"fullName":"handle (server route wrapper) serializes an ApiErrorException to its envelope + status","status":"passed","title":"serializes an ApiErrorException to its envelope + status","duration":0.6570839999999976,"failureMessages":[],"meta":{},"tags":[]},{"ancestorTitles":["handle (server route wrapper)"],"fullName":"handle (server route wrapper) maps a bad request to a 400 envelope","status":"passed","title":"maps a bad request to a 400 envelope","duration":0.22837499999999977,"failureMessages":[],"meta":{},"tags":[]},{"ancestorTitles":["handle (server route wrapper)"],"fullName":"handle (server route wrapper) coerces an unexpected error to a 500 envelope","status":"passed","title":"coerces an unexpected error to a 500 envelope","duration":0.23312500000000114,"failureMessages":[],"meta":{},"tags":[]}],"startTime":1782772130551,"endTime":1782772130561.2332,"status":"passed","message":"","name":"/Users/enzogivernaud/dev/dx-memory/apps/flow-app/src/server/respond.test.ts"},{"assertionResults":[{"ancestorTitles":["shared test-scenarios coverage"],"fullName":"shared test-scenarios coverage every scenario targets a route Flow implements","status":"passed","title":"every scenario targets a route Flow implements","duration":1.0049999999999955,"failureMessages":[],"meta":{},"tags":[]},{"ancestorTitles":["shared test-scenarios coverage"],"fullName":"shared test-scenarios coverage covers all 10 shared scenarios","status":"passed","title":"covers all 10 shared scenarios","duration":0.395417000000009,"failureMessages":[],"meta":{},"tags":[]}],"startTime":1782772131138,"endTime":1782772131139.3955,"status":"passed","message":"","name":"/Users/enzogivernaud/dev/dx-memory/apps/flow-app/src/test/scenarios.test.ts"},{"assertionResults":[{"ancestorTitles":["parseSignalsQuery"],"fullName":"parseSignalsQuery parses and coerces a valid query","status":"passed","title":"parses and coerces a valid query","duration":1.9227089999999976,"failureMessages":[],"meta":{},"tags":[]},{"ancestorTitles":["parseSignalsQuery"],"fullName":"parseSignalsQuery treats empty-string filters as absent (the \"All\" selection)","status":"passed","title":"treats empty-string filters as absent (the \"All\" selection)","duration":0.27899999999999636,"failureMessages":[],"meta":{},"tags":[]},{"ancestorTitles":["parseSignalsQuery"],"fullName":"parseSignalsQuery accepts URLSearchParams directly","status":"passed","title":"accepts URLSearchParams directly","duration":0.1839999999999975,"failureMessages":[],"meta":{},"tags":[]},{"ancestorTitles":["parseSignalsQuery"],"fullName":"parseSignalsQuery throws a typed bad_request for an invalid enum value","status":"passed","title":"throws a typed bad_request for an invalid enum value","duration":0.583083000000002,"failureMessages":[],"meta":{},"tags":[]},{"ancestorTitles":["parseSignalsQuery"],"fullName":"parseSignalsQuery rejects an out-of-range pageSize","status":"passed","title":"rejects an out-of-range pageSize","duration":0.17070800000000474,"failureMessages":[],"meta":{},"tags":[]},{"ancestorTitles":["parseIncidentsQuery"],"fullName":"parseIncidentsQuery parses incident filters","status":"passed","title":"parses incident filters","duration":0.23612499999998704,"failureMessages":[],"meta":{},"tags":[]},{"ancestorTitles":["parseIncidentsQuery"],"fullName":"parseIncidentsQuery rejects an invalid status","status":"passed","title":"rejects an invalid status","duration":0.12287500000000762,"failureMessages":[],"meta":{},"tags":[]}],"startTime":1782772130438,"endTime":1782772130442.236,"status":"passed","message":"","name":"/Users/enzogivernaud/dev/dx-memory/packages/flow-data-access/src/query/parse.test.ts"},{"assertionResults":[{"ancestorTitles":["queryIncidents"],"fullName":"queryIncidents filters incidents by status","status":"passed","title":"filters incidents by status","duration":68.43758300000002,"failureMessages":[],"meta":{},"tags":[]},{"ancestorTitles":["queryIncidents"],"fullName":"queryIncidents combines status + impact filters","status":"passed","title":"combines status + impact filters","duration":0.23445899999998687,"failureMessages":[],"meta":{},"tags":[]},{"ancestorTitles":["queryIncidents"],"fullName":"queryIncidents orders newest first and paginates stably","status":"passed","title":"orders newest first and paginates stably","duration":0.4607499999999902,"failureMessages":[],"meta":{},"tags":[]}],"startTime":1782772131347,"endTime":1782772131416.4607,"status":"passed","message":"","name":"/Users/enzogivernaud/dev/dx-memory/packages/flow-data-access/src/repositories/incidents-repository.test.ts"},{"assertionResults":[{"ancestorTitles":["querySignals — filtering"],"fullName":"querySignals — filtering filters by severity against the full 10k dataset","status":"passed","title":"filters by severity against the full 10k dataset","duration":86.25033300000001,"failureMessages":[],"meta":{},"tags":[]},{"ancestorTitles":["querySignals — filtering"],"fullName":"querySignals — filtering combines filters (AND)","status":"passed","title":"combines filters (AND)","duration":0.4720829999999978,"failureMessages":[],"meta":{},"tags":[]},{"ancestorTitles":["querySignals — filtering"],"fullName":"querySignals — filtering returns an empty page (no error) when nothing matches","status":"passed","title":"returns an empty page (no error) when nothing matches","duration":2.2771250000000123,"failureMessages":[],"meta":{},"tags":[]},{"ancestorTitles":["querySignals — stable pagination & sort"],"fullName":"querySignals — stable pagination & sort paginates without overlap and covers every row exactly once","status":"passed","title":"paginates without overlap and covers every row exactly once","duration":1.3137089999999887,"failureMessages":[],"meta":{},"tags":[]},{"ancestorTitles":["querySignals — stable pagination & sort"],"fullName":"querySignals — stable pagination & sort is deterministic — same query yields the same order","status":"passed","title":"is deterministic — same query yields the same order","duration":0.5029580000000067,"failureMessages":[],"meta":{},"tags":[]},{"ancestorTitles":["querySignals — stable pagination & sort"],"fullName":"querySignals — stable pagination & sort clamps an out-of-range page instead of returning garbage","status":"passed","title":"clamps an out-of-range page instead of returning garbage","duration":0.11087499999999295,"failureMessages":[],"meta":{},"tags":[]},{"ancestorTitles":["querySignals — confidence null is preserved"],"fullName":"querySignals — confidence null is preserved keeps confidence === null through query + detail (never coerced)","status":"passed","title":"keeps confidence === null through query + detail (never coerced)","duration":2.6457499999999925,"failureMessages":[],"meta":{},"tags":[]},{"ancestorTitles":["getSignalById / getSignalEvents — not found"],"fullName":"getSignalById / getSignalEvents — not found throws a typed not_found error for an unknown signal","status":"passed","title":"throws a typed not_found error for an unknown signal","duration":0.7090000000000032,"failureMessages":[],"meta":{},"tags":[]},{"ancestorTitles":["getSignalById / getSignalEvents — not found"],"fullName":"getSignalById / getSignalEvents — not found returns a real signal detail with linked incident or null","status":"passed","title":"returns a real signal detail with linked incident or null","duration":0.30049999999999955,"failureMessages":[],"meta":{},"tags":[]},{"ancestorTitles":["getSignalById / getSignalEvents — not found"],"fullName":"getSignalById / getSignalEvents — not found returns timeline events for a known signal, oldest first","status":"passed","title":"returns timeline events for a known signal, oldest first","duration":1.2267080000000021,"failureMessages":[],"meta":{},"tags":[]}],"startTime":1782772129387,"endTime":1782772129483.2268,"status":"passed","message":"","name":"/Users/enzogivernaud/dev/dx-memory/packages/flow-data-access/src/repositories/signals-repository.test.ts"},{"assertionResults":[{"ancestorTitles":["buildDashboardSummary"],"fullName":"buildDashboardSummary returns four KPIs with trend chips","status":"passed","title":"returns four KPIs with trend chips","duration":1.0834169999999972,"failureMessages":[],"meta":{},"tags":[]},{"ancestorTitles":["buildDashboardSummary"],"fullName":"buildDashboardSummary returns a 14-point time series and a severity breakdown","status":"passed","title":"returns a 14-point time series and a severity breakdown","duration":0.3024579999999446,"failureMessages":[],"meta":{},"tags":[]},{"ancestorTitles":["buildCompareResponse"],"fullName":"buildCompareResponse builds six diff attributes for a known signal","status":"passed","title":"builds six diff attributes for a known signal","duration":1.6387080000000083,"failureMessages":[],"meta":{},"tags":[]},{"ancestorTitles":["buildCompareResponse"],"fullName":"buildCompareResponse handles a null-confidence signal without crashing (Unavailable)","status":"passed","title":"handles a null-confidence signal without crashing (Unavailable)","duration":0.7792089999999803,"failureMessages":[],"meta":{},"tags":[]},{"ancestorTitles":["buildDxMetricsResponse"],"fullName":"buildDxMetricsResponse falls back to seed data (3 variants, current=flow)","status":"passed","title":"falls back to seed data (3 variants, current=flow)","duration":0.1635830000000169,"failureMessages":[],"meta":{},"tags":[]},{"ancestorTitles":["buildHealthResponse"],"fullName":"buildHealthResponse reports ok with the Flow variant label","status":"passed","title":"reports ok with the Flow variant label","duration":0.07999999999998408,"failureMessages":[],"meta":{},"tags":[]}],"startTime":1782772130046,"endTime":1782772130050.1636,"status":"passed","message":"","name":"/Users/enzogivernaud/dev/dx-memory/packages/flow-data-access/src/services/services.test.ts"},{"assertionResults":[{"ancestorTitles":["compare deltas (before/after)"],"fullName":"compare deltas (before/after) classifies severity escalation as bad and de-escalation as good","status":"passed","title":"classifies severity escalation as bad and de-escalation as good","duration":0.7378339999999994,"failureMessages":[],"meta":{},"tags":[]},{"ancestorTitles":["compare deltas (before/after)"],"fullName":"compare deltas (before/after) classifies a rising risk score as bad","status":"passed","title":"classifies a rising risk score as bad","duration":0.1670000000000016,"failureMessages":[],"meta":{},"tags":[]},{"ancestorTitles":["compare deltas (before/after)"],"fullName":"compare deltas (before/after) classifies confidence by band","status":"passed","title":"classifies confidence by band","duration":0.14616699999999838,"failureMessages":[],"meta":{},"tags":[]},{"ancestorTitles":["compare deltas (before/after)"],"fullName":"compare deltas (before/after) classifies assignment changes","status":"passed","title":"classifies assignment changes","duration":0.0850420000000014,"failureMessages":[],"meta":{},"tags":[]}],"startTime":1782772130925,"endTime":1782772130926.167,"status":"passed","message":"","name":"/Users/enzogivernaud/dev/dx-memory/packages/flow-domain/src/compare/compare.test.ts"},{"assertionResults":[{"ancestorTitles":["computeKpiValues"],"fullName":"computeKpiValues counts open signals (excludes resolved/dismissed)","status":"passed","title":"counts open signals (excludes resolved/dismissed)","duration":0.7536249999999995,"failureMessages":[],"meta":{},"tags":[]},{"ancestorTitles":["computeKpiValues"],"fullName":"computeKpiValues counts open critical signals only","status":"passed","title":"counts open critical signals only","duration":0.125,"failureMessages":[],"meta":{},"tags":[]},{"ancestorTitles":["computeKpiValues"],"fullName":"computeKpiValues counts active incidents (excludes resolved)","status":"passed","title":"counts active incidents (excludes resolved)","duration":0.0647909999999996,"failureMessages":[],"meta":{},"tags":[]},{"ancestorTitles":["computeKpiValues"],"fullName":"computeKpiValues computes average qualification time over progressed signals","status":"passed","title":"computes average qualification time over progressed signals","duration":0.09504099999999482,"failureMessages":[],"meta":{},"tags":[]},{"ancestorTitles":["computeSeverityBreakdown"],"fullName":"computeSeverityBreakdown counts open signals per severity, critical-first","status":"passed","title":"counts open signals per severity, critical-first","duration":0.4370830000000012,"failureMessages":[],"meta":{},"tags":[]},{"ancestorTitles":["selectMostCritical"],"fullName":"selectMostCritical returns the highest-risk open critical/high signals","status":"passed","title":"returns the highest-risk open critical/high signals","duration":0.15166699999998912,"failureMessages":[],"meta":{},"tags":[]},{"ancestorTitles":["computeSignalsOverTime"],"fullName":"computeSignalsOverTime buckets signals into the trailing window, oldest first","status":"passed","title":"buckets signals into the trailing window, oldest first","duration":1.159916999999993,"failureMessages":[],"meta":{},"tags":[]}],"startTime":1782772130311,"endTime":1782772130314.16,"status":"passed","message":"","name":"/Users/enzogivernaud/dev/dx-memory/packages/flow-domain/src/dashboard/dashboard.test.ts"},{"assertionResults":[{"ancestorTitles":["incident formatting"],"fullName":"incident formatting formats statuses and impacts","status":"passed","title":"formats statuses and impacts","duration":0.6953749999999985,"failureMessages":[],"meta":{},"tags":[]},{"ancestorTitles":["incident formatting"],"fullName":"incident formatting treats anything not resolved as active","status":"passed","title":"treats anything not resolved as active","duration":0.1583750000000066,"failureMessages":[],"meta":{},"tags":[]},{"ancestorTitles":["computeIncidentSummary"],"fullName":"computeIncidentSummary counts active, critical-active, avg resolution and resolved-this-week","status":"passed","title":"counts active, critical-active, avg resolution and resolved-this-week","duration":0.15870900000000177,"failureMessages":[],"meta":{},"tags":[]}],"startTime":1782772130715,"endTime":1782772130716.1587,"status":"passed","message":"","name":"/Users/enzogivernaud/dev/dx-memory/packages/flow-domain/src/incidents/incidents.test.ts"},{"assertionResults":[{"ancestorTitles":["severity"],"fullName":"severity ranks critical above high above medium above low","status":"passed","title":"ranks critical above high above medium above low","duration":0.9190409999999929,"failureMessages":[],"meta":{},"tags":[]},{"ancestorTitles":["severity"],"fullName":"severity sorts severities critical-first with the descending comparator","status":"passed","title":"sorts severities critical-first with the descending comparator","duration":0.35095900000001734,"failureMessages":[],"meta":{},"tags":[]},{"ancestorTitles":["confidence"],"fullName":"confidence maps null to the \"Unavailable\" state without throwing","status":"passed","title":"maps null to the \"Unavailable\" state without throwing","duration":0.1459169999999972,"failureMessages":[],"meta":{},"tags":[]},{"ancestorTitles":["confidence"],"fullName":"confidence labels a null-confidence signal \"Unavailable\"","status":"passed","title":"labels a null-confidence signal \"Unavailable\"","duration":0.10345799999998917,"failureMessages":[],"meta":{},"tags":[]},{"ancestorTitles":["confidence"],"fullName":"confidence bands numeric confidence and clamps out-of-range values","status":"passed","title":"bands numeric confidence and clamps out-of-range values","duration":0.09800000000001319,"failureMessages":[],"meta":{},"tags":[]},{"ancestorTitles":["risk"],"fullName":"risk bands risk score by the reference thresholds","status":"passed","title":"bands risk score by the reference thresholds","duration":0.0762499999999875,"failureMessages":[],"meta":{},"tags":[]},{"ancestorTitles":["risk"],"fullName":"risk averages risk scores and returns 0 for an empty set","status":"passed","title":"averages risk scores and returns 0 for an empty set","duration":0.09991700000000492,"failureMessages":[],"meta":{},"tags":[]},{"ancestorTitles":["filters (combinable)"],"fullName":"filters (combinable) applies a single filter","status":"passed","title":"applies a single filter","duration":0.09591700000001424,"failureMessages":[],"meta":{},"tags":[]},{"ancestorTitles":["filters (combinable)"],"fullName":"filters (combinable) combines filters with AND semantics","status":"passed","title":"combines filters with AND semantics","duration":0.2938340000000039,"failureMessages":[],"meta":{},"tags":[]},{"ancestorTitles":["filters (combinable)"],"fullName":"filters (combinable) matches the \"Unassigned\" sentinel","status":"passed","title":"matches the \"Unassigned\" sentinel","duration":0.08091699999999946,"failureMessages":[],"meta":{},"tags":[]},{"ancestorTitles":["filters (combinable)"],"fullName":"filters (combinable) searches across title, id, source and assignee, case-insensitively","status":"passed","title":"searches across title, id, source and assignee, case-insensitively","duration":0.11887500000000273,"failureMessages":[],"meta":{},"tags":[]},{"ancestorTitles":["filters (combinable)"],"fullName":"filters (combinable) filters by ISO date range","status":"passed","title":"filters by ISO date range","duration":0.13683300000002419,"failureMessages":[],"meta":{},"tags":[]},{"ancestorTitles":["stable sort"],"fullName":"stable sort sorts by risk score descending with an id tiebreaker","status":"passed","title":"sorts by risk score descending with an id tiebreaker","duration":0.07920799999999417,"failureMessages":[],"meta":{},"tags":[]},{"ancestorTitles":["stable sort"],"fullName":"stable sort keeps null confidence at the bottom of a descending sort","status":"passed","title":"keeps null confidence at the bottom of a descending sort","duration":0.04275000000001228,"failureMessages":[],"meta":{},"tags":[]},{"ancestorTitles":["stable sort"],"fullName":"stable sort is deterministic across repeated calls (stable pagination)","status":"passed","title":"is deterministic across repeated calls (stable pagination)","duration":0.16791599999999107,"failureMessages":[],"meta":{},"tags":[]}],"startTime":1782772129267,"endTime":1782772129270.168,"status":"passed","message":"","name":"/Users/enzogivernaud/dev/dx-memory/packages/flow-domain/src/signals/signals.test.ts"},{"assertionResults":[{"ancestorTitles":["metric formatting"],"fullName":"metric formatting formats durations like the reference","status":"passed","title":"formats durations like the reference","duration":0.8931670000000054,"failureMessages":[],"meta":{},"tags":[]},{"ancestorTitles":["metric formatting"],"fullName":"metric formatting formats sizes, ms and counts with the right units","status":"passed","title":"formats sizes, ms and counts with the right units","duration":0.4121250000000032,"failureMessages":[],"meta":{},"tags":[]},{"ancestorTitles":["Build/Ship/Run/Change axis cards"],"fullName":"Build/Ship/Run/Change axis cards produces one card per axis with the right headline metric","status":"passed","title":"produces one card per axis with the right headline metric","duration":1.4550409999999943,"failureMessages":[],"meta":{},"tags":[]},{"ancestorTitles":["Build/Ship/Run/Change axis cards"],"fullName":"Build/Ship/Run/Change axis cards classifies the AI task outcome from the result","status":"passed","title":"classifies the AI task outcome from the result","duration":0.2600840000000062,"failureMessages":[],"meta":{},"tags":[]}],"startTime":1782772130018,"endTime":1782772130021.455,"status":"passed","message":"","name":"/Users/enzogivernaud/dev/dx-memory/packages/flow-domain/src/metrics/metrics.test.ts"},{"assertionResults":[{"ancestorTitles":["badges carry a text label (never color alone)"],"fullName":"badges carry a text label (never color alone) SeverityBadge renders the severity label","status":"failed","title":"SeverityBadge renders the severity label","duration":1.781374999999997,"failureMessages":["ReferenceError: document is not defined\n    at render (/Users/enzogivernaud/dev/dx-memory/node_modules/.pnpm/@testing-library+react@16.3.2_@testing-library+dom@10.4.1_@types+react-dom@19.2.3_@types+reac_ho3kzuk65palfid7ppa2ouw5rm/node_modules/@testing-library/react/dist/pure.js:256:5)\n    at /Users/enzogivernaud/dev/dx-memory/packages/flow-ui/src/badges/badges.test.tsx:11:5\n    at file:///Users/enzogivernaud/dev/dx-memory/node_modules/.pnpm/@vitest+runner@4.1.9/node_modules/@vitest/runner/dist/chunk-artifact.js:302:11\n    at file:///Users/enzogivernaud/dev/dx-memory/node_modules/.pnpm/@vitest+runner@4.1.9/node_modules/@vitest/runner/dist/chunk-artifact.js:1903:26\n    at file:///Users/enzogivernaud/dev/dx-memory/node_modules/.pnpm/@vitest+runner@4.1.9/node_modules/@vitest/runner/dist/chunk-artifact.js:2326:20\n    at new Promise (<anonymous>)\n    at runWithCancel (file:///Users/enzogivernaud/dev/dx-memory/node_modules/.pnpm/@vitest+runner@4.1.9/node_modules/@vitest/runner/dist/chunk-artifact.js:2323:10)\n    at file:///Users/enzogivernaud/dev/dx-memory/node_modules/.pnpm/@vitest+runner@4.1.9/node_modules/@vitest/runner/dist/chunk-artifact.js:2305:20\n    at new Promise (<anonymous>)\n    at runWithTimeout (file:///Users/enzogivernaud/dev/dx-memory/node_modules/.pnpm/@vitest+runner@4.1.9/node_modules/@vitest/runner/dist/chunk-artifact.js:2272:10)"],"meta":{},"tags":[]},{"ancestorTitles":["badges carry a text label (never color alone)"],"fullName":"badges carry a text label (never color alone) StatusBadge renders the status label","status":"failed","title":"StatusBadge renders the status label","duration":0.3573340000000087,"failureMessages":["ReferenceError: document is not defined\n    at render (/Users/enzogivernaud/dev/dx-memory/node_modules/.pnpm/@testing-library+react@16.3.2_@testing-library+dom@10.4.1_@types+react-dom@19.2.3_@types+reac_ho3kzuk65palfid7ppa2ouw5rm/node_modules/@testing-library/react/dist/pure.js:256:5)\n    at /Users/enzogivernaud/dev/dx-memory/packages/flow-ui/src/badges/badges.test.tsx:16:5\n    at file:///Users/enzogivernaud/dev/dx-memory/node_modules/.pnpm/@vitest+runner@4.1.9/node_modules/@vitest/runner/dist/chunk-artifact.js:302:11\n    at file:///Users/enzogivernaud/dev/dx-memory/node_modules/.pnpm/@vitest+runner@4.1.9/node_modules/@vitest/runner/dist/chunk-artifact.js:1903:26\n    at file:///Users/enzogivernaud/dev/dx-memory/node_modules/.pnpm/@vitest+runner@4.1.9/node_modules/@vitest/runner/dist/chunk-artifact.js:2326:20\n    at new Promise (<anonymous>)\n    at runWithCancel (file:///Users/enzogivernaud/dev/dx-memory/node_modules/.pnpm/@vitest+runner@4.1.9/node_modules/@vitest/runner/dist/chunk-artifact.js:2323:10)\n    at file:///Users/enzogivernaud/dev/dx-memory/node_modules/.pnpm/@vitest+runner@4.1.9/node_modules/@vitest/runner/dist/chunk-artifact.js:2305:20\n    at new Promise (<anonymous>)\n    at runWithTimeout (file:///Users/enzogivernaud/dev/dx-memory/node_modules/.pnpm/@vitest+runner@4.1.9/node_modules/@vitest/runner/dist/chunk-artifact.js:2272:10)"],"meta":{},"tags":[]},{"ancestorTitles":["badges carry a text label (never color alone)"],"fullName":"badges carry a text label (never color alone) ImpactBadge and IncidentStatusBadge render labels","status":"failed","title":"ImpactBadge and IncidentStatusBadge render labels","duration":0.14529200000001197,"failureMessages":["ReferenceError: document is not defined\n    at render (/Users/enzogivernaud/dev/dx-memory/node_modules/.pnpm/@testing-library+react@16.3.2_@testing-library+dom@10.4.1_@types+react-dom@19.2.3_@types+reac_ho3kzuk65palfid7ppa2ouw5rm/node_modules/@testing-library/react/dist/pure.js:256:5)\n    at /Users/enzogivernaud/dev/dx-memory/packages/flow-ui/src/badges/badges.test.tsx:21:5\n    at file:///Users/enzogivernaud/dev/dx-memory/node_modules/.pnpm/@vitest+runner@4.1.9/node_modules/@vitest/runner/dist/chunk-artifact.js:302:11\n    at file:///Users/enzogivernaud/dev/dx-memory/node_modules/.pnpm/@vitest+runner@4.1.9/node_modules/@vitest/runner/dist/chunk-artifact.js:1903:26\n    at file:///Users/enzogivernaud/dev/dx-memory/node_modules/.pnpm/@vitest+runner@4.1.9/node_modules/@vitest/runner/dist/chunk-artifact.js:2326:20\n    at new Promise (<anonymous>)\n    at runWithCancel (file:///Users/enzogivernaud/dev/dx-memory/node_modules/.pnpm/@vitest+runner@4.1.9/node_modules/@vitest/runner/dist/chunk-artifact.js:2323:10)\n    at file:///Users/enzogivernaud/dev/dx-memory/node_modules/.pnpm/@vitest+runner@4.1.9/node_modules/@vitest/runner/dist/chunk-artifact.js:2305:20\n    at new Promise (<anonymous>)\n    at runWithTimeout (file:///Users/enzogivernaud/dev/dx-memory/node_modules/.pnpm/@vitest+runner@4.1.9/node_modules/@vitest/runner/dist/chunk-artifact.js:2272:10)"],"meta":{},"tags":[]},{"ancestorTitles":["badges carry a text label (never color alone)"],"fullName":"badges carry a text label (never color alone) VariantBadge shows the variant label","status":"failed","title":"VariantBadge shows the variant label","duration":0.17420800000002146,"failureMessages":["ReferenceError: document is not defined\n    at render (/Users/enzogivernaud/dev/dx-memory/node_modules/.pnpm/@testing-library+react@16.3.2_@testing-library+dom@10.4.1_@types+react-dom@19.2.3_@types+reac_ho3kzuk65palfid7ppa2ouw5rm/node_modules/@testing-library/react/dist/pure.js:256:5)\n    at /Users/enzogivernaud/dev/dx-memory/packages/flow-ui/src/badges/badges.test.tsx:28:5\n    at file:///Users/enzogivernaud/dev/dx-memory/node_modules/.pnpm/@vitest+runner@4.1.9/node_modules/@vitest/runner/dist/chunk-artifact.js:302:11\n    at file:///Users/enzogivernaud/dev/dx-memory/node_modules/.pnpm/@vitest+runner@4.1.9/node_modules/@vitest/runner/dist/chunk-artifact.js:1903:26\n    at file:///Users/enzogivernaud/dev/dx-memory/node_modules/.pnpm/@vitest+runner@4.1.9/node_modules/@vitest/runner/dist/chunk-artifact.js:2326:20\n    at new Promise (<anonymous>)\n    at runWithCancel (file:///Users/enzogivernaud/dev/dx-memory/node_modules/.pnpm/@vitest+runner@4.1.9/node_modules/@vitest/runner/dist/chunk-artifact.js:2323:10)\n    at file:///Users/enzogivernaud/dev/dx-memory/node_modules/.pnpm/@vitest+runner@4.1.9/node_modules/@vitest/runner/dist/chunk-artifact.js:2305:20\n    at new Promise (<anonymous>)\n    at runWithTimeout (file:///Users/enzogivernaud/dev/dx-memory/node_modules/.pnpm/@vitest+runner@4.1.9/node_modules/@vitest/runner/dist/chunk-artifact.js:2272:10)"],"meta":{},"tags":[]},{"ancestorTitles":["ConfidenceDisplay handles null"],"fullName":"ConfidenceDisplay handles null shows \"Unavailable\" in table mode for null confidence","status":"failed","title":"shows \"Unavailable\" in table mode for null confidence","duration":0.12370800000002191,"failureMessages":["ReferenceError: document is not defined\n    at render (/Users/enzogivernaud/dev/dx-memory/node_modules/.pnpm/@testing-library+react@16.3.2_@testing-library+dom@10.4.1_@types+react-dom@19.2.3_@types+reac_ho3kzuk65palfid7ppa2ouw5rm/node_modules/@testing-library/react/dist/pure.js:256:5)\n    at /Users/enzogivernaud/dev/dx-memory/packages/flow-ui/src/badges/badges.test.tsx:35:5\n    at file:///Users/enzogivernaud/dev/dx-memory/node_modules/.pnpm/@vitest+runner@4.1.9/node_modules/@vitest/runner/dist/chunk-artifact.js:302:11\n    at file:///Users/enzogivernaud/dev/dx-memory/node_modules/.pnpm/@vitest+runner@4.1.9/node_modules/@vitest/runner/dist/chunk-artifact.js:1903:26\n    at file:///Users/enzogivernaud/dev/dx-memory/node_modules/.pnpm/@vitest+runner@4.1.9/node_modules/@vitest/runner/dist/chunk-artifact.js:2326:20\n    at new Promise (<anonymous>)\n    at runWithCancel (file:///Users/enzogivernaud/dev/dx-memory/node_modules/.pnpm/@vitest+runner@4.1.9/node_modules/@vitest/runner/dist/chunk-artifact.js:2323:10)\n    at file:///Users/enzogivernaud/dev/dx-memory/node_modules/.pnpm/@vitest+runner@4.1.9/node_modules/@vitest/runner/dist/chunk-artifact.js:2305:20\n    at new Promise (<anonymous>)\n    at runWithTimeout (file:///Users/enzogivernaud/dev/dx-memory/node_modules/.pnpm/@vitest+runner@4.1.9/node_modules/@vitest/runner/dist/chunk-artifact.js:2272:10)"],"meta":{},"tags":[]},{"ancestorTitles":["ConfidenceDisplay handles null"],"fullName":"ConfidenceDisplay handles null shows the full \"Confidence unavailable.\" sentence in detail mode","status":"failed","title":"shows the full \"Confidence unavailable.\" sentence in detail mode","duration":0.15775000000002137,"failureMessages":["ReferenceError: document is not defined\n    at render (/Users/enzogivernaud/dev/dx-memory/node_modules/.pnpm/@testing-library+react@16.3.2_@testing-library+dom@10.4.1_@types+react-dom@19.2.3_@types+reac_ho3kzuk65palfid7ppa2ouw5rm/node_modules/@testing-library/react/dist/pure.js:256:5)\n    at /Users/enzogivernaud/dev/dx-memory/packages/flow-ui/src/badges/badges.test.tsx:40:5\n    at file:///Users/enzogivernaud/dev/dx-memory/node_modules/.pnpm/@vitest+runner@4.1.9/node_modules/@vitest/runner/dist/chunk-artifact.js:302:11\n    at file:///Users/enzogivernaud/dev/dx-memory/node_modules/.pnpm/@vitest+runner@4.1.9/node_modules/@vitest/runner/dist/chunk-artifact.js:1903:26\n    at file:///Users/enzogivernaud/dev/dx-memory/node_modules/.pnpm/@vitest+runner@4.1.9/node_modules/@vitest/runner/dist/chunk-artifact.js:2326:20\n    at new Promise (<anonymous>)\n    at runWithCancel (file:///Users/enzogivernaud/dev/dx-memory/node_modules/.pnpm/@vitest+runner@4.1.9/node_modules/@vitest/runner/dist/chunk-artifact.js:2323:10)\n    at file:///Users/enzogivernaud/dev/dx-memory/node_modules/.pnpm/@vitest+runner@4.1.9/node_modules/@vitest/runner/dist/chunk-artifact.js:2305:20\n    at new Promise (<anonymous>)\n    at runWithTimeout (file:///Users/enzogivernaud/dev/dx-memory/node_modules/.pnpm/@vitest+runner@4.1.9/node_modules/@vitest/runner/dist/chunk-artifact.js:2272:10)"],"meta":{},"tags":[]},{"ancestorTitles":["ConfidenceDisplay handles null"],"fullName":"ConfidenceDisplay handles null bands numeric confidence into a label","status":"failed","title":"bands numeric confidence into a label","duration":0.15270899999998733,"failureMessages":["ReferenceError: document is not defined\n    at render (/Users/enzogivernaud/dev/dx-memory/node_modules/.pnpm/@testing-library+react@16.3.2_@testing-library+dom@10.4.1_@types+react-dom@19.2.3_@types+reac_ho3kzuk65palfid7ppa2ouw5rm/node_modules/@testing-library/react/dist/pure.js:256:5)\n    at /Users/enzogivernaud/dev/dx-memory/packages/flow-ui/src/badges/badges.test.tsx:45:5\n    at file:///Users/enzogivernaud/dev/dx-memory/node_modules/.pnpm/@vitest+runner@4.1.9/node_modules/@vitest/runner/dist/chunk-artifact.js:302:11\n    at file:///Users/enzogivernaud/dev/dx-memory/node_modules/.pnpm/@vitest+runner@4.1.9/node_modules/@vitest/runner/dist/chunk-artifact.js:1903:26\n    at file:///Users/enzogivernaud/dev/dx-memory/node_modules/.pnpm/@vitest+runner@4.1.9/node_modules/@vitest/runner/dist/chunk-artifact.js:2326:20\n    at new Promise (<anonymous>)\n    at runWithCancel (file:///Users/enzogivernaud/dev/dx-memory/node_modules/.pnpm/@vitest+runner@4.1.9/node_modules/@vitest/runner/dist/chunk-artifact.js:2323:10)\n    at file:///Users/enzogivernaud/dev/dx-memory/node_modules/.pnpm/@vitest+runner@4.1.9/node_modules/@vitest/runner/dist/chunk-artifact.js:2305:20\n    at new Promise (<anonymous>)\n    at runWithTimeout (file:///Users/enzogivernaud/dev/dx-memory/node_modules/.pnpm/@vitest+runner@4.1.9/node_modules/@vitest/runner/dist/chunk-artifact.js:2272:10)"],"meta":{},"tags":[]}],"startTime":1782772130269,"endTime":1782772130272.1743,"status":"failed","message":"","name":"/Users/enzogivernaud/dev/dx-memory/packages/flow-ui/src/badges/badges.test.tsx"},{"assertionResults":[{"ancestorTitles":["ComparePanel"],"fullName":"ComparePanel renders severity values as badges and shows delta + no-change rows","status":"failed","title":"renders severity values as badges and shows delta + no-change rows","duration":1.7092079999999896,"failureMessages":["ReferenceError: document is not defined\n    at render (/Users/enzogivernaud/dev/dx-memory/node_modules/.pnpm/@testing-library+react@16.3.2_@testing-library+dom@10.4.1_@types+react-dom@19.2.3_@types+reac_ho3kzuk65palfid7ppa2ouw5rm/node_modules/@testing-library/react/dist/pure.js:256:5)\n    at /Users/enzogivernaud/dev/dx-memory/packages/flow-ui/src/compare/compare.test.tsx:20:5\n    at file:///Users/enzogivernaud/dev/dx-memory/node_modules/.pnpm/@vitest+runner@4.1.9/node_modules/@vitest/runner/dist/chunk-artifact.js:302:11\n    at file:///Users/enzogivernaud/dev/dx-memory/node_modules/.pnpm/@vitest+runner@4.1.9/node_modules/@vitest/runner/dist/chunk-artifact.js:1903:26\n    at file:///Users/enzogivernaud/dev/dx-memory/node_modules/.pnpm/@vitest+runner@4.1.9/node_modules/@vitest/runner/dist/chunk-artifact.js:2326:20\n    at new Promise (<anonymous>)\n    at runWithCancel (file:///Users/enzogivernaud/dev/dx-memory/node_modules/.pnpm/@vitest+runner@4.1.9/node_modules/@vitest/runner/dist/chunk-artifact.js:2323:10)\n    at file:///Users/enzogivernaud/dev/dx-memory/node_modules/.pnpm/@vitest+runner@4.1.9/node_modules/@vitest/runner/dist/chunk-artifact.js:2305:20\n    at new Promise (<anonymous>)\n    at runWithTimeout (file:///Users/enzogivernaud/dev/dx-memory/node_modules/.pnpm/@vitest+runner@4.1.9/node_modules/@vitest/runner/dist/chunk-artifact.js:2272:10)"],"meta":{},"tags":[]}],"startTime":1782772131291,"endTime":1782772131292.7092,"status":"failed","message":"","name":"/Users/enzogivernaud/dev/dx-memory/packages/flow-ui/src/compare/compare.test.tsx"},{"assertionResults":[{"ancestorTitles":["EmptyState"],"fullName":"EmptyState shows the canonical empty message by default","status":"failed","title":"shows the canonical empty message by default","duration":1.781833000000006,"failureMessages":["ReferenceError: document is not defined\n    at render (/Users/enzogivernaud/dev/dx-memory/node_modules/.pnpm/@testing-library+react@16.3.2_@testing-library+dom@10.4.1_@types+react-dom@19.2.3_@types+reac_ho3kzuk65palfid7ppa2ouw5rm/node_modules/@testing-library/react/dist/pure.js:256:5)\n    at /Users/enzogivernaud/dev/dx-memory/packages/flow-ui/src/states/states.test.tsx:9:5\n    at file:///Users/enzogivernaud/dev/dx-memory/node_modules/.pnpm/@vitest+runner@4.1.9/node_modules/@vitest/runner/dist/chunk-artifact.js:302:11\n    at file:///Users/enzogivernaud/dev/dx-memory/node_modules/.pnpm/@vitest+runner@4.1.9/node_modules/@vitest/runner/dist/chunk-artifact.js:1903:26\n    at file:///Users/enzogivernaud/dev/dx-memory/node_modules/.pnpm/@vitest+runner@4.1.9/node_modules/@vitest/runner/dist/chunk-artifact.js:2326:20\n    at new Promise (<anonymous>)\n    at runWithCancel (file:///Users/enzogivernaud/dev/dx-memory/node_modules/.pnpm/@vitest+runner@4.1.9/node_modules/@vitest/runner/dist/chunk-artifact.js:2323:10)\n    at file:///Users/enzogivernaud/dev/dx-memory/node_modules/.pnpm/@vitest+runner@4.1.9/node_modules/@vitest/runner/dist/chunk-artifact.js:2305:20\n    at new Promise (<anonymous>)\n    at runWithTimeout (file:///Users/enzogivernaud/dev/dx-memory/node_modules/.pnpm/@vitest+runner@4.1.9/node_modules/@vitest/runner/dist/chunk-artifact.js:2272:10)"],"meta":{},"tags":[]},{"ancestorTitles":["EmptyState"],"fullName":"EmptyState accepts a custom message","status":"failed","title":"accepts a custom message","duration":0.35745799999999406,"failureMessages":["ReferenceError: document is not defined\n    at render (/Users/enzogivernaud/dev/dx-memory/node_modules/.pnpm/@testing-library+react@16.3.2_@testing-library+dom@10.4.1_@types+react-dom@19.2.3_@types+reac_ho3kzuk65palfid7ppa2ouw5rm/node_modules/@testing-library/react/dist/pure.js:256:5)\n    at /Users/enzogivernaud/dev/dx-memory/packages/flow-ui/src/states/states.test.tsx:14:5\n    at file:///Users/enzogivernaud/dev/dx-memory/node_modules/.pnpm/@vitest+runner@4.1.9/node_modules/@vitest/runner/dist/chunk-artifact.js:302:11\n    at file:///Users/enzogivernaud/dev/dx-memory/node_modules/.pnpm/@vitest+runner@4.1.9/node_modules/@vitest/runner/dist/chunk-artifact.js:1903:26\n    at file:///Users/enzogivernaud/dev/dx-memory/node_modules/.pnpm/@vitest+runner@4.1.9/node_modules/@vitest/runner/dist/chunk-artifact.js:2326:20\n    at new Promise (<anonymous>)\n    at runWithCancel (file:///Users/enzogivernaud/dev/dx-memory/node_modules/.pnpm/@vitest+runner@4.1.9/node_modules/@vitest/runner/dist/chunk-artifact.js:2323:10)\n    at file:///Users/enzogivernaud/dev/dx-memory/node_modules/.pnpm/@vitest+runner@4.1.9/node_modules/@vitest/runner/dist/chunk-artifact.js:2305:20\n    at new Promise (<anonymous>)\n    at runWithTimeout (file:///Users/enzogivernaud/dev/dx-memory/node_modules/.pnpm/@vitest+runner@4.1.9/node_modules/@vitest/runner/dist/chunk-artifact.js:2272:10)"],"meta":{},"tags":[]},{"ancestorTitles":["ErrorState"],"fullName":"ErrorState renders the request id and fires retry","status":"failed","title":"renders the request id and fires retry","duration":0.31895900000000665,"failureMessages":["ReferenceError: document is not defined\n    at render (/Users/enzogivernaud/dev/dx-memory/node_modules/.pnpm/@testing-library+react@16.3.2_@testing-library+dom@10.4.1_@types+react-dom@19.2.3_@types+reac_ho3kzuk65palfid7ppa2ouw5rm/node_modules/@testing-library/react/dist/pure.js:256:5)\n    at /Users/enzogivernaud/dev/dx-memory/packages/flow-ui/src/states/states.test.tsx:22:5\n    at file:///Users/enzogivernaud/dev/dx-memory/node_modules/.pnpm/@vitest+runner@4.1.9/node_modules/@vitest/runner/dist/chunk-artifact.js:302:11\n    at file:///Users/enzogivernaud/dev/dx-memory/node_modules/.pnpm/@vitest+runner@4.1.9/node_modules/@vitest/runner/dist/chunk-artifact.js:1903:26\n    at file:///Users/enzogivernaud/dev/dx-memory/node_modules/.pnpm/@vitest+runner@4.1.9/node_modules/@vitest/runner/dist/chunk-artifact.js:2326:20\n    at new Promise (<anonymous>)\n    at runWithCancel (file:///Users/enzogivernaud/dev/dx-memory/node_modules/.pnpm/@vitest+runner@4.1.9/node_modules/@vitest/runner/dist/chunk-artifact.js:2323:10)\n    at file:///Users/enzogivernaud/dev/dx-memory/node_modules/.pnpm/@vitest+runner@4.1.9/node_modules/@vitest/runner/dist/chunk-artifact.js:2305:20\n    at new Promise (<anonymous>)\n    at runWithTimeout (file:///Users/enzogivernaud/dev/dx-memory/node_modules/.pnpm/@vitest+runner@4.1.9/node_modules/@vitest/runner/dist/chunk-artifact.js:2272:10)"],"meta":{},"tags":[]},{"ancestorTitles":["PartialError"],"fullName":"PartialError shows the canonical partial-error microcopy with Retry","status":"failed","title":"shows the canonical partial-error microcopy with Retry","duration":0.18925000000000125,"failureMessages":["ReferenceError: document is not defined\n    at render (/Users/enzogivernaud/dev/dx-memory/node_modules/.pnpm/@testing-library+react@16.3.2_@testing-library+dom@10.4.1_@types+react-dom@19.2.3_@types+reac_ho3kzuk65palfid7ppa2ouw5rm/node_modules/@testing-library/react/dist/pure.js:256:5)\n    at /Users/enzogivernaud/dev/dx-memory/packages/flow-ui/src/states/states.test.tsx:32:5\n    at file:///Users/enzogivernaud/dev/dx-memory/node_modules/.pnpm/@vitest+runner@4.1.9/node_modules/@vitest/runner/dist/chunk-artifact.js:302:11\n    at file:///Users/enzogivernaud/dev/dx-memory/node_modules/.pnpm/@vitest+runner@4.1.9/node_modules/@vitest/runner/dist/chunk-artifact.js:1903:26\n    at file:///Users/enzogivernaud/dev/dx-memory/node_modules/.pnpm/@vitest+runner@4.1.9/node_modules/@vitest/runner/dist/chunk-artifact.js:2326:20\n    at new Promise (<anonymous>)\n    at runWithCancel (file:///Users/enzogivernaud/dev/dx-memory/node_modules/.pnpm/@vitest+runner@4.1.9/node_modules/@vitest/runner/dist/chunk-artifact.js:2323:10)\n    at file:///Users/enzogivernaud/dev/dx-memory/node_modules/.pnpm/@vitest+runner@4.1.9/node_modules/@vitest/runner/dist/chunk-artifact.js:2305:20\n    at new Promise (<anonymous>)\n    at runWithTimeout (file:///Users/enzogivernaud/dev/dx-memory/node_modules/.pnpm/@vitest+runner@4.1.9/node_modules/@vitest/runner/dist/chunk-artifact.js:2272:10)"],"meta":{},"tags":[]}],"startTime":1782772130880,"endTime":1782772130883.3188,"status":"failed","message":"","name":"/Users/enzogivernaud/dev/dx-memory/packages/flow-ui/src/states/states.test.tsx"},{"assertionResults":[{"ancestorTitles":["SettingsScreen"],"fullName":"SettingsScreen renders the variant identity and the feature flags","status":"failed","title":"renders the variant identity and the feature flags","duration":2.291415999999998,"failureMessages":["ReferenceError: document is not defined\n    at render (/Users/enzogivernaud/dev/dx-memory/node_modules/.pnpm/@testing-library+react@16.3.2_@testing-library+dom@10.4.1_@types+react-dom@19.2.3_@types+reac_ho3kzuk65palfid7ppa2ouw5rm/node_modules/@testing-library/react/dist/pure.js:256:5)\n    at /Users/enzogivernaud/dev/dx-memory/apps/flow-app/src/features/settings/SettingsScreen.test.tsx:34:5\n    at file:///Users/enzogivernaud/dev/dx-memory/node_modules/.pnpm/@vitest+runner@4.1.9/node_modules/@vitest/runner/dist/chunk-artifact.js:302:11\n    at file:///Users/enzogivernaud/dev/dx-memory/node_modules/.pnpm/@vitest+runner@4.1.9/node_modules/@vitest/runner/dist/chunk-artifact.js:1903:26\n    at file:///Users/enzogivernaud/dev/dx-memory/node_modules/.pnpm/@vitest+runner@4.1.9/node_modules/@vitest/runner/dist/chunk-artifact.js:2326:20\n    at new Promise (<anonymous>)\n    at runWithCancel (file:///Users/enzogivernaud/dev/dx-memory/node_modules/.pnpm/@vitest+runner@4.1.9/node_modules/@vitest/runner/dist/chunk-artifact.js:2323:10)\n    at file:///Users/enzogivernaud/dev/dx-memory/node_modules/.pnpm/@vitest+runner@4.1.9/node_modules/@vitest/runner/dist/chunk-artifact.js:2305:20\n    at new Promise (<anonymous>)\n    at runWithTimeout (file:///Users/enzogivernaud/dev/dx-memory/node_modules/.pnpm/@vitest+runner@4.1.9/node_modules/@vitest/runner/dist/chunk-artifact.js:2272:10)"],"meta":{},"tags":[]}],"startTime":1782772131173,"endTime":1782772131175.2915,"status":"failed","message":"","name":"/Users/enzogivernaud/dev/dx-memory/apps/flow-app/src/features/settings/SettingsScreen.test.tsx"}]}