{"numTotalTestSuites":82,"numPassedTestSuites":82,"numFailedTestSuites":0,"numPendingTestSuites":0,"numTotalTests":127,"numPassedTests":127,"numFailedTests":0,"numPendingTests":0,"numTodoTests":0,"snapshot":{"added":0,"failure":false,"filesAdded":0,"filesRemoved":0,"filesRemovedList":[],"filesUnmatched":0,"filesUpdated":0,"matched":0,"total":0,"unchecked":0,"uncheckedKeysByFile":[],"unmatched":0,"updated":0,"didUpdate":false},"startTime":1782811074288,"success":true,"testResults":[{"assertionResults":[{"ancestorTitles":["toQueryString"],"fullName":"toQueryString builds a query string and drops empty/undefined values","status":"passed","title":"builds a query string and drops empty/undefined values","duration":1.4471659999999247,"failureMessages":[],"meta":{},"tags":[]},{"ancestorTitles":["toQueryString"],"fullName":"toQueryString returns an empty string when there is nothing to encode","status":"passed","title":"returns an empty string when there is nothing to encode","duration":0.25454100000001745,"failureMessages":[],"meta":{},"tags":[]},{"ancestorTitles":["toQueryString"],"fullName":"toQueryString coerces numbers","status":"passed","title":"coerces numbers","duration":0.2750829999999951,"failureMessages":[],"meta":{},"tags":[]},{"ancestorTitles":["apiGet error handling"],"fullName":"apiGet error handling throws ApiRequestError carrying the ApiError envelope on a non-2xx response","status":"passed","title":"throws ApiRequestError carrying the ApiError envelope on a non-2xx response","duration":1.5352500000001328,"failureMessages":[],"meta":{},"tags":[]},{"ancestorTitles":["demo controls"],"fullName":"demo controls rejects data requests with a simulated ApiRequestError when forceError is on (no fetch)","status":"passed","title":"rejects data requests with a simulated ApiRequestError when forceError is on (no fetch)","duration":1.5318340000001172,"failureMessages":[],"meta":{},"tags":[]},{"ancestorTitles":["demo controls"],"fullName":"demo controls exempts /api/health from the forced error so the app shell stays usable","status":"passed","title":"exempts /api/health from the forced error so the app shell stays usable","duration":1.4329999999999927,"failureMessages":[],"meta":{},"tags":[]}],"startTime":1782811075723,"endTime":1782811075730.433,"status":"passed","message":"","name":"/Users/enzogivernaud/dev/dx-memory/packages/flow/api-client/src/client.test.ts"},{"assertionResults":[{"ancestorTitles":["dashboardToJson"],"fullName":"dashboardToJson exports KPIs, most-critical signals and recent incidents as JSON","status":"passed","title":"exports KPIs, most-critical signals and recent incidents as JSON","duration":1.0641669999999976,"failureMessages":[],"meta":{},"tags":[]}],"startTime":1782811076234,"endTime":1782811076235.0642,"status":"passed","message":"","name":"/Users/enzogivernaud/dev/dx-memory/packages/flow/feature-dashboard/src/export.test.ts"},{"assertionResults":[{"ancestorTitles":["SettingsScreen demo controls"],"fullName":"SettingsScreen demo controls shows the variant environment block","status":"passed","title":"shows the variant environment block","duration":33.34058300000015,"failureMessages":[],"meta":{},"tags":[]},{"ancestorTitles":["SettingsScreen demo controls"],"fullName":"SettingsScreen demo controls toggling \"Simulate API error\" flips the control and shows a banner","status":"passed","title":"toggling \"Simulate API error\" flips the control and shows a banner","duration":71.49829199999999,"failureMessages":[],"meta":{},"tags":[]},{"ancestorTitles":["SettingsScreen demo controls"],"fullName":"SettingsScreen demo controls \"Reset demo state\" clears the simulation and confirms","status":"passed","title":"\"Reset demo state\" clears the simulation and confirms","duration":82.44620800000007,"failureMessages":[],"meta":{},"tags":[]}],"startTime":1782811077163,"endTime":1782811077350.4463,"status":"passed","message":"","name":"/Users/enzogivernaud/dev/dx-memory/packages/flow/feature-settings/src/SettingsScreen.test.tsx"},{"assertionResults":[{"ancestorTitles":["dxMetricsToCsv"],"fullName":"dxMetricsToCsv emits a header row with each variant","status":"passed","title":"emits a header row with each variant","duration":0.7171249999998963,"failureMessages":[],"meta":{},"tags":[]},{"ancestorTitles":["dxMetricsToCsv"],"fullName":"dxMetricsToCsv emits one row per metric with the variant values","status":"passed","title":"emits one row per metric with the variant values","duration":0.21820800000000418,"failureMessages":[],"meta":{},"tags":[]},{"ancestorTitles":["dxMetricsToJson"],"fullName":"dxMetricsToJson round-trips the response as pretty JSON","status":"passed","title":"round-trips the response as pretty JSON","duration":0.5197920000000522,"failureMessages":[],"meta":{},"tags":[]}],"startTime":1782811077840,"endTime":1782811077841.5198,"status":"passed","message":"","name":"/Users/enzogivernaud/dev/dx-memory/packages/flow/feature-dx-metrics/src/export.test.ts"},{"assertionResults":[{"ancestorTitles":["computeKpiValues"],"fullName":"computeKpiValues counts open signals (excludes resolved/dismissed)","status":"passed","title":"counts open signals (excludes resolved/dismissed)","duration":1.3379169999999476,"failureMessages":[],"meta":{},"tags":[]},{"ancestorTitles":["computeKpiValues"],"fullName":"computeKpiValues counts open critical signals only","status":"passed","title":"counts open critical signals only","duration":0.46379199999995535,"failureMessages":[],"meta":{},"tags":[]},{"ancestorTitles":["computeKpiValues"],"fullName":"computeKpiValues counts active incidents (excludes resolved)","status":"passed","title":"counts active incidents (excludes resolved)","duration":0.21258399999999256,"failureMessages":[],"meta":{},"tags":[]},{"ancestorTitles":["computeKpiValues"],"fullName":"computeKpiValues computes average qualification time over progressed signals","status":"passed","title":"computes average qualification time over progressed signals","duration":0.27845800000000054,"failureMessages":[],"meta":{},"tags":[]},{"ancestorTitles":["computeSeverityBreakdown"],"fullName":"computeSeverityBreakdown counts open signals per severity, critical-first","status":"passed","title":"counts open signals per severity, critical-first","duration":0.894375000000025,"failureMessages":[],"meta":{},"tags":[]},{"ancestorTitles":["selectMostCritical"],"fullName":"selectMostCritical returns the highest-risk open critical/high signals","status":"passed","title":"returns the highest-risk open critical/high signals","duration":0.15316699999999628,"failureMessages":[],"meta":{},"tags":[]},{"ancestorTitles":["computeSignalsOverTime"],"fullName":"computeSignalsOverTime buckets signals into the trailing window, oldest first","status":"passed","title":"buckets signals into the trailing window, oldest first","duration":3.834165999999982,"failureMessages":[],"meta":{},"tags":[]}],"startTime":1782811075156,"endTime":1782811075163.8342,"status":"passed","message":"","name":"/Users/enzogivernaud/dev/dx-memory/packages/flow/domain/src/dashboard/dashboard.test.ts"},{"assertionResults":[{"ancestorTitles":["date formatting"],"fullName":"date formatting formats an ISO timestamp as \"Mon D, HH:MM\" in UTC","status":"passed","title":"formats an ISO timestamp as \"Mon D, HH:MM\" in UTC","duration":0.8434579999999983,"failureMessages":[],"meta":{},"tags":[]},{"ancestorTitles":["date formatting"],"fullName":"date formatting pads hours and minutes","status":"passed","title":"pads hours and minutes","duration":0.13795799999999758,"failureMessages":[],"meta":{},"tags":[]},{"ancestorTitles":["date formatting"],"fullName":"date formatting formats a date-only string","status":"passed","title":"formats a date-only string","duration":0.07991599999999721,"failureMessages":[],"meta":{},"tags":[]},{"ancestorTitles":["date formatting"],"fullName":"date formatting returns an em dash for invalid input","status":"passed","title":"returns an em dash for invalid input","duration":0.1233749999999958,"failureMessages":[],"meta":{},"tags":[]}],"startTime":1782811075839,"endTime":1782811075840.1233,"status":"passed","message":"","name":"/Users/enzogivernaud/dev/dx-memory/packages/flow/domain/src/format/date.test.ts"},{"assertionResults":[{"ancestorTitles":["metric formatting"],"fullName":"metric formatting formats durations like the reference","status":"passed","title":"formats durations like the reference","duration":1.5150409999999965,"failureMessages":[],"meta":{},"tags":[]},{"ancestorTitles":["metric formatting"],"fullName":"metric formatting formats sizes, ms and counts with the right units","status":"passed","title":"formats sizes, ms and counts with the right units","duration":0.2144580000000076,"failureMessages":[],"meta":{},"tags":[]},{"ancestorTitles":["Build/Ship/Run/Change axis cards"],"fullName":"Build/Ship/Run/Change axis cards produces one card per axis with the right headline metric","status":"passed","title":"produces one card per axis with the right headline metric","duration":0.7168749999999875,"failureMessages":[],"meta":{},"tags":[]},{"ancestorTitles":["Build/Ship/Run/Change axis cards"],"fullName":"Build/Ship/Run/Change axis cards classifies the AI task outcome from the result","status":"passed","title":"classifies the AI task outcome from the result","duration":0.10112499999999613,"failureMessages":[],"meta":{},"tags":[]}],"startTime":1782811075764,"endTime":1782811075766.7168,"status":"passed","message":"","name":"/Users/enzogivernaud/dev/dx-memory/packages/flow/domain/src/metrics/metrics.test.ts"},{"assertionResults":[{"ancestorTitles":["compare deltas (before/after)"],"fullName":"compare deltas (before/after) classifies severity escalation as bad and de-escalation as good","status":"passed","title":"classifies severity escalation as bad and de-escalation as good","duration":0.8557500000000005,"failureMessages":[],"meta":{},"tags":[]},{"ancestorTitles":["compare deltas (before/after)"],"fullName":"compare deltas (before/after) classifies a rising risk score as bad","status":"passed","title":"classifies a rising risk score as bad","duration":0.3070419999999956,"failureMessages":[],"meta":{},"tags":[]},{"ancestorTitles":["compare deltas (before/after)"],"fullName":"compare deltas (before/after) classifies confidence by band","status":"passed","title":"classifies confidence by band","duration":0.22337500000000432,"failureMessages":[],"meta":{},"tags":[]},{"ancestorTitles":["compare deltas (before/after)"],"fullName":"compare deltas (before/after) classifies assignment changes","status":"passed","title":"classifies assignment changes","duration":0.10029199999999605,"failureMessages":[],"meta":{},"tags":[]}],"startTime":1782811075172,"endTime":1782811075174.2234,"status":"passed","message":"","name":"/Users/enzogivernaud/dev/dx-memory/packages/flow/domain/src/compare/compare.test.ts"},{"assertionResults":[{"ancestorTitles":["severity"],"fullName":"severity ranks critical above high above medium above low","status":"passed","title":"ranks critical above high above medium above low","duration":1.2012499999999875,"failureMessages":[],"meta":{},"tags":[]},{"ancestorTitles":["severity"],"fullName":"severity sorts severities critical-first with the descending comparator","status":"passed","title":"sorts severities critical-first with the descending comparator","duration":0.4603749999999991,"failureMessages":[],"meta":{},"tags":[]},{"ancestorTitles":["confidence"],"fullName":"confidence maps null to the \"Unavailable\" state without throwing","status":"passed","title":"maps null to the \"Unavailable\" state without throwing","duration":0.25695799999999736,"failureMessages":[],"meta":{},"tags":[]},{"ancestorTitles":["confidence"],"fullName":"confidence labels a null-confidence signal \"Unavailable\"","status":"passed","title":"labels a null-confidence signal \"Unavailable\"","duration":0.20808300000001623,"failureMessages":[],"meta":{},"tags":[]},{"ancestorTitles":["confidence"],"fullName":"confidence bands numeric confidence and clamps out-of-range values","status":"passed","title":"bands numeric confidence and clamps out-of-range values","duration":0.35845800000001304,"failureMessages":[],"meta":{},"tags":[]},{"ancestorTitles":["risk"],"fullName":"risk bands risk score by the reference thresholds","status":"passed","title":"bands risk score by the reference thresholds","duration":0.44941599999998516,"failureMessages":[],"meta":{},"tags":[]},{"ancestorTitles":["risk"],"fullName":"risk averages risk scores and returns 0 for an empty set","status":"passed","title":"averages risk scores and returns 0 for an empty set","duration":0.15237500000000637,"failureMessages":[],"meta":{},"tags":[]},{"ancestorTitles":["filters (combinable)"],"fullName":"filters (combinable) applies a single filter","status":"passed","title":"applies a single filter","duration":0.12562499999998522,"failureMessages":[],"meta":{},"tags":[]},{"ancestorTitles":["filters (combinable)"],"fullName":"filters (combinable) combines filters with AND semantics","status":"passed","title":"combines filters with AND semantics","duration":1.3060419999999908,"failureMessages":[],"meta":{},"tags":[]},{"ancestorTitles":["filters (combinable)"],"fullName":"filters (combinable) matches the \"Unassigned\" sentinel","status":"passed","title":"matches the \"Unassigned\" sentinel","duration":1.299207999999993,"failureMessages":[],"meta":{},"tags":[]},{"ancestorTitles":["filters (combinable)"],"fullName":"filters (combinable) searches across title, id, source and assignee, case-insensitively","status":"passed","title":"searches across title, id, source and assignee, case-insensitively","duration":0.2632499999999993,"failureMessages":[],"meta":{},"tags":[]},{"ancestorTitles":["filters (combinable)"],"fullName":"filters (combinable) filters by ISO date range","status":"passed","title":"filters by ISO date range","duration":0.2502500000000225,"failureMessages":[],"meta":{},"tags":[]},{"ancestorTitles":["stable sort"],"fullName":"stable sort sorts by risk score descending with an id tiebreaker","status":"passed","title":"sorts by risk score descending with an id tiebreaker","duration":0.5530840000000126,"failureMessages":[],"meta":{},"tags":[]},{"ancestorTitles":["stable sort"],"fullName":"stable sort keeps null confidence at the bottom of a descending sort","status":"passed","title":"keeps null confidence at the bottom of a descending sort","duration":0.06049999999999045,"failureMessages":[],"meta":{},"tags":[]},{"ancestorTitles":["stable sort"],"fullName":"stable sort is deterministic across repeated calls (stable pagination)","status":"passed","title":"is deterministic across repeated calls (stable pagination)","duration":0.33508299999999736,"failureMessages":[],"meta":{},"tags":[]}],"startTime":1782811075482,"endTime":1782811075491.335,"status":"passed","message":"","name":"/Users/enzogivernaud/dev/dx-memory/packages/flow/domain/src/signals/signals.test.ts"},{"assertionResults":[{"ancestorTitles":["incident formatting"],"fullName":"incident formatting formats statuses and impacts","status":"passed","title":"formats statuses and impacts","duration":0.8397910000000053,"failureMessages":[],"meta":{},"tags":[]},{"ancestorTitles":["incident formatting"],"fullName":"incident formatting treats anything not resolved as active","status":"passed","title":"treats anything not resolved as active","duration":1.171166999999997,"failureMessages":[],"meta":{},"tags":[]},{"ancestorTitles":["computeIncidentSummary"],"fullName":"computeIncidentSummary counts active, critical-active, avg resolution and resolved-this-week","status":"passed","title":"counts active, critical-active, avg resolution and resolved-this-week","duration":0.22520899999999244,"failureMessages":[],"meta":{},"tags":[]}],"startTime":1782811076148,"endTime":1782811076150.225,"status":"passed","message":"","name":"/Users/enzogivernaud/dev/dx-memory/packages/flow/domain/src/incidents/incidents.test.ts"},{"assertionResults":[{"ancestorTitles":["buildDashboardSummary"],"fullName":"buildDashboardSummary returns four KPIs with trend chips","status":"passed","title":"returns four KPIs with trend chips","duration":1.7949580000000651,"failureMessages":[],"meta":{},"tags":[]},{"ancestorTitles":["buildDashboardSummary"],"fullName":"buildDashboardSummary returns a 14-point time series and a severity breakdown","status":"passed","title":"returns a 14-point time series and a severity breakdown","duration":0.6812499999999773,"failureMessages":[],"meta":{},"tags":[]},{"ancestorTitles":["buildCompareResponse"],"fullName":"buildCompareResponse builds six diff attributes for a known signal","status":"passed","title":"builds six diff attributes for a known signal","duration":3.7897080000000187,"failureMessages":[],"meta":{},"tags":[]},{"ancestorTitles":["buildCompareResponse"],"fullName":"buildCompareResponse handles a null-confidence signal without crashing (Unavailable)","status":"passed","title":"handles a null-confidence signal without crashing (Unavailable)","duration":1.8889159999999947,"failureMessages":[],"meta":{},"tags":[]},{"ancestorTitles":["buildDxMetricsResponse"],"fullName":"buildDxMetricsResponse falls back to seed data (3 variants, current=flow)","status":"passed","title":"falls back to seed data (3 variants, current=flow)","duration":0.3061249999999518,"failureMessages":[],"meta":{},"tags":[]},{"ancestorTitles":["buildHealthResponse"],"fullName":"buildHealthResponse reports ok with the Flow variant label","status":"passed","title":"reports ok with the Flow variant label","duration":0.374416999999994,"failureMessages":[],"meta":{},"tags":[]}],"startTime":1782811077579,"endTime":1782811077588.3745,"status":"passed","message":"","name":"/Users/enzogivernaud/dev/dx-memory/packages/flow/server-data-access/src/services/services.test.ts"},{"assertionResults":[{"ancestorTitles":["queryIncidents"],"fullName":"queryIncidents filters incidents by status","status":"passed","title":"filters incidents by status","duration":112.34245800000001,"failureMessages":[],"meta":{},"tags":[]},{"ancestorTitles":["queryIncidents"],"fullName":"queryIncidents combines status + impact filters","status":"passed","title":"combines status + impact filters","duration":0.24916699999999992,"failureMessages":[],"meta":{},"tags":[]},{"ancestorTitles":["queryIncidents"],"fullName":"queryIncidents orders newest first and paginates stably","status":"passed","title":"orders newest first and paginates stably","duration":0.5276659999999822,"failureMessages":[],"meta":{},"tags":[]}],"startTime":1782811076485,"endTime":1782811076598.5276,"status":"passed","message":"","name":"/Users/enzogivernaud/dev/dx-memory/packages/flow/server-data-access/src/repositories/incidents-repository.test.ts"},{"assertionResults":[{"ancestorTitles":["querySignals — filtering"],"fullName":"querySignals — filtering filters by severity against the full 10k dataset","status":"passed","title":"filters by severity against the full 10k dataset","duration":119.23925000000003,"failureMessages":[],"meta":{},"tags":[]},{"ancestorTitles":["querySignals — filtering"],"fullName":"querySignals — filtering combines filters (AND)","status":"passed","title":"combines filters (AND)","duration":0.4947080000000028,"failureMessages":[],"meta":{},"tags":[]},{"ancestorTitles":["querySignals — filtering"],"fullName":"querySignals — filtering returns an empty page (no error) when nothing matches","status":"passed","title":"returns an empty page (no error) when nothing matches","duration":3.8444999999999823,"failureMessages":[],"meta":{},"tags":[]},{"ancestorTitles":["querySignals — stable pagination & sort"],"fullName":"querySignals — stable pagination & sort paginates without overlap and covers every row exactly once","status":"passed","title":"paginates without overlap and covers every row exactly once","duration":4.10858300000001,"failureMessages":[],"meta":{},"tags":[]},{"ancestorTitles":["querySignals — stable pagination & sort"],"fullName":"querySignals — stable pagination & sort is deterministic — same query yields the same order","status":"passed","title":"is deterministic — same query yields the same order","duration":0.8919999999999959,"failureMessages":[],"meta":{},"tags":[]},{"ancestorTitles":["querySignals — stable pagination & sort"],"fullName":"querySignals — stable pagination & sort clamps an out-of-range page instead of returning garbage","status":"passed","title":"clamps an out-of-range page instead of returning garbage","duration":0.3421660000000202,"failureMessages":[],"meta":{},"tags":[]},{"ancestorTitles":["querySignals — confidence null is preserved"],"fullName":"querySignals — confidence null is preserved keeps confidence === null through query + detail (never coerced)","status":"passed","title":"keeps confidence === null through query + detail (never coerced)","duration":4.471125000000029,"failureMessages":[],"meta":{},"tags":[]},{"ancestorTitles":["getSignalById / getSignalEvents — not found"],"fullName":"getSignalById / getSignalEvents — not found throws a typed not_found error for an unknown signal","status":"passed","title":"throws a typed not_found error for an unknown signal","duration":2.6577080000000137,"failureMessages":[],"meta":{},"tags":[]},{"ancestorTitles":["getSignalById / getSignalEvents — not found"],"fullName":"getSignalById / getSignalEvents — not found returns a real signal detail with linked incident or null","status":"passed","title":"returns a real signal detail with linked incident or null","duration":0.3482500000000073,"failureMessages":[],"meta":{},"tags":[]},{"ancestorTitles":["getSignalById / getSignalEvents — not found"],"fullName":"getSignalById / getSignalEvents — not found returns timeline events for a known signal, oldest first","status":"passed","title":"returns timeline events for a known signal, oldest first","duration":3.0053329999999505,"failureMessages":[],"meta":{},"tags":[]}],"startTime":1782811076469,"endTime":1782811076610.0054,"status":"passed","message":"","name":"/Users/enzogivernaud/dev/dx-memory/packages/flow/server-data-access/src/repositories/signals-repository.test.ts"},{"assertionResults":[{"ancestorTitles":["parseSignalsQuery"],"fullName":"parseSignalsQuery parses and coerces a valid query","status":"passed","title":"parses and coerces a valid query","duration":3.1808340000000044,"failureMessages":[],"meta":{},"tags":[]},{"ancestorTitles":["parseSignalsQuery"],"fullName":"parseSignalsQuery treats empty-string filters as absent (the \"All\" selection)","status":"passed","title":"treats empty-string filters as absent (the \"All\" selection)","duration":0.45041700000001583,"failureMessages":[],"meta":{},"tags":[]},{"ancestorTitles":["parseSignalsQuery"],"fullName":"parseSignalsQuery accepts URLSearchParams directly","status":"passed","title":"accepts URLSearchParams directly","duration":1.2014999999999816,"failureMessages":[],"meta":{},"tags":[]},{"ancestorTitles":["parseSignalsQuery"],"fullName":"parseSignalsQuery throws a typed bad_request for an invalid enum value","status":"passed","title":"throws a typed bad_request for an invalid enum value","duration":2.6454999999999984,"failureMessages":[],"meta":{},"tags":[]},{"ancestorTitles":["parseSignalsQuery"],"fullName":"parseSignalsQuery rejects an out-of-range pageSize","status":"passed","title":"rejects an out-of-range pageSize","duration":0.4840830000000267,"failureMessages":[],"meta":{},"tags":[]},{"ancestorTitles":["parseIncidentsQuery"],"fullName":"parseIncidentsQuery parses incident filters","status":"passed","title":"parses incident filters","duration":1.6188750000000027,"failureMessages":[],"meta":{},"tags":[]},{"ancestorTitles":["parseIncidentsQuery"],"fullName":"parseIncidentsQuery rejects an invalid status","status":"passed","title":"rejects an invalid status","duration":1.0965409999999736,"failureMessages":[],"meta":{},"tags":[]}],"startTime":1782811076842,"endTime":1782811076854.0964,"status":"passed","message":"","name":"/Users/enzogivernaud/dev/dx-memory/packages/flow/server-data-access/src/query/parse.test.ts"},{"assertionResults":[{"ancestorTitles":["badges carry a text label (never color alone)"],"fullName":"badges carry a text label (never color alone) SeverityBadge renders the severity label","status":"passed","title":"SeverityBadge renders the severity label","duration":18.356374999999957,"failureMessages":[],"meta":{},"tags":[]},{"ancestorTitles":["badges carry a text label (never color alone)"],"fullName":"badges carry a text label (never color alone) StatusBadge renders the status label","status":"passed","title":"StatusBadge renders the status label","duration":1.65199999999993,"failureMessages":[],"meta":{},"tags":[]},{"ancestorTitles":["badges carry a text label (never color alone)"],"fullName":"badges carry a text label (never color alone) ImpactBadge and IncidentStatusBadge render labels","status":"passed","title":"ImpactBadge and IncidentStatusBadge render labels","duration":16.39312499999994,"failureMessages":[],"meta":{},"tags":[]},{"ancestorTitles":["badges carry a text label (never color alone)"],"fullName":"badges carry a text label (never color alone) VariantBadge shows the variant label","status":"passed","title":"VariantBadge shows the variant label","duration":5.8533330000000205,"failureMessages":[],"meta":{},"tags":[]},{"ancestorTitles":["ConfidenceDisplay handles null"],"fullName":"ConfidenceDisplay handles null shows \"Unavailable\" in table mode for null confidence","status":"passed","title":"shows \"Unavailable\" in table mode for null confidence","duration":0.8696670000000495,"failureMessages":[],"meta":{},"tags":[]},{"ancestorTitles":["ConfidenceDisplay handles null"],"fullName":"ConfidenceDisplay handles null shows the full \"Confidence unavailable.\" sentence in detail mode","status":"passed","title":"shows the full \"Confidence unavailable.\" sentence in detail mode","duration":1.6246250000000373,"failureMessages":[],"meta":{},"tags":[]},{"ancestorTitles":["ConfidenceDisplay handles null"],"fullName":"ConfidenceDisplay handles null bands numeric confidence into a label","status":"passed","title":"bands numeric confidence into a label","duration":2.05012499999998,"failureMessages":[],"meta":{},"tags":[]}],"startTime":1782811077423,"endTime":1782811077470.05,"status":"passed","message":"","name":"/Users/enzogivernaud/dev/dx-memory/packages/flow/ui/src/badges/badges.test.tsx"},{"assertionResults":[{"ancestorTitles":["ComparePanel"],"fullName":"ComparePanel renders severity values as badges and shows delta + no-change rows","status":"passed","title":"renders severity values as badges and shows delta + no-change rows","duration":13.783249999999953,"failureMessages":[],"meta":{},"tags":[]}],"startTime":1782811077852,"endTime":1782811077865.7832,"status":"passed","message":"","name":"/Users/enzogivernaud/dev/dx-memory/packages/flow/ui/src/compare/compare.test.tsx"},{"assertionResults":[{"ancestorTitles":["QueryState"],"fullName":"QueryState renders a loading placeholder while pending","status":"passed","title":"renders a loading placeholder while pending","duration":20.651292000000012,"failureMessages":[],"meta":{},"tags":[]},{"ancestorTitles":["QueryState"],"fullName":"QueryState renders the data via children on success","status":"passed","title":"renders the data via children on success","duration":2.0292080000000396,"failureMessages":[],"meta":{},"tags":[]},{"ancestorTitles":["QueryState"],"fullName":"QueryState surfaces the ApiError message + requestId on error (duck-typed)","status":"passed","title":"surfaces the ApiError message + requestId on error (duck-typed)","duration":2.1242500000000746,"failureMessages":[],"meta":{},"tags":[]}],"startTime":1782811077777,"endTime":1782811077802.1243,"status":"passed","message":"","name":"/Users/enzogivernaud/dev/dx-memory/packages/flow/ui/src/states/QueryState.test.tsx"},{"assertionResults":[{"ancestorTitles":["EmptyState"],"fullName":"EmptyState shows the canonical empty message by default","status":"passed","title":"shows the canonical empty message by default","duration":8.452458999999976,"failureMessages":[],"meta":{},"tags":[]},{"ancestorTitles":["EmptyState"],"fullName":"EmptyState accepts a custom message","status":"passed","title":"accepts a custom message","duration":1.735749999999996,"failureMessages":[],"meta":{},"tags":[]},{"ancestorTitles":["ErrorState"],"fullName":"ErrorState renders the request id and fires retry","status":"passed","title":"renders the request id and fires retry","duration":9.317499999999995,"failureMessages":[],"meta":{},"tags":[]},{"ancestorTitles":["PartialError"],"fullName":"PartialError shows the canonical partial-error microcopy with Retry","status":"passed","title":"shows the canonical partial-error microcopy with Retry","duration":2.1315420000000245,"failureMessages":[],"meta":{},"tags":[]}],"startTime":1782811077831,"endTime":1782811077852.1316,"status":"passed","message":"","name":"/Users/enzogivernaud/dev/dx-memory/packages/flow/ui/src/states/states.test.tsx"},{"assertionResults":[{"ancestorTitles":["contract enums"],"fullName":"contract enums match the product contract value sets","status":"passed","title":"match the product contract value sets","duration":2.612624999999994,"failureMessages":[],"meta":{},"tags":[]},{"ancestorTitles":["type guards"],"fullName":"type guards accept valid values and reject invalid ones","status":"passed","title":"accept valid values and reject invalid ones","duration":0.7540000000000049,"failureMessages":[],"meta":{},"tags":[]},{"ancestorTitles":["type guards"],"fullName":"type guards isApiError validates the error envelope","status":"passed","title":"isApiError validates the error envelope","duration":0.2808330000000012,"failureMessages":[],"meta":{},"tags":[]},{"ancestorTitles":["metric direction map"],"fullName":"metric direction map marks lighthouse as higher-is-better and everything else as lower-is-better","status":"passed","title":"marks lighthouse as higher-is-better and everything else as lower-is-better","duration":0.3467500000000001,"failureMessages":[],"meta":{},"tags":[]},{"ancestorTitles":["API_ROUTES"],"fullName":"API_ROUTES builds the documented endpoints","status":"passed","title":"builds the documented endpoints","duration":0.26858299999999247,"failureMessages":[],"meta":{},"tags":[]}],"startTime":1782811077844,"endTime":1782811077849.2686,"status":"passed","message":"","name":"/Users/enzogivernaud/dev/dx-memory/packages/contracts/src/contracts.test.ts"},{"assertionResults":[{"ancestorTitles":["Random"],"fullName":"Random is deterministic for a given seed","status":"passed","title":"is deterministic for a given seed","duration":0.9929169999999772,"failureMessages":[],"meta":{},"tags":[]},{"ancestorTitles":["Random"],"fullName":"Random produces values in range","status":"passed","title":"produces values in range","duration":13.685375000000022,"failureMessages":[],"meta":{},"tags":[]},{"ancestorTitles":["generateAll"],"fullName":"generateAll meets the contract volumes","status":"passed","title":"meets the contract volumes","duration":1.3675000000000068,"failureMessages":[],"meta":{},"tags":[]},{"ancestorTitles":["generateAll"],"fullName":"generateAll produces valid, in-range signals","status":"passed","title":"produces valid, in-range signals","duration":498.744583,"failureMessages":[],"meta":{},"tags":[]},{"ancestorTitles":["generateAll"],"fullName":"generateAll has some null confidence and some linked incidents (exercising UI states)","status":"passed","title":"has some null confidence and some linked incidents (exercising UI states)","duration":0.19241699999997763,"failureMessages":[],"meta":{},"tags":[]},{"ancestorTitles":["generateAll"],"fullName":"generateAll keeps references coherent across entities","status":"passed","title":"keeps references coherent across entities","duration":254.57054199999993,"failureMessages":[],"meta":{},"tags":[]},{"ancestorTitles":["determinism"],"fullName":"determinism produces identical output for the same seed","status":"passed","title":"produces identical output for the same seed","duration":1.2332499999999982,"failureMessages":[],"meta":{},"tags":[]},{"ancestorTitles":["determinism"],"fullName":"determinism produces different output for different seeds","status":"passed","title":"produces different output for different seeds","duration":0.3144159999999374,"failureMessages":[],"meta":{},"tags":[]}],"startTime":1782811077836,"endTime":1782811078607.3145,"status":"passed","message":"","name":"/Users/enzogivernaud/dev/dx-memory/packages/fixtures/src/fixtures.test.ts"},{"assertionResults":[{"ancestorTitles":["collectMetrics"],"fullName":"collectMetrics returns the three variants from seed data","status":"passed","title":"returns the three variants from seed data","duration":0.9993330000000071,"failureMessages":[],"meta":{},"tags":[]},{"ancestorTitles":["collectMetrics"],"fullName":"collectMetrics produces a winner for every numeric metric","status":"passed","title":"produces a winner for every numeric metric","duration":0.4621659999999963,"failureMessages":[],"meta":{},"tags":[]},{"ancestorTitles":["computeWinners"],"fullName":"computeWinners reflects the design narrative","status":"passed","title":"reflects the design narrative","duration":0.2101249999999908,"failureMessages":[],"meta":{},"tags":[]},{"ancestorTitles":["computeWinners"],"fullName":"computeWinners treats lighthouse as higher-is-better","status":"passed","title":"treats lighthouse as higher-is-better","duration":0.12199999999999989,"failureMessages":[],"meta":{},"tags":[]}],"startTime":1782811078088,"endTime":1782811078090.2102,"status":"passed","message":"","name":"/Users/enzogivernaud/dev/dx-memory/packages/metrics/src/metrics.test.ts"},{"assertionResults":[{"ancestorTitles":["SCENARIOS"],"fullName":"SCENARIOS defines the ten shared scenarios","status":"passed","title":"defines the ten shared scenarios","duration":0.9891250000000014,"failureMessages":[],"meta":{},"tags":[]},{"ancestorTitles":["SCENARIOS"],"fullName":"SCENARIOS has unique ids","status":"passed","title":"has unique ids","duration":0.1748749999999859,"failureMessages":[],"meta":{},"tags":[]},{"ancestorTitles":["SCENARIOS"],"fullName":"SCENARIOS every scenario is well-formed and points at a real route and axis","status":"passed","title":"every scenario is well-formed and points at a real route and axis","duration":2.251041999999984,"failureMessages":[],"meta":{},"tags":[]},{"ancestorTitles":["helpers"],"fullName":"helpers getScenario finds by id","status":"passed","title":"getScenario finds by id","duration":0.2537499999999966,"failureMessages":[],"meta":{},"tags":[]},{"ancestorTitles":["helpers"],"fullName":"helpers scenariosByAxis filters by axis","status":"passed","title":"scenariosByAxis filters by axis","duration":0.23708399999998164,"failureMessages":[],"meta":{},"tags":[]}],"startTime":1782811077783,"endTime":1782811077787.2537,"status":"passed","message":"","name":"/Users/enzogivernaud/dev/dx-memory/packages/test-scenarios/src/scenarios.test.ts"},{"assertionResults":[{"ancestorTitles":["tokens"],"fullName":"tokens keeps the orange accent from the design spec","status":"passed","title":"keeps the orange accent from the design spec","duration":0.6702499999999958,"failureMessages":[],"meta":{},"tags":[]},{"ancestorTitles":["tokens"],"fullName":"tokens uses the documented spacing scale","status":"passed","title":"uses the documented spacing scale","duration":0.3357910000000004,"failureMessages":[],"meta":{},"tags":[]},{"ancestorTitles":["tokens"],"fullName":"tokens maps every contract enum value to a hue","status":"passed","title":"maps every contract enum value to a hue","duration":0.24729200000000162,"failureMessages":[],"meta":{},"tags":[]},{"ancestorTitles":["routes"],"fullName":"routes declares the seven product routes","status":"passed","title":"declares the seven product routes","duration":0.36754200000000026,"failureMessages":[],"meta":{},"tags":[]},{"ancestorTitles":["routes"],"fullName":"routes excludes the detail page from the nav and keeps nav order","status":"passed","title":"excludes the detail page from the nav and keeps nav order","duration":0.1947499999999991,"failureMessages":[],"meta":{},"tags":[]},{"ancestorTitles":["screens & states"],"fullName":"screens & states has one blueprint per route id","status":"passed","title":"has one blueprint per route id","duration":0.1035839999999979,"failureMessages":[],"meta":{},"tags":[]},{"ancestorTitles":["screens & states"],"fullName":"screens & states requires all eight async UI states","status":"passed","title":"requires all eight async UI states","duration":0.2791249999999934,"failureMessages":[],"meta":{},"tags":[]},{"ancestorTitles":["components"],"fullName":"components includes the variant badge — the only allowed visible difference","status":"passed","title":"includes the variant badge — the only allowed visible difference","duration":0.07020799999999383,"failureMessages":[],"meta":{},"tags":[]}],"startTime":1782811077987,"endTime":1782811077990.279,"status":"passed","message":"","name":"/Users/enzogivernaud/dev/dx-memory/packages/ui-spec/src/ui-spec.test.ts"},{"assertionResults":[{"ancestorTitles":["handle (server route wrapper)"],"fullName":"handle (server route wrapper) returns JSON for a successful handler","status":"passed","title":"returns JSON for a successful handler","duration":2.363749999999982,"failureMessages":[],"meta":{},"tags":[]},{"ancestorTitles":["handle (server route wrapper)"],"fullName":"handle (server route wrapper) serializes an ApiErrorException to its envelope + status","status":"passed","title":"serializes an ApiErrorException to its envelope + status","duration":2.273458000000005,"failureMessages":[],"meta":{},"tags":[]},{"ancestorTitles":["handle (server route wrapper)"],"fullName":"handle (server route wrapper) maps a bad request to a 400 envelope","status":"passed","title":"maps a bad request to a 400 envelope","duration":0.5519160000000056,"failureMessages":[],"meta":{},"tags":[]},{"ancestorTitles":["handle (server route wrapper)"],"fullName":"handle (server route wrapper) coerces an unexpected error to a 500 envelope","status":"passed","title":"coerces an unexpected error to a 500 envelope","duration":1.669999999999959,"failureMessages":[],"meta":{},"tags":[]}],"startTime":1782811076168,"endTime":1782811076174.67,"status":"passed","message":"","name":"/Users/enzogivernaud/dev/dx-memory/apps/flow-app/src/server/respond.test.ts"},{"assertionResults":[{"ancestorTitles":["shared test-scenarios coverage"],"fullName":"shared test-scenarios coverage every scenario targets a route Flow implements","status":"passed","title":"every scenario targets a route Flow implements","duration":1.970542000000023,"failureMessages":[],"meta":{},"tags":[]},{"ancestorTitles":["shared test-scenarios coverage"],"fullName":"shared test-scenarios coverage covers all 10 shared scenarios","status":"passed","title":"covers all 10 shared scenarios","duration":1.1278750000000173,"failureMessages":[],"meta":{},"tags":[]}],"startTime":1782811075719,"endTime":1782811075722.128,"status":"passed","message":"","name":"/Users/enzogivernaud/dev/dx-memory/apps/flow-app/src/test/scenarios.test.ts"}]}