{
  "/Users/enzogivernaud/dev/dx-memory/apps/flow-app/src/server/respond.ts": {
    "path": "/Users/enzogivernaud/dev/dx-memory/apps/flow-app/src/server/respond.ts",
    "statementMap": {
      "0": { "start": { "line": 11, "column": 2 }, "end": { "line": 15, "column": null } },
      "1": { "start": { "line": 25, "column": 2 }, "end": { "line": 36, "column": null } },
      "2": { "start": { "line": 26, "column": 4 }, "end": { "line": 26, "column": null } },
      "3": { "start": { "line": 28, "column": 4 }, "end": { "line": 29, "column": null } },
      "4": { "start": { "line": 29, "column": 6 }, "end": { "line": 29, "column": null } },
      "5": { "start": { "line": 32, "column": 6 }, "end": { "line": 34, "column": null } },
      "6": { "start": { "line": 35, "column": 20 }, "end": { "line": 35, "column": 62 } },
      "7": { "start": { "line": 36, "column": 4 }, "end": { "line": 36, "column": null } }
    },
    "fnMap": {
      "0": {
        "name": "isApiErrorLike",
        "decl": { "start": { "line": 10, "column": 9 }, "end": { "line": 10, "column": 24 } },
        "loc": { "start": { "line": 10, "column": 63 }, "end": { "line": 15, "column": null } },
        "line": 10
      },
      "1": {
        "name": "handle",
        "decl": { "start": { "line": 24, "column": 22 }, "end": { "line": 24, "column": 32 } },
        "loc": { "start": { "line": 24, "column": 77 }, "end": { "line": 36, "column": null } },
        "line": 24
      }
    },
    "branchMap": {
      "0": {
        "loc": { "start": { "line": 12, "column": 4 }, "end": { "line": 15, "column": null } },
        "type": "binary-expr",
        "locations": [
          { "start": { "line": 12, "column": 4 }, "end": { "line": 12, "column": null } },
          { "start": { "line": 13, "column": 4 }, "end": { "line": 13, "column": null } },
          { "start": { "line": 14, "column": 4 }, "end": { "line": 14, "column": null } },
          { "start": { "line": 15, "column": 4 }, "end": { "line": 15, "column": null } }
        ],
        "line": 12
      },
      "1": {
        "loc": { "start": { "line": 28, "column": 4 }, "end": { "line": 29, "column": null } },
        "type": "if",
        "locations": [
          { "start": { "line": 28, "column": 4 }, "end": { "line": 29, "column": null } },
          { "start": {}, "end": {} }
        ],
        "line": 28
      },
      "2": {
        "loc": { "start": { "line": 32, "column": 6 }, "end": { "line": 34, "column": null } },
        "type": "cond-expr",
        "locations": [
          { "start": { "line": 33, "column": 10 }, "end": { "line": 33, "column": null } },
          { "start": { "line": 34, "column": 10 }, "end": { "line": 34, "column": null } }
        ],
        "line": 32
      },
      "3": {
        "loc": { "start": { "line": 35, "column": 28 }, "end": { "line": 35, "column": 62 } },
        "type": "binary-expr",
        "locations": [
          { "start": { "line": 35, "column": 28 }, "end": { "line": 35, "column": 56 } },
          { "start": { "line": 35, "column": 56 }, "end": { "line": 35, "column": 62 } }
        ],
        "line": 35
      }
    },
    "s": { "0": 3, "1": 4, "2": 4, "3": 3, "4": 2, "5": 1, "6": 3, "7": 3 },
    "f": { "0": 3, "1": 4 },
    "b": { "0": [3, 3, 3, 2], "1": [2, 1], "2": [1, 0], "3": [3, 0] },
    "meta": {
      "lastBranch": 4,
      "lastFunction": 2,
      "lastStatement": 8,
      "seen": {
        "f:10:9:10:24": 0,
        "s:11:2:15:Infinity": 0,
        "b:12:4:12:Infinity:13:4:13:Infinity:14:4:14:Infinity:15:4:15:Infinity": 0,
        "f:24:22:24:32": 1,
        "s:25:2:36:Infinity": 1,
        "s:26:4:26:Infinity": 2,
        "b:28:4:29:Infinity:undefined:undefined:undefined:undefined": 1,
        "s:28:4:29:Infinity": 3,
        "s:29:6:29:Infinity": 4,
        "s:32:6:34:Infinity": 5,
        "b:33:10:33:Infinity:34:10:34:Infinity": 2,
        "s:35:20:35:62": 6,
        "b:35:28:35:56:35:56:35:62": 3,
        "s:36:4:36:Infinity": 7
      },
      "fnNames": {}
    }
  },
  "/Users/enzogivernaud/dev/dx-memory/packages/contracts/src/api.ts": {
    "path": "/Users/enzogivernaud/dev/dx-memory/packages/contracts/src/api.ts",
    "statementMap": {
      "0": { "start": { "line": 115, "column": 26 }, "end": { "line": 125, "column": null } },
      "1": { "start": { "line": 118, "column": 30 }, "end": { "line": 118, "column": null } },
      "2": { "start": { "line": 119, "column": 32 }, "end": { "line": 119, "column": null } },
      "3": { "start": { "line": 122, "column": 31 }, "end": { "line": 122, "column": null } },
      "4": { "start": { "line": 128, "column": 2 }, "end": { "line": 133, "column": null } }
    },
    "fnMap": {
      "0": {
        "name": "(anonymous_0)",
        "decl": { "start": { "line": 118, "column": 2 }, "end": { "line": 118, "column": 15 } },
        "loc": { "start": { "line": 118, "column": 30 }, "end": { "line": 118, "column": null } },
        "line": 118
      },
      "1": {
        "name": "(anonymous_1)",
        "decl": { "start": { "line": 119, "column": 2 }, "end": { "line": 119, "column": 17 } },
        "loc": { "start": { "line": 119, "column": 32 }, "end": { "line": 119, "column": null } },
        "line": 119
      },
      "2": {
        "name": "(anonymous_2)",
        "decl": { "start": { "line": 122, "column": 2 }, "end": { "line": 122, "column": 16 } },
        "loc": { "start": { "line": 122, "column": 31 }, "end": { "line": 122, "column": null } },
        "line": 122
      },
      "3": {
        "name": "isApiError",
        "decl": { "start": { "line": 127, "column": 16 }, "end": { "line": 127, "column": 27 } },
        "loc": { "start": { "line": 127, "column": 62 }, "end": { "line": 133, "column": null } },
        "line": 127
      }
    },
    "branchMap": {
      "0": {
        "loc": { "start": { "line": 129, "column": 4 }, "end": { "line": 133, "column": null } },
        "type": "binary-expr",
        "locations": [
          { "start": { "line": 129, "column": 4 }, "end": { "line": 129, "column": null } },
          { "start": { "line": 130, "column": 4 }, "end": { "line": 130, "column": null } },
          { "start": { "line": 131, "column": 4 }, "end": { "line": 131, "column": null } },
          { "start": { "line": 132, "column": 4 }, "end": { "line": 132, "column": null } },
          { "start": { "line": 133, "column": 4 }, "end": { "line": 133, "column": null } }
        ],
        "line": 129
      }
    },
    "s": { "0": 16, "1": 1, "2": 1, "3": 1, "4": 4 },
    "f": { "0": 1, "1": 1, "2": 1, "3": 4 },
    "b": { "0": [4, 4, 3, 3, 3] },
    "meta": {
      "lastBranch": 1,
      "lastFunction": 4,
      "lastStatement": 5,
      "seen": {
        "s:115:26:125:Infinity": 0,
        "f:118:2:118:15": 0,
        "s:118:30:118:Infinity": 1,
        "f:119:2:119:17": 1,
        "s:119:32:119:Infinity": 2,
        "f:122:2:122:16": 2,
        "s:122:31:122:Infinity": 3,
        "f:127:16:127:27": 3,
        "s:128:2:133:Infinity": 4,
        "b:129:4:129:Infinity:130:4:130:Infinity:131:4:131:Infinity:132:4:132:Infinity:133:4:133:Infinity": 0
      },
      "fnNames": {}
    }
  },
  "/Users/enzogivernaud/dev/dx-memory/packages/contracts/src/dx-metric.ts": {
    "path": "/Users/enzogivernaud/dev/dx-memory/packages/contracts/src/dx-metric.ts",
    "statementMap": {
      "0": { "start": { "line": 31, "column": 27 }, "end": { "line": 31, "column": null } },
      "1": { "start": { "line": 32, "column": 27 }, "end": { "line": 32, "column": null } },
      "2": { "start": { "line": 41, "column": 75 }, "end": { "line": 56, "column": null } },
      "3": { "start": { "line": 59, "column": 2 }, "end": { "line": 59, "column": null } }
    },
    "fnMap": {
      "0": {
        "name": "isVariantId",
        "decl": { "start": { "line": 58, "column": 16 }, "end": { "line": 58, "column": 28 } },
        "loc": { "start": { "line": 58, "column": 64 }, "end": { "line": 59, "column": null } },
        "line": 58
      }
    },
    "branchMap": {
      "0": {
        "loc": { "start": { "line": 59, "column": 9 }, "end": { "line": 59, "column": 88 } },
        "type": "binary-expr",
        "locations": [
          { "start": { "line": 59, "column": 9 }, "end": { "line": 59, "column": 39 } },
          { "start": { "line": 59, "column": 39 }, "end": { "line": 59, "column": 88 } }
        ],
        "line": 59
      }
    },
    "s": { "0": 16, "1": 16, "2": 16, "3": 2 },
    "f": { "0": 2 },
    "b": { "0": [2, 2] },
    "meta": {
      "lastBranch": 1,
      "lastFunction": 1,
      "lastStatement": 4,
      "seen": {
        "s:31:27:31:Infinity": 0,
        "s:32:27:32:Infinity": 1,
        "s:41:75:56:Infinity": 2,
        "f:58:16:58:28": 0,
        "s:59:2:59:Infinity": 3,
        "b:59:9:59:39:59:39:59:88": 0
      },
      "fnNames": {}
    }
  },
  "/Users/enzogivernaud/dev/dx-memory/packages/contracts/src/entities.ts": {
    "path": "/Users/enzogivernaud/dev/dx-memory/packages/contracts/src/entities.ts",
    "statementMap": {
      "0": { "start": { "line": 29, "column": 29 }, "end": { "line": 29, "column": null } }
    },
    "fnMap": {},
    "branchMap": {},
    "s": { "0": 16 },
    "f": {},
    "b": {},
    "meta": {
      "lastBranch": 0,
      "lastFunction": 0,
      "lastStatement": 1,
      "seen": { "s:29:29:29:Infinity": 0 },
      "fnNames": {}
    }
  },
  "/Users/enzogivernaud/dev/dx-memory/packages/contracts/src/filters.ts": {
    "path": "/Users/enzogivernaud/dev/dx-memory/packages/contracts/src/filters.ts",
    "statementMap": {
      "0": { "start": { "line": 35, "column": 33 }, "end": { "line": 35, "column": null } },
      "1": { "start": { "line": 36, "column": 29 }, "end": { "line": 36, "column": null } },
      "2": { "start": { "line": 37, "column": 34 }, "end": { "line": 37, "column": null } }
    },
    "fnMap": {},
    "branchMap": {},
    "s": { "0": 16, "1": 16, "2": 16 },
    "f": {},
    "b": {},
    "meta": {
      "lastBranch": 0,
      "lastFunction": 0,
      "lastStatement": 3,
      "seen": { "s:35:33:35:Infinity": 0, "s:36:29:36:Infinity": 1, "s:37:34:37:Infinity": 2 },
      "fnNames": {}
    }
  },
  "/Users/enzogivernaud/dev/dx-memory/packages/contracts/src/incident.ts": {
    "path": "/Users/enzogivernaud/dev/dx-memory/packages/contracts/src/incident.ts",
    "statementMap": {
      "0": { "start": { "line": 21, "column": 33 }, "end": { "line": 21, "column": null } },
      "1": { "start": { "line": 22, "column": 32 }, "end": { "line": 22, "column": null } },
      "2": { "start": { "line": 25, "column": 2 }, "end": { "line": 25, "column": null } },
      "3": { "start": { "line": 29, "column": 2 }, "end": { "line": 29, "column": null } }
    },
    "fnMap": {
      "0": {
        "name": "isIncidentStatus",
        "decl": { "start": { "line": 24, "column": 16 }, "end": { "line": 24, "column": 33 } },
        "loc": { "start": { "line": 24, "column": 74 }, "end": { "line": 25, "column": null } },
        "line": 24
      },
      "1": {
        "name": "isIncidentImpact",
        "decl": { "start": { "line": 28, "column": 16 }, "end": { "line": 28, "column": 33 } },
        "loc": { "start": { "line": 28, "column": 74 }, "end": { "line": 29, "column": null } },
        "line": 28
      }
    },
    "branchMap": {
      "0": {
        "loc": { "start": { "line": 25, "column": 9 }, "end": { "line": 25, "column": 94 } },
        "type": "binary-expr",
        "locations": [
          { "start": { "line": 25, "column": 9 }, "end": { "line": 25, "column": 39 } },
          { "start": { "line": 25, "column": 39 }, "end": { "line": 25, "column": 94 } }
        ],
        "line": 25
      },
      "1": {
        "loc": { "start": { "line": 29, "column": 9 }, "end": { "line": 29, "column": 93 } },
        "type": "binary-expr",
        "locations": [
          { "start": { "line": 29, "column": 9 }, "end": { "line": 29, "column": 39 } },
          { "start": { "line": 29, "column": 39 }, "end": { "line": 29, "column": 93 } }
        ],
        "line": 29
      }
    },
    "s": { "0": 16, "1": 16, "2": 0, "3": 0 },
    "f": { "0": 0, "1": 0 },
    "b": { "0": [0, 0], "1": [0, 0] },
    "meta": {
      "lastBranch": 2,
      "lastFunction": 2,
      "lastStatement": 4,
      "seen": {
        "s:21:33:21:Infinity": 0,
        "s:22:32:22:Infinity": 1,
        "f:24:16:24:33": 0,
        "s:25:2:25:Infinity": 2,
        "b:25:9:25:39:25:39:25:94": 0,
        "f:28:16:28:33": 1,
        "s:29:2:29:Infinity": 3,
        "b:29:9:29:39:29:39:29:93": 1
      },
      "fnNames": {}
    }
  },
  "/Users/enzogivernaud/dev/dx-memory/packages/contracts/src/index.ts": {
    "path": "/Users/enzogivernaud/dev/dx-memory/packages/contracts/src/index.ts",
    "statementMap": {},
    "fnMap": {},
    "branchMap": {},
    "s": {},
    "f": {},
    "b": {},
    "meta": { "lastBranch": 0, "lastFunction": 0, "lastStatement": 0, "seen": {}, "fnNames": {} }
  },
  "/Users/enzogivernaud/dev/dx-memory/packages/contracts/src/signal.ts": {
    "path": "/Users/enzogivernaud/dev/dx-memory/packages/contracts/src/signal.ts",
    "statementMap": {
      "0": { "start": { "line": 47, "column": 33 }, "end": { "line": 47, "column": null } },
      "1": { "start": { "line": 48, "column": 31 }, "end": { "line": 48, "column": null } },
      "2": { "start": { "line": 49, "column": 30 }, "end": { "line": 49, "column": null } },
      "3": { "start": { "line": 50, "column": 27 }, "end": { "line": 50, "column": null } },
      "4": { "start": { "line": 53, "column": 2 }, "end": { "line": 53, "column": null } },
      "5": { "start": { "line": 57, "column": 2 }, "end": { "line": 57, "column": null } },
      "6": { "start": { "line": 61, "column": 2 }, "end": { "line": 61, "column": null } }
    },
    "fnMap": {
      "0": {
        "name": "isSignalSeverity",
        "decl": { "start": { "line": 52, "column": 16 }, "end": { "line": 52, "column": 33 } },
        "loc": { "start": { "line": 52, "column": 74 }, "end": { "line": 53, "column": null } },
        "line": 52
      },
      "1": {
        "name": "isSignalStatus",
        "decl": { "start": { "line": 56, "column": 16 }, "end": { "line": 56, "column": 31 } },
        "loc": { "start": { "line": 56, "column": 70 }, "end": { "line": 57, "column": null } },
        "line": 56
      },
      "2": {
        "name": "isSignalSource",
        "decl": { "start": { "line": 60, "column": 16 }, "end": { "line": 60, "column": 31 } },
        "loc": { "start": { "line": 60, "column": 70 }, "end": { "line": 61, "column": null } },
        "line": 60
      }
    },
    "branchMap": {
      "0": {
        "loc": { "start": { "line": 53, "column": 9 }, "end": { "line": 53, "column": 94 } },
        "type": "binary-expr",
        "locations": [
          { "start": { "line": 53, "column": 9 }, "end": { "line": 53, "column": 39 } },
          { "start": { "line": 53, "column": 39 }, "end": { "line": 53, "column": 94 } }
        ],
        "line": 53
      },
      "1": {
        "loc": { "start": { "line": 57, "column": 9 }, "end": { "line": 57, "column": 92 } },
        "type": "binary-expr",
        "locations": [
          { "start": { "line": 57, "column": 9 }, "end": { "line": 57, "column": 39 } },
          { "start": { "line": 57, "column": 39 }, "end": { "line": 57, "column": 92 } }
        ],
        "line": 57
      },
      "2": {
        "loc": { "start": { "line": 61, "column": 9 }, "end": { "line": 61, "column": 91 } },
        "type": "binary-expr",
        "locations": [
          { "start": { "line": 61, "column": 9 }, "end": { "line": 61, "column": 39 } },
          { "start": { "line": 61, "column": 39 }, "end": { "line": 61, "column": 91 } }
        ],
        "line": 61
      }
    },
    "s": { "0": 16, "1": 16, "2": 16, "3": 16, "4": 4, "5": 1, "6": 1 },
    "f": { "0": 4, "1": 1, "2": 1 },
    "b": { "0": [4, 4], "1": [1, 1], "2": [1, 1] },
    "meta": {
      "lastBranch": 3,
      "lastFunction": 3,
      "lastStatement": 7,
      "seen": {
        "s:47:33:47:Infinity": 0,
        "s:48:31:48:Infinity": 1,
        "s:49:30:49:Infinity": 2,
        "s:50:27:50:Infinity": 3,
        "f:52:16:52:33": 0,
        "s:53:2:53:Infinity": 4,
        "b:53:9:53:39:53:39:53:94": 0,
        "f:56:16:56:31": 1,
        "s:57:2:57:Infinity": 5,
        "b:57:9:57:39:57:39:57:92": 1,
        "f:60:16:60:31": 2,
        "s:61:2:61:Infinity": 6,
        "b:61:9:61:39:61:39:61:91": 2
      },
      "fnNames": {}
    }
  },
  "/Users/enzogivernaud/dev/dx-memory/packages/contracts/src/timeline.ts": {
    "path": "/Users/enzogivernaud/dev/dx-memory/packages/contracts/src/timeline.ts",
    "statementMap": {
      "0": { "start": { "line": 18, "column": 36 }, "end": { "line": 25, "column": null } },
      "1": { "start": { "line": 28, "column": 2 }, "end": { "line": 28, "column": null } }
    },
    "fnMap": {
      "0": {
        "name": "isTimelineEventType",
        "decl": { "start": { "line": 27, "column": 16 }, "end": { "line": 27, "column": 36 } },
        "loc": { "start": { "line": 27, "column": 80 }, "end": { "line": 28, "column": null } },
        "line": 27
      }
    },
    "branchMap": {
      "0": {
        "loc": { "start": { "line": 28, "column": 9 }, "end": { "line": 28, "column": 97 } },
        "type": "binary-expr",
        "locations": [
          { "start": { "line": 28, "column": 9 }, "end": { "line": 28, "column": 39 } },
          { "start": { "line": 28, "column": 39 }, "end": { "line": 28, "column": 97 } }
        ],
        "line": 28
      }
    },
    "s": { "0": 16, "1": 0 },
    "f": { "0": 0 },
    "b": { "0": [0, 0] },
    "meta": {
      "lastBranch": 1,
      "lastFunction": 1,
      "lastStatement": 2,
      "seen": {
        "s:18:36:25:Infinity": 0,
        "f:27:16:27:36": 0,
        "s:28:2:28:Infinity": 1,
        "b:28:9:28:39:28:39:28:97": 0
      },
      "fnNames": {}
    }
  },
  "/Users/enzogivernaud/dev/dx-memory/packages/fixtures/src/constants.ts": {
    "path": "/Users/enzogivernaud/dev/dx-memory/packages/fixtures/src/constants.ts",
    "statementMap": {
      "0": { "start": { "line": 4, "column": 28 }, "end": { "line": 4, "column": null } },
      "1": { "start": { "line": 10, "column": 29 }, "end": { "line": 10, "column": 67 } },
      "2": { "start": { "line": 11, "column": 22 }, "end": { "line": 11, "column": null } },
      "3": { "start": { "line": 12, "column": 27 }, "end": { "line": 12, "column": null } },
      "4": { "start": { "line": 15, "column": 30 }, "end": { "line": 21, "column": null } },
      "5": { "start": { "line": 23, "column": 23 }, "end": { "line": 34, "column": null } },
      "6": { "start": { "line": 36, "column": 20 }, "end": { "line": 52, "column": null } },
      "7": { "start": { "line": 55, "column": 29 }, "end": { "line": 72, "column": null } },
      "8": { "start": { "line": 74, "column": 31 }, "end": { "line": 83, "column": null } },
      "9": { "start": { "line": 85, "column": 29 }, "end": { "line": 111, "column": null } },
      "10": { "start": { "line": 114, "column": 34 }, "end": { "line": 127, "column": null } },
      "11": { "start": { "line": 137, "column": 43 }, "end": { "line": 192, "column": null } }
    },
    "fnMap": {},
    "branchMap": {},
    "s": {
      "0": 6,
      "1": 6,
      "2": 6,
      "3": 6,
      "4": 6,
      "5": 6,
      "6": 6,
      "7": 6,
      "8": 6,
      "9": 6,
      "10": 6,
      "11": 6
    },
    "f": {},
    "b": {},
    "meta": {
      "lastBranch": 0,
      "lastFunction": 0,
      "lastStatement": 12,
      "seen": {
        "s:4:28:4:Infinity": 0,
        "s:10:29:10:67": 1,
        "s:11:22:11:Infinity": 2,
        "s:12:27:12:Infinity": 3,
        "s:15:30:21:Infinity": 4,
        "s:23:23:34:Infinity": 5,
        "s:36:20:52:Infinity": 6,
        "s:55:29:72:Infinity": 7,
        "s:74:31:83:Infinity": 8,
        "s:85:29:111:Infinity": 9,
        "s:114:34:127:Infinity": 10,
        "s:137:43:192:Infinity": 11
      },
      "fnNames": {}
    }
  },
  "/Users/enzogivernaud/dev/dx-memory/packages/fixtures/src/generate.ts": {
    "path": "/Users/enzogivernaud/dev/dx-memory/packages/fixtures/src/generate.ts",
    "statementMap": {
      "0": { "start": { "line": 40, "column": 75 }, "end": { "line": 45, "column": null } },
      "1": { "start": { "line": 47, "column": 71 }, "end": { "line": 53, "column": null } },
      "2": { "start": { "line": 55, "column": 84 }, "end": { "line": 60, "column": null } },
      "3": { "start": { "line": 62, "column": 82 }, "end": { "line": 66, "column": null } },
      "4": { "start": { "line": 68, "column": 82 }, "end": { "line": 73, "column": null } },
      "5": { "start": { "line": 75, "column": 80 }, "end": { "line": 82, "column": null } },
      "6": { "start": { "line": 84, "column": 70 }, "end": { "line": 89, "column": null } },
      "7": { "start": { "line": 92, "column": 15 }, "end": { "line": 92, "column": 41 } },
      "8": { "start": { "line": 93, "column": 2 }, "end": { "line": 93, "column": null } },
      "9": { "start": { "line": 97, "column": 2 }, "end": { "line": 108, "column": null } },
      "10": { "start": { "line": 98, "column": 17 }, "end": { "line": 98, "column": null } },
      "11": { "start": { "line": 99, "column": 30 }, "end": { "line": 99, "column": null } },
      "12": { "start": { "line": 100, "column": 18 }, "end": { "line": 100, "column": null } },
      "13": { "start": { "line": 101, "column": 4 }, "end": { "line": 107, "column": null } },
      "14": { "start": { "line": 112, "column": 2 }, "end": { "line": 117, "column": null } },
      "15": { "start": { "line": 112, "column": 61 }, "end": { "line": 117, "column": 5 } },
      "16": { "start": { "line": 126, "column": 28 }, "end": { "line": 126, "column": 30 } },
      "17": { "start": { "line": 127, "column": 2 }, "end": { "line": 157, "column": null } },
      "18": { "start": { "line": 127, "column": 15 }, "end": { "line": 127, "column": 18 } },
      "19": { "start": { "line": 128, "column": 21 }, "end": { "line": 128, "column": 51 } },
      "20": { "start": { "line": 129, "column": 19 }, "end": { "line": 129, "column": 47 } },
      "21": { "start": { "line": 130, "column": 19 }, "end": { "line": 130, "column": 36 } },
      "22": { "start": { "line": 131, "column": 19 }, "end": { "line": 131, "column": 36 } },
      "23": { "start": { "line": 132, "column": 31 }, "end": { "line": 132, "column": null } },
      "24": { "start": { "line": 134, "column": 22 }, "end": { "line": 134, "column": 70 } },
      "25": { "start": { "line": 135, "column": 22 }, "end": { "line": 135, "column": 55 } },
      "26": { "start": { "line": 136, "column": 22 }, "end": { "line": 136, "column": 63 } },
      "27": { "start": { "line": 138, "column": 30 }, "end": { "line": 138, "column": null } },
      "28": { "start": { "line": 139, "column": 23 }, "end": { "line": 139, "column": null } },
      "29": { "start": { "line": 141, "column": 4 }, "end": { "line": 157, "column": null } },
      "30": { "start": { "line": 159, "column": 2 }, "end": { "line": 159, "column": null } },
      "31": { "start": { "line": 172, "column": 32 }, "end": { "line": 172, "column": 34 } },
      "32": { "start": { "line": 173, "column": 2 }, "end": { "line": 194, "column": null } },
      "33": { "start": { "line": 173, "column": 15 }, "end": { "line": 173, "column": 18 } },
      "34": { "start": { "line": 174, "column": 21 }, "end": { "line": 174, "column": 60 } },
      "35": { "start": { "line": 175, "column": 19 }, "end": { "line": 175, "column": 56 } },
      "36": { "start": { "line": 176, "column": 19 }, "end": { "line": 176, "column": 56 } },
      "37": { "start": { "line": 177, "column": 19 }, "end": { "line": 177, "column": 59 } },
      "38": { "start": { "line": 178, "column": 4 }, "end": { "line": 178, "column": null } },
      "39": { "start": { "line": 178, "column": 33 }, "end": { "line": 178, "column": null } },
      "40": { "start": { "line": 180, "column": 22 }, "end": { "line": 180, "column": 70 } },
      "41": { "start": { "line": 181, "column": 22 }, "end": { "line": 181, "column": 55 } },
      "42": { "start": { "line": 182, "column": 23 }, "end": { "line": 182, "column": null } },
      "43": { "start": { "line": 184, "column": 4 }, "end": { "line": 194, "column": null } },
      "44": { "start": { "line": 189, "column": 41 }, "end": { "line": 189, "column": 46 } },
      "45": { "start": { "line": 196, "column": 2 }, "end": { "line": 196, "column": null } },
      "46": { "start": { "line": 205, "column": 34 }, "end": { "line": 205, "column": 36 } },
      "47": { "start": { "line": 206, "column": 2 }, "end": { "line": 219, "column": null } },
      "48": { "start": { "line": 206, "column": 15 }, "end": { "line": 206, "column": 18 } },
      "49": { "start": { "line": 207, "column": 19 }, "end": { "line": 207, "column": 36 } },
      "50": { "start": { "line": 208, "column": 17 }, "end": { "line": 208, "column": 49 } },
      "51": { "start": { "line": 209, "column": 18 }, "end": { "line": 209, "column": null } },
      "52": { "start": { "line": 210, "column": 28 }, "end": { "line": 210, "column": 56 } },
      "53": { "start": { "line": 212, "column": 4 }, "end": { "line": 219, "column": null } },
      "54": { "start": { "line": 221, "column": 2 }, "end": { "line": 221, "column": null } },
      "55": { "start": { "line": 225, "column": 2 }, "end": { "line": 237, "column": null } },
      "56": { "start": { "line": 227, "column": 6 }, "end": { "line": 227, "column": null } },
      "57": { "start": { "line": 229, "column": 6 }, "end": { "line": 229, "column": null } },
      "58": { "start": { "line": 231, "column": 6 }, "end": { "line": 231, "column": null } },
      "59": { "start": { "line": 233, "column": 6 }, "end": { "line": 233, "column": null } },
      "60": { "start": { "line": 235, "column": 6 }, "end": { "line": 235, "column": null } },
      "61": { "start": { "line": 237, "column": 6 }, "end": { "line": 237, "column": null } },
      "62": { "start": { "line": 243, "column": 14 }, "end": { "line": 243, "column": 30 } },
      "63": { "start": { "line": 244, "column": 19 }, "end": { "line": 244, "column": 40 } },
      "64": { "start": { "line": 245, "column": 18 }, "end": { "line": 245, "column": 38 } },
      "65": { "start": { "line": 246, "column": 18 }, "end": { "line": 246, "column": 57 } },
      "66": { "start": { "line": 247, "column": 20 }, "end": { "line": 247, "column": 61 } },
      "67": { "start": { "line": 248, "column": 17 }, "end": { "line": 248, "column": 55 } },
      "68": { "start": { "line": 249, "column": 2 }, "end": { "line": 256, "column": null } }
    },
    "fnMap": {
      "0": {
        "name": "isoBetween",
        "decl": { "start": { "line": 91, "column": 9 }, "end": { "line": 91, "column": 20 } },
        "loc": { "start": { "line": 91, "column": 71 }, "end": { "line": 93, "column": null } },
        "line": 91
      },
      "1": {
        "name": "generateAnalysts",
        "decl": { "start": { "line": 96, "column": 16 }, "end": { "line": 96, "column": 33 } },
        "loc": { "start": { "line": 96, "column": 98 }, "end": { "line": 108, "column": null } },
        "line": 96
      },
      "2": {
        "name": "(anonymous_2)",
        "decl": { "start": { "line": 97, "column": 37 }, "end": { "line": 97, "column": 40 } },
        "loc": { "start": { "line": 97, "column": 49 }, "end": { "line": 108, "column": null } },
        "line": 97
      },
      "3": {
        "name": "generateSources",
        "decl": { "start": { "line": 111, "column": 16 }, "end": { "line": 111, "column": 32 } },
        "loc": { "start": { "line": 111, "column": 95 }, "end": { "line": 117, "column": null } },
        "line": 111
      },
      "4": {
        "name": "(anonymous_4)",
        "decl": { "start": { "line": 112, "column": 44 }, "end": { "line": 112, "column": 49 } },
        "loc": { "start": { "line": 112, "column": 61 }, "end": { "line": 117, "column": 5 } },
        "line": 112
      },
      "5": {
        "name": "generateSignals",
        "decl": { "start": { "line": 120, "column": 16 }, "end": { "line": 120, "column": null } },
        "loc": { "start": { "line": 125, "column": 12 }, "end": { "line": 159, "column": null } },
        "line": 125
      },
      "6": {
        "name": "generateIncidents",
        "decl": { "start": { "line": 166, "column": 16 }, "end": { "line": 166, "column": null } },
        "loc": { "start": { "line": 171, "column": 14 }, "end": { "line": 196, "column": null } },
        "line": 171
      },
      "7": {
        "name": "(anonymous_7)",
        "decl": { "start": { "line": 189, "column": 30 }, "end": { "line": 189, "column": 35 } },
        "loc": { "start": { "line": 189, "column": 41 }, "end": { "line": 189, "column": 46 } },
        "line": 189
      },
      "8": {
        "name": "generateEvents",
        "decl": { "start": { "line": 199, "column": 16 }, "end": { "line": 199, "column": null } },
        "loc": { "start": { "line": 204, "column": 19 }, "end": { "line": 221, "column": null } },
        "line": 204
      },
      "9": {
        "name": "labelForEvent",
        "decl": { "start": { "line": 224, "column": 9 }, "end": { "line": 224, "column": 23 } },
        "loc": { "start": { "line": 224, "column": 71 }, "end": { "line": 237, "column": null } },
        "line": 224
      },
      "10": {
        "name": "generateAll",
        "decl": { "start": { "line": 242, "column": 16 }, "end": { "line": 242, "column": 28 } },
        "loc": { "start": { "line": 242, "column": 58 }, "end": { "line": 256, "column": null } },
        "line": 242
      }
    },
    "branchMap": {
      "0": {
        "loc": { "start": { "line": 96, "column": 46 }, "end": { "line": 96, "column": 98 } },
        "type": "default-arg",
        "locations": [
          { "start": { "line": 96, "column": 62 }, "end": { "line": 96, "column": 98 } }
        ],
        "line": 96
      },
      "1": {
        "loc": { "start": { "line": 99, "column": 30 }, "end": { "line": 99, "column": null } },
        "type": "cond-expr",
        "locations": [
          { "start": { "line": 99, "column": 40 }, "end": { "line": 99, "column": 50 } },
          { "start": { "line": 99, "column": 50 }, "end": { "line": 99, "column": null } }
        ],
        "line": 99
      },
      "2": {
        "loc": { "start": { "line": 99, "column": 50 }, "end": { "line": 99, "column": null } },
        "type": "cond-expr",
        "locations": [
          { "start": { "line": 99, "column": 64 }, "end": { "line": 99, "column": 73 } },
          { "start": { "line": 99, "column": 73 }, "end": { "line": 99, "column": null } }
        ],
        "line": 99
      },
      "3": {
        "loc": { "start": { "line": 111, "column": 45 }, "end": { "line": 111, "column": 95 } },
        "type": "default-arg",
        "locations": [
          { "start": { "line": 111, "column": 61 }, "end": { "line": 111, "column": 95 } }
        ],
        "line": 111
      },
      "4": {
        "loc": { "start": { "line": 124, "column": 2 }, "end": { "line": 124, "column": null } },
        "type": "default-arg",
        "locations": [
          { "start": { "line": 124, "column": 18 }, "end": { "line": 124, "column": null } }
        ],
        "line": 124
      },
      "5": {
        "loc": { "start": { "line": 138, "column": 30 }, "end": { "line": 138, "column": null } },
        "type": "cond-expr",
        "locations": [
          { "start": { "line": 138, "column": 49 }, "end": { "line": 138, "column": 55 } },
          { "start": { "line": 138, "column": 55 }, "end": { "line": 138, "column": null } }
        ],
        "line": 138
      },
      "6": {
        "loc": { "start": { "line": 139, "column": 23 }, "end": { "line": 139, "column": null } },
        "type": "cond-expr",
        "locations": [
          { "start": { "line": 139, "column": 53 }, "end": { "line": 139, "column": 77 } },
          { "start": { "line": 139, "column": 77 }, "end": { "line": 139, "column": null } }
        ],
        "line": 139
      },
      "7": {
        "loc": { "start": { "line": 148, "column": 18 }, "end": { "line": 148, "column": 60 } },
        "type": "cond-expr",
        "locations": [
          { "start": { "line": 148, "column": 35 }, "end": { "line": 148, "column": 42 } },
          { "start": { "line": 148, "column": 42 }, "end": { "line": 148, "column": 60 } }
        ],
        "line": 148
      },
      "8": {
        "loc": { "start": { "line": 170, "column": 2 }, "end": { "line": 170, "column": null } },
        "type": "default-arg",
        "locations": [
          { "start": { "line": 170, "column": 18 }, "end": { "line": 170, "column": null } }
        ],
        "line": 170
      },
      "9": {
        "loc": { "start": { "line": 182, "column": 23 }, "end": { "line": 182, "column": null } },
        "type": "cond-expr",
        "locations": [
          { "start": { "line": 182, "column": 47 }, "end": { "line": 182, "column": 88 } },
          { "start": { "line": 182, "column": 91 }, "end": { "line": 182, "column": null } }
        ],
        "line": 182
      },
      "10": {
        "loc": { "start": { "line": 203, "column": 2 }, "end": { "line": 203, "column": null } },
        "type": "default-arg",
        "locations": [
          { "start": { "line": 203, "column": 18 }, "end": { "line": 203, "column": null } }
        ],
        "line": 203
      },
      "11": {
        "loc": { "start": { "line": 209, "column": 18 }, "end": { "line": 209, "column": null } },
        "type": "cond-expr",
        "locations": [
          { "start": { "line": 209, "column": 34 }, "end": { "line": 209, "column": 60 } },
          { "start": { "line": 209, "column": 60 }, "end": { "line": 209, "column": null } }
        ],
        "line": 209
      },
      "12": {
        "loc": { "start": { "line": 225, "column": 2 }, "end": { "line": 237, "column": null } },
        "type": "switch",
        "locations": [
          { "start": { "line": 226, "column": 4 }, "end": { "line": 227, "column": null } },
          { "start": { "line": 228, "column": 4 }, "end": { "line": 229, "column": null } },
          { "start": { "line": 230, "column": 4 }, "end": { "line": 231, "column": null } },
          { "start": { "line": 232, "column": 4 }, "end": { "line": 233, "column": null } },
          { "start": { "line": 234, "column": 4 }, "end": { "line": 235, "column": null } },
          { "start": { "line": 236, "column": 4 }, "end": { "line": 237, "column": null } }
        ],
        "line": 225
      },
      "13": {
        "loc": { "start": { "line": 242, "column": 28 }, "end": { "line": 242, "column": 58 } },
        "type": "default-arg",
        "locations": [
          { "start": { "line": 242, "column": 35 }, "end": { "line": 242, "column": 58 } }
        ],
        "line": 242
      }
    },
    "s": {
      "0": 6,
      "1": 6,
      "2": 6,
      "3": 6,
      "4": 6,
      "5": 6,
      "6": 6,
      "7": 240996,
      "8": 240996,
      "9": 8,
      "10": 200,
      "11": 200,
      "12": 200,
      "13": 200,
      "14": 8,
      "15": 96,
      "16": 8,
      "17": 8,
      "18": 8,
      "19": 40600,
      "20": 40600,
      "21": 40600,
      "22": 40600,
      "23": 40600,
      "24": 40600,
      "25": 40600,
      "26": 40600,
      "27": 40600,
      "28": 40600,
      "29": 40600,
      "30": 8,
      "31": 4,
      "32": 4,
      "33": 4,
      "34": 1200,
      "35": 1200,
      "36": 1200,
      "37": 1200,
      "38": 1200,
      "39": 3656,
      "40": 1200,
      "41": 1200,
      "42": 1200,
      "43": 1200,
      "44": 3656,
      "45": 1200,
      "46": 4,
      "47": 4,
      "48": 4,
      "49": 200000,
      "50": 200000,
      "51": 200000,
      "52": 200000,
      "53": 200000,
      "54": 4,
      "55": 200000,
      "56": 19748,
      "57": 60916,
      "58": 29828,
      "59": 50380,
      "60": 15544,
      "61": 23584,
      "62": 4,
      "63": 4,
      "64": 4,
      "65": 4,
      "66": 4,
      "67": 4,
      "68": 4
    },
    "f": {
      "0": 240996,
      "1": 8,
      "2": 200,
      "3": 8,
      "4": 96,
      "5": 8,
      "6": 4,
      "7": 3656,
      "8": 4,
      "9": 200000,
      "10": 4
    },
    "b": {
      "0": [8],
      "1": [8, 192],
      "2": [32, 160],
      "3": [8],
      "4": [8],
      "5": [11324, 29276],
      "6": [26637, 13963],
      "7": [2104, 38496],
      "8": [4],
      "9": [396, 804],
      "10": [4],
      "11": [160240, 39760],
      "12": [19748, 60916, 29828, 50380, 15544, 23584],
      "13": [4]
    },
    "meta": {
      "lastBranch": 14,
      "lastFunction": 11,
      "lastStatement": 69,
      "seen": {
        "s:40:75:45:Infinity": 0,
        "s:47:71:53:Infinity": 1,
        "s:55:84:60:Infinity": 2,
        "s:62:82:66:Infinity": 3,
        "s:68:82:73:Infinity": 4,
        "s:75:80:82:Infinity": 5,
        "s:84:70:89:Infinity": 6,
        "f:91:9:91:20": 0,
        "s:92:15:92:41": 7,
        "s:93:2:93:Infinity": 8,
        "f:96:16:96:33": 1,
        "b:96:62:96:98": 0,
        "s:97:2:108:Infinity": 9,
        "f:97:37:97:40": 2,
        "s:98:17:98:Infinity": 10,
        "s:99:30:99:Infinity": 11,
        "b:99:40:99:50:99:50:99:Infinity": 1,
        "b:99:64:99:73:99:73:99:Infinity": 2,
        "s:100:18:100:Infinity": 12,
        "s:101:4:107:Infinity": 13,
        "f:111:16:111:32": 3,
        "b:111:61:111:95": 3,
        "s:112:2:117:Infinity": 14,
        "f:112:44:112:49": 4,
        "s:112:61:117:5": 15,
        "f:120:16:120:Infinity": 5,
        "b:124:18:124:Infinity": 4,
        "s:126:28:126:30": 16,
        "s:127:2:157:Infinity": 17,
        "s:127:15:127:18": 18,
        "s:128:21:128:51": 19,
        "s:129:19:129:47": 20,
        "s:130:19:130:36": 21,
        "s:131:19:131:36": 22,
        "s:132:31:132:Infinity": 23,
        "s:134:22:134:70": 24,
        "s:135:22:135:55": 25,
        "s:136:22:136:63": 26,
        "s:138:30:138:Infinity": 27,
        "b:138:49:138:55:138:55:138:Infinity": 5,
        "s:139:23:139:Infinity": 28,
        "b:139:53:139:77:139:77:139:Infinity": 6,
        "s:141:4:157:Infinity": 29,
        "b:148:35:148:42:148:42:148:60": 7,
        "s:159:2:159:Infinity": 30,
        "f:166:16:166:Infinity": 6,
        "b:170:18:170:Infinity": 8,
        "s:172:32:172:34": 31,
        "s:173:2:194:Infinity": 32,
        "s:173:15:173:18": 33,
        "s:174:21:174:60": 34,
        "s:175:19:175:56": 35,
        "s:176:19:176:56": 36,
        "s:177:19:177:59": 37,
        "s:178:4:178:Infinity": 38,
        "s:178:33:178:Infinity": 39,
        "s:180:22:180:70": 40,
        "s:181:22:181:55": 41,
        "s:182:23:182:Infinity": 42,
        "b:182:47:182:88:182:91:182:Infinity": 9,
        "s:184:4:194:Infinity": 43,
        "f:189:30:189:35": 7,
        "s:189:41:189:46": 44,
        "s:196:2:196:Infinity": 45,
        "f:199:16:199:Infinity": 8,
        "b:203:18:203:Infinity": 10,
        "s:205:34:205:36": 46,
        "s:206:2:219:Infinity": 47,
        "s:206:15:206:18": 48,
        "s:207:19:207:36": 49,
        "s:208:17:208:49": 50,
        "s:209:18:209:Infinity": 51,
        "b:209:34:209:60:209:60:209:Infinity": 11,
        "s:210:28:210:56": 52,
        "s:212:4:219:Infinity": 53,
        "s:221:2:221:Infinity": 54,
        "f:224:9:224:23": 9,
        "b:226:4:227:Infinity:228:4:229:Infinity:230:4:231:Infinity:232:4:233:Infinity:234:4:235:Infinity:236:4:237:Infinity": 12,
        "s:225:2:237:Infinity": 55,
        "s:227:6:227:Infinity": 56,
        "s:229:6:229:Infinity": 57,
        "s:231:6:231:Infinity": 58,
        "s:233:6:233:Infinity": 59,
        "s:235:6:235:Infinity": 60,
        "s:237:6:237:Infinity": 61,
        "f:242:16:242:28": 10,
        "b:242:35:242:58": 13,
        "s:243:14:243:30": 62,
        "s:244:19:244:40": 63,
        "s:245:18:245:38": 64,
        "s:246:18:246:57": 65,
        "s:247:20:247:61": 66,
        "s:248:17:248:55": 67,
        "s:249:2:256:Infinity": 68
      },
      "fnNames": {}
    }
  },
  "/Users/enzogivernaud/dev/dx-memory/packages/fixtures/src/index.ts": {
    "path": "/Users/enzogivernaud/dev/dx-memory/packages/fixtures/src/index.ts",
    "statementMap": {},
    "fnMap": {},
    "branchMap": {},
    "s": {},
    "f": {},
    "b": {},
    "meta": { "lastBranch": 0, "lastFunction": 0, "lastStatement": 0, "seen": {}, "fnNames": {} }
  },
  "/Users/enzogivernaud/dev/dx-memory/packages/fixtures/src/random.ts": {
    "path": "/Users/enzogivernaud/dev/dx-memory/packages/fixtures/src/random.ts",
    "statementMap": {
      "0": { "start": { "line": 11, "column": 4 }, "end": { "line": 11, "column": null } },
      "1": { "start": { "line": 16, "column": 4 }, "end": { "line": 16, "column": null } },
      "2": { "start": { "line": 17, "column": 12 }, "end": { "line": 17, "column": 71 } },
      "3": { "start": { "line": 18, "column": 4 }, "end": { "line": 18, "column": null } },
      "4": { "start": { "line": 19, "column": 4 }, "end": { "line": 19, "column": null } },
      "5": { "start": { "line": 24, "column": 4 }, "end": { "line": 24, "column": null } },
      "6": { "start": { "line": 29, "column": 18 }, "end": { "line": 29, "column": null } },
      "7": { "start": { "line": 30, "column": 19 }, "end": { "line": 30, "column": null } },
      "8": { "start": { "line": 31, "column": 4 }, "end": { "line": 31, "column": null } },
      "9": { "start": { "line": 36, "column": 4 }, "end": { "line": 36, "column": null } },
      "10": { "start": { "line": 41, "column": 4 }, "end": { "line": 41, "column": null } },
      "11": { "start": { "line": 46, "column": 18 }, "end": { "line": 46, "column": 70 } },
      "12": { "start": { "line": 46, "column": 54 }, "end": { "line": 46, "column": 68 } },
      "13": { "start": { "line": 47, "column": 15 }, "end": { "line": 47, "column": null } },
      "14": { "start": { "line": 48, "column": 4 }, "end": { "line": 50, "column": null } },
      "15": { "start": { "line": 49, "column": 6 }, "end": { "line": 49, "column": null } },
      "16": { "start": { "line": 50, "column": 6 }, "end": { "line": 50, "column": null } },
      "17": { "start": { "line": 50, "column": 20 }, "end": { "line": 50, "column": null } },
      "18": { "start": { "line": 52, "column": 4 }, "end": { "line": 52, "column": null } },
      "19": { "start": { "line": 57, "column": 14 }, "end": { "line": 57, "column": 43 } },
      "20": { "start": { "line": 58, "column": 17 }, "end": { "line": 58, "column": 30 } },
      "21": { "start": { "line": 59, "column": 21 }, "end": { "line": 59, "column": 23 } },
      "22": { "start": { "line": 60, "column": 4 }, "end": { "line": 63, "column": null } },
      "23": { "start": { "line": 60, "column": 17 }, "end": { "line": 60, "column": 20 } },
      "24": { "start": { "line": 61, "column": 18 }, "end": { "line": 61, "column": 46 } },
      "25": { "start": { "line": 62, "column": 6 }, "end": { "line": 62, "column": null } },
      "26": { "start": { "line": 63, "column": 6 }, "end": { "line": 63, "column": null } },
      "27": { "start": { "line": 65, "column": 4 }, "end": { "line": 65, "column": null } },
      "28": { "start": { "line": 70, "column": 4 }, "end": { "line": 70, "column": null } }
    },
    "fnMap": {
      "0": {
        "name": "constructor",
        "decl": { "start": { "line": 10, "column": 2 }, "end": { "line": 10, "column": 14 } },
        "loc": { "start": { "line": 10, "column": 28 }, "end": { "line": 11, "column": null } },
        "line": 10
      },
      "1": {
        "name": "next",
        "decl": { "start": { "line": 15, "column": 2 }, "end": { "line": 15, "column": 17 } },
        "loc": { "start": { "line": 15, "column": 17 }, "end": { "line": 19, "column": null } },
        "line": 15
      },
      "2": {
        "name": "int",
        "decl": { "start": { "line": 23, "column": 2 }, "end": { "line": 23, "column": 6 } },
        "loc": { "start": { "line": 23, "column": 40 }, "end": { "line": 24, "column": null } },
        "line": 23
      },
      "3": {
        "name": "float",
        "decl": { "start": { "line": 28, "column": 2 }, "end": { "line": 28, "column": 8 } },
        "loc": { "start": { "line": 28, "column": 56 }, "end": { "line": 31, "column": null } },
        "line": 28
      },
      "4": {
        "name": "bool",
        "decl": { "start": { "line": 35, "column": 2 }, "end": { "line": 35, "column": 7 } },
        "loc": { "start": { "line": 35, "column": 25 }, "end": { "line": 36, "column": null } },
        "line": 35
      },
      "5": {
        "name": "pick",
        "decl": { "start": { "line": 40, "column": 2 }, "end": { "line": 40, "column": 10 } },
        "loc": { "start": { "line": 40, "column": 34 }, "end": { "line": 41, "column": null } },
        "line": 40
      },
      "6": {
        "name": "weighted",
        "decl": { "start": { "line": 45, "column": 2 }, "end": { "line": 45, "column": 14 } },
        "loc": { "start": { "line": 45, "column": 63 }, "end": { "line": 52, "column": null } },
        "line": 45
      },
      "7": {
        "name": "(anonymous_7)",
        "decl": { "start": { "line": 46, "column": 26 }, "end": { "line": 46, "column": 34 } },
        "loc": { "start": { "line": 46, "column": 54 }, "end": { "line": 46, "column": 68 } },
        "line": 46
      },
      "8": {
        "name": "sampleUnique",
        "decl": { "start": { "line": 56, "column": 2 }, "end": { "line": 56, "column": 18 } },
        "loc": { "start": { "line": 56, "column": 59 }, "end": { "line": 65, "column": null } },
        "line": 56
      },
      "9": {
        "name": "id",
        "decl": { "start": { "line": 69, "column": 9 }, "end": { "line": 69, "column": 12 } },
        "loc": { "start": { "line": 69, "column": 66 }, "end": { "line": 70, "column": null } },
        "line": 69
      }
    },
    "branchMap": {
      "0": {
        "loc": { "start": { "line": 28, "column": 34 }, "end": { "line": 28, "column": 56 } },
        "type": "default-arg",
        "locations": [
          { "start": { "line": 28, "column": 45 }, "end": { "line": 28, "column": 56 } }
        ],
        "line": 28
      },
      "1": {
        "loc": { "start": { "line": 35, "column": 7 }, "end": { "line": 35, "column": 25 } },
        "type": "default-arg",
        "locations": [
          { "start": { "line": 35, "column": 11 }, "end": { "line": 35, "column": 25 } }
        ],
        "line": 35
      },
      "2": {
        "loc": { "start": { "line": 50, "column": 6 }, "end": { "line": 50, "column": null } },
        "type": "if",
        "locations": [
          { "start": { "line": 50, "column": 6 }, "end": { "line": 50, "column": null } },
          { "start": {}, "end": {} }
        ],
        "line": 50
      }
    },
    "s": {
      "0": 15,
      "1": 1627153,
      "2": 1627153,
      "3": 1627153,
      "4": 1627153,
      "5": 1022617,
      "6": 38496,
      "7": 38496,
      "8": 38496,
      "9": 281200,
      "10": 551877,
      "11": 284800,
      "12": 1578600,
      "13": 284800,
      "14": 284800,
      "15": 842473,
      "16": 842473,
      "17": 284800,
      "18": 0,
      "19": 41800,
      "20": 41800,
      "21": 41800,
      "22": 41800,
      "23": 41800,
      "24": 104448,
      "25": 104448,
      "26": 104448,
      "27": 41800,
      "28": 242096
    },
    "f": {
      "0": 15,
      "1": 1627153,
      "2": 1022617,
      "3": 38496,
      "4": 281200,
      "5": 551877,
      "6": 284800,
      "7": 1578600,
      "8": 41800,
      "9": 15
    },
    "b": { "0": [38496], "1": [281200], "2": [284800, 557673] },
    "meta": {
      "lastBranch": 3,
      "lastFunction": 10,
      "lastStatement": 29,
      "seen": {
        "f:10:2:10:14": 0,
        "s:11:4:11:Infinity": 0,
        "f:15:2:15:17": 1,
        "s:16:4:16:Infinity": 1,
        "s:17:12:17:71": 2,
        "s:18:4:18:Infinity": 3,
        "s:19:4:19:Infinity": 4,
        "f:23:2:23:6": 2,
        "s:24:4:24:Infinity": 5,
        "f:28:2:28:8": 3,
        "b:28:45:28:56": 0,
        "s:29:18:29:Infinity": 6,
        "s:30:19:30:Infinity": 7,
        "s:31:4:31:Infinity": 8,
        "f:35:2:35:7": 4,
        "b:35:11:35:25": 1,
        "s:36:4:36:Infinity": 9,
        "f:40:2:40:10": 5,
        "s:41:4:41:Infinity": 10,
        "f:45:2:45:14": 6,
        "s:46:18:46:70": 11,
        "f:46:26:46:34": 7,
        "s:46:54:46:68": 12,
        "s:47:15:47:Infinity": 13,
        "s:48:4:50:Infinity": 14,
        "s:49:6:49:Infinity": 15,
        "b:50:6:50:Infinity:undefined:undefined:undefined:undefined": 2,
        "s:50:6:50:Infinity": 16,
        "s:50:20:50:Infinity": 17,
        "s:52:4:52:Infinity": 18,
        "f:56:2:56:18": 8,
        "s:57:14:57:43": 19,
        "s:58:17:58:30": 20,
        "s:59:21:59:23": 21,
        "s:60:4:63:Infinity": 22,
        "s:60:17:60:20": 23,
        "s:61:18:61:46": 24,
        "s:62:6:62:Infinity": 25,
        "s:63:6:63:Infinity": 26,
        "s:65:4:65:Infinity": 27,
        "f:69:9:69:12": 9,
        "s:70:4:70:Infinity": 28
      },
      "fnNames": {}
    }
  },
  "/Users/enzogivernaud/dev/dx-memory/packages/flow/api-client/src/client.ts": {
    "path": "/Users/enzogivernaud/dev/dx-memory/packages/flow/api-client/src/client.ts",
    "statementMap": {
      "0": { "start": { "line": 10, "column": 4 }, "end": { "line": 10, "column": null } },
      "1": { "start": { "line": 11, "column": 4 }, "end": { "line": 11, "column": null } },
      "2": { "start": { "line": 12, "column": 4 }, "end": { "line": 12, "column": null } },
      "3": { "start": { "line": 13, "column": 4 }, "end": { "line": 13, "column": null } },
      "4": { "start": { "line": 18, "column": 2 }, "end": { "line": 20, "column": null } },
      "5": { "start": { "line": 19, "column": 4 }, "end": { "line": 19, "column": null } },
      "6": { "start": { "line": 29, "column": 23 }, "end": { "line": 29, "column": 55 } },
      "7": { "start": { "line": 30, "column": 2 }, "end": { "line": 30, "column": null } },
      "8": { "start": { "line": 30, "column": 19 }, "end": { "line": 30, "column": null } },
      "9": { "start": { "line": 31, "column": 2 }, "end": { "line": 39, "column": null } },
      "10": { "start": { "line": 32, "column": 4 }, "end": { "line": 39, "column": null } },
      "11": { "start": { "line": 44, "column": 16 }, "end": { "line": 44, "column": 55 } },
      "12": { "start": { "line": 44, "column": 50 }, "end": { "line": 44, "column": 55 } },
      "13": { "start": { "line": 45, "column": 2 }, "end": { "line": 50, "column": null } },
      "14": { "start": { "line": 46, "column": 4 }, "end": { "line": 46, "column": null } },
      "15": { "start": { "line": 46, "column": 26 }, "end": { "line": 46, "column": null } },
      "16": { "start": { "line": 47, "column": 4 }, "end": { "line": 50, "column": null } },
      "17": { "start": { "line": 52, "column": 2 }, "end": { "line": 52, "column": null } },
      "18": { "start": { "line": 57, "column": 17 }, "end": { "line": 57, "column": 38 } },
      "19": { "start": { "line": 58, "column": 2 }, "end": { "line": 59, "column": null } },
      "20": { "start": { "line": 59, "column": 4 }, "end": { "line": 59, "column": null } },
      "21": { "start": { "line": 59, "column": 45 }, "end": { "line": 59, "column": null } },
      "22": { "start": { "line": 61, "column": 13 }, "end": { "line": 61, "column": 30 } },
      "23": { "start": { "line": 62, "column": 2 }, "end": { "line": 62, "column": null } },
      "24": { "start": { "line": 66, "column": 2 }, "end": { "line": 66, "column": null } },
      "25": { "start": { "line": 67, "column": 2 }, "end": { "line": 67, "column": null } },
      "26": { "start": { "line": 71, "column": 2 }, "end": { "line": 71, "column": null } },
      "27": { "start": { "line": 72, "column": 2 }, "end": { "line": 72, "column": null } }
    },
    "fnMap": {
      "0": {
        "name": "constructor",
        "decl": { "start": { "line": 9, "column": 2 }, "end": { "line": 9, "column": 14 } },
        "loc": { "start": { "line": 9, "column": 50 }, "end": { "line": 13, "column": null } },
        "line": 9
      },
      "1": {
        "name": "delay",
        "decl": { "start": { "line": 17, "column": 9 }, "end": { "line": 17, "column": 15 } },
        "loc": { "start": { "line": 17, "column": 42 }, "end": { "line": 20, "column": null } },
        "line": 17
      },
      "2": {
        "name": "(anonymous_2)",
        "decl": { "start": { "line": 18, "column": 13 }, "end": { "line": 18, "column": 22 } },
        "loc": { "start": { "line": 18, "column": 34 }, "end": { "line": 20, "column": null } },
        "line": 18
      },
      "3": {
        "name": "applyDemoControls",
        "decl": { "start": { "line": 28, "column": 15 }, "end": { "line": 28, "column": 33 } },
        "loc": { "start": { "line": 28, "column": 62 }, "end": { "line": 39, "column": null } },
        "line": 28
      },
      "4": {
        "name": "parse",
        "decl": { "start": { "line": 43, "column": 15 }, "end": { "line": 43, "column": 24 } },
        "loc": { "start": { "line": 43, "column": 56 }, "end": { "line": 52, "column": null } },
        "line": 43
      },
      "5": {
        "name": "(anonymous_5)",
        "decl": { "start": { "line": 44, "column": 38 }, "end": { "line": 44, "column": 50 } },
        "loc": { "start": { "line": 44, "column": 50 }, "end": { "line": 44, "column": 55 } },
        "line": 44
      },
      "6": {
        "name": "toQueryString",
        "decl": { "start": { "line": 56, "column": 16 }, "end": { "line": 56, "column": 30 } },
        "loc": { "start": { "line": 56, "column": 91 }, "end": { "line": 62, "column": null } },
        "line": 56
      },
      "7": {
        "name": "apiGet",
        "decl": { "start": { "line": 65, "column": 22 }, "end": { "line": 65, "column": 32 } },
        "loc": { "start": { "line": 65, "column": 58 }, "end": { "line": 67, "column": null } },
        "line": 65
      },
      "8": {
        "name": "apiPost",
        "decl": { "start": { "line": 70, "column": 22 }, "end": { "line": 70, "column": 33 } },
        "loc": { "start": { "line": 70, "column": 59 }, "end": { "line": 72, "column": null } },
        "line": 70
      }
    },
    "branchMap": {
      "0": {
        "loc": { "start": { "line": 30, "column": 2 }, "end": { "line": 30, "column": null } },
        "type": "if",
        "locations": [
          { "start": { "line": 30, "column": 2 }, "end": { "line": 30, "column": null } },
          { "start": {}, "end": {} }
        ],
        "line": 30
      },
      "1": {
        "loc": { "start": { "line": 31, "column": 2 }, "end": { "line": 39, "column": null } },
        "type": "if",
        "locations": [
          { "start": { "line": 31, "column": 2 }, "end": { "line": 39, "column": null } },
          { "start": {}, "end": {} }
        ],
        "line": 31
      },
      "2": {
        "loc": { "start": { "line": 31, "column": 6 }, "end": { "line": 31, "column": 55 } },
        "type": "binary-expr",
        "locations": [
          { "start": { "line": 31, "column": 6 }, "end": { "line": 31, "column": 20 } },
          { "start": { "line": 31, "column": 20 }, "end": { "line": 31, "column": 55 } }
        ],
        "line": 31
      },
      "3": {
        "loc": { "start": { "line": 45, "column": 2 }, "end": { "line": 50, "column": null } },
        "type": "if",
        "locations": [
          { "start": { "line": 45, "column": 2 }, "end": { "line": 50, "column": null } },
          { "start": {}, "end": {} }
        ],
        "line": 45
      },
      "4": {
        "loc": { "start": { "line": 46, "column": 4 }, "end": { "line": 46, "column": null } },
        "type": "if",
        "locations": [
          { "start": { "line": 46, "column": 4 }, "end": { "line": 46, "column": null } },
          { "start": {}, "end": {} }
        ],
        "line": 46
      },
      "5": {
        "loc": { "start": { "line": 59, "column": 4 }, "end": { "line": 59, "column": null } },
        "type": "if",
        "locations": [
          { "start": { "line": 59, "column": 4 }, "end": { "line": 59, "column": null } },
          { "start": {}, "end": {} }
        ],
        "line": 59
      },
      "6": {
        "loc": { "start": { "line": 59, "column": 8 }, "end": { "line": 59, "column": 45 } },
        "type": "binary-expr",
        "locations": [
          { "start": { "line": 59, "column": 8 }, "end": { "line": 59, "column": 31 } },
          { "start": { "line": 59, "column": 31 }, "end": { "line": 59, "column": 45 } }
        ],
        "line": 59
      },
      "7": {
        "loc": { "start": { "line": 62, "column": 9 }, "end": { "line": 62, "column": null } },
        "type": "cond-expr",
        "locations": [
          { "start": { "line": 62, "column": 14 }, "end": { "line": 62, "column": 25 } },
          { "start": { "line": 62, "column": 25 }, "end": { "line": 62, "column": null } }
        ],
        "line": 62
      }
    },
    "s": {
      "0": 3,
      "1": 3,
      "2": 3,
      "3": 3,
      "4": 0,
      "5": 0,
      "6": 10,
      "7": 10,
      "8": 0,
      "9": 10,
      "10": 2,
      "11": 8,
      "12": 3,
      "13": 8,
      "14": 1,
      "15": 1,
      "16": 0,
      "17": 7,
      "18": 3,
      "19": 3,
      "20": 8,
      "21": 4,
      "22": 3,
      "23": 3,
      "24": 10,
      "25": 8,
      "26": 0,
      "27": 0
    },
    "f": { "0": 3, "1": 0, "2": 0, "3": 10, "4": 8, "5": 3, "6": 3, "7": 10, "8": 0 },
    "b": {
      "0": [0, 10],
      "1": [2, 8],
      "2": [10, 5],
      "3": [1, 7],
      "4": [1, 0],
      "5": [4, 4],
      "6": [8, 6],
      "7": [2, 1]
    },
    "meta": {
      "lastBranch": 8,
      "lastFunction": 9,
      "lastStatement": 28,
      "seen": {
        "f:9:2:9:14": 0,
        "s:10:4:10:Infinity": 0,
        "s:11:4:11:Infinity": 1,
        "s:12:4:12:Infinity": 2,
        "s:13:4:13:Infinity": 3,
        "f:17:9:17:15": 1,
        "s:18:2:20:Infinity": 4,
        "f:18:13:18:22": 2,
        "s:19:4:19:Infinity": 5,
        "f:28:15:28:33": 3,
        "s:29:23:29:55": 6,
        "b:30:2:30:Infinity:undefined:undefined:undefined:undefined": 0,
        "s:30:2:30:Infinity": 7,
        "s:30:19:30:Infinity": 8,
        "b:31:2:39:Infinity:undefined:undefined:undefined:undefined": 1,
        "s:31:2:39:Infinity": 9,
        "b:31:6:31:20:31:20:31:55": 2,
        "s:32:4:39:Infinity": 10,
        "f:43:15:43:24": 4,
        "s:44:16:44:55": 11,
        "f:44:38:44:50": 5,
        "s:44:50:44:55": 12,
        "b:45:2:50:Infinity:undefined:undefined:undefined:undefined": 3,
        "s:45:2:50:Infinity": 13,
        "b:46:4:46:Infinity:undefined:undefined:undefined:undefined": 4,
        "s:46:4:46:Infinity": 14,
        "s:46:26:46:Infinity": 15,
        "s:47:4:50:Infinity": 16,
        "s:52:2:52:Infinity": 17,
        "f:56:16:56:30": 6,
        "s:57:17:57:38": 18,
        "s:58:2:59:Infinity": 19,
        "b:59:4:59:Infinity:undefined:undefined:undefined:undefined": 5,
        "s:59:4:59:Infinity": 20,
        "b:59:8:59:31:59:31:59:45": 6,
        "s:59:45:59:Infinity": 21,
        "s:61:13:61:30": 22,
        "s:62:2:62:Infinity": 23,
        "b:62:14:62:25:62:25:62:Infinity": 7,
        "f:65:22:65:32": 7,
        "s:66:2:66:Infinity": 24,
        "s:67:2:67:Infinity": 25,
        "f:70:22:70:33": 8,
        "s:71:2:71:Infinity": 26,
        "s:72:2:72:Infinity": 27
      },
      "fnNames": {}
    }
  },
  "/Users/enzogivernaud/dev/dx-memory/packages/flow/api-client/src/demo-controls.ts": {
    "path": "/Users/enzogivernaud/dev/dx-memory/packages/flow/api-client/src/demo-controls.ts",
    "statementMap": {
      "0": { "start": { "line": 15, "column": 37 }, "end": { "line": 15, "column": null } },
      "1": { "start": { "line": 22, "column": 31 }, "end": { "line": 22, "column": null } },
      "2": { "start": { "line": 24, "column": 26 }, "end": { "line": 24, "column": null } },
      "3": { "start": { "line": 25, "column": 18 }, "end": { "line": 25, "column": 39 } },
      "4": { "start": { "line": 28, "column": 2 }, "end": { "line": 28, "column": null } },
      "5": { "start": { "line": 28, "column": 36 }, "end": { "line": 28, "column": null } },
      "6": { "start": { "line": 32, "column": 2 }, "end": { "line": 32, "column": null } },
      "7": { "start": { "line": 36, "column": 2 }, "end": { "line": 36, "column": null } },
      "8": { "start": { "line": 37, "column": 2 }, "end": { "line": 37, "column": null } },
      "9": { "start": { "line": 41, "column": 2 }, "end": { "line": 41, "column": null } },
      "10": { "start": { "line": 42, "column": 2 }, "end": { "line": 42, "column": null } },
      "11": { "start": { "line": 46, "column": 2 }, "end": { "line": 46, "column": null } },
      "12": { "start": { "line": 47, "column": 2 }, "end": { "line": 48, "column": null } },
      "13": { "start": { "line": 48, "column": 4 }, "end": { "line": 48, "column": null } },
      "14": { "start": { "line": 57, "column": 8 }, "end": { "line": 57, "column": 38 } },
      "15": { "start": { "line": 58, "column": 8 }, "end": { "line": 58, "column": 84 } },
      "16": { "start": { "line": 60, "column": 8 }, "end": { "line": 65, "column": null } },
      "17": { "start": { "line": 62, "column": 6 }, "end": { "line": 62, "column": null } },
      "18": { "start": { "line": 63, "column": 6 }, "end": { "line": 63, "column": null } },
      "19": { "start": { "line": 68, "column": 8 }, "end": { "line": 71, "column": 19 } },
      "20": { "start": { "line": 69, "column": 4 }, "end": { "line": 69, "column": null } },
      "21": { "start": { "line": 70, "column": 4 }, "end": { "line": 70, "column": null } },
      "22": { "start": { "line": 73, "column": 2 }, "end": { "line": 73, "column": null } }
    },
    "fnMap": {
      "0": {
        "name": "emit",
        "decl": { "start": { "line": 27, "column": 9 }, "end": { "line": 27, "column": 22 } },
        "loc": { "start": { "line": 27, "column": 22 }, "end": { "line": 28, "column": null } },
        "line": 27
      },
      "1": {
        "name": "getDemoControls",
        "decl": { "start": { "line": 31, "column": 16 }, "end": { "line": 31, "column": 48 } },
        "loc": { "start": { "line": 31, "column": 48 }, "end": { "line": 32, "column": null } },
        "line": 31
      },
      "2": {
        "name": "setDemoControl",
        "decl": { "start": { "line": 35, "column": 16 }, "end": { "line": 35, "column": 61 } },
        "loc": { "start": { "line": 35, "column": 99 }, "end": { "line": 37, "column": null } },
        "line": 35
      },
      "3": {
        "name": "resetDemoControls",
        "decl": { "start": { "line": 40, "column": 16 }, "end": { "line": 40, "column": 42 } },
        "loc": { "start": { "line": 40, "column": 42 }, "end": { "line": 42, "column": null } },
        "line": 40
      },
      "4": {
        "name": "subscribe",
        "decl": { "start": { "line": 45, "column": 9 }, "end": { "line": 45, "column": 19 } },
        "loc": { "start": { "line": 45, "column": 53 }, "end": { "line": 48, "column": null } },
        "line": 45
      },
      "5": {
        "name": "(anonymous_5)",
        "decl": { "start": { "line": 47, "column": 2 }, "end": { "line": 47, "column": 15 } },
        "loc": { "start": { "line": 47, "column": 15 }, "end": { "line": 48, "column": null } },
        "line": 47
      },
      "6": {
        "name": "useDemoControls",
        "decl": { "start": { "line": 56, "column": 16 }, "end": { "line": 56, "column": 34 } },
        "loc": { "start": { "line": 56, "column": 34 }, "end": { "line": 73, "column": null } },
        "line": 56
      },
      "7": {
        "name": "(anonymous_7)",
        "decl": { "start": { "line": 60, "column": 21 }, "end": { "line": 60, "column": null } },
        "loc": { "start": { "line": 61, "column": 70 }, "end": { "line": 65, "column": 5 } },
        "line": 61
      },
      "8": {
        "name": "(anonymous_8)",
        "decl": { "start": { "line": 68, "column": 16 }, "end": { "line": 68, "column": 34 } },
        "loc": { "start": { "line": 68, "column": 34 }, "end": { "line": 71, "column": 6 } },
        "line": 68
      }
    },
    "branchMap": {},
    "s": {
      "0": 2,
      "1": 2,
      "2": 2,
      "3": 2,
      "4": 20,
      "5": 6,
      "6": 45,
      "7": 4,
      "8": 4,
      "9": 16,
      "10": 16,
      "11": 3,
      "12": 3,
      "13": 3,
      "14": 11,
      "15": 11,
      "16": 11,
      "17": 2,
      "18": 2,
      "19": 11,
      "20": 1,
      "21": 1,
      "22": 11
    },
    "f": { "0": 20, "1": 45, "2": 4, "3": 16, "4": 3, "5": 3, "6": 11, "7": 2, "8": 1 },
    "b": {},
    "meta": {
      "lastBranch": 0,
      "lastFunction": 9,
      "lastStatement": 23,
      "seen": {
        "s:15:37:15:Infinity": 0,
        "s:22:31:22:Infinity": 1,
        "s:24:26:24:Infinity": 2,
        "s:25:18:25:39": 3,
        "f:27:9:27:22": 0,
        "s:28:2:28:Infinity": 4,
        "s:28:36:28:Infinity": 5,
        "f:31:16:31:48": 1,
        "s:32:2:32:Infinity": 6,
        "f:35:16:35:61": 2,
        "s:36:2:36:Infinity": 7,
        "s:37:2:37:Infinity": 8,
        "f:40:16:40:42": 3,
        "s:41:2:41:Infinity": 9,
        "s:42:2:42:Infinity": 10,
        "f:45:9:45:19": 4,
        "s:46:2:46:Infinity": 11,
        "s:47:2:48:Infinity": 12,
        "f:47:2:47:15": 5,
        "s:48:4:48:Infinity": 13,
        "f:56:16:56:34": 6,
        "s:57:8:57:38": 14,
        "s:58:8:58:84": 15,
        "s:60:8:65:Infinity": 16,
        "f:60:21:60:Infinity": 7,
        "s:62:6:62:Infinity": 17,
        "s:63:6:63:Infinity": 18,
        "s:68:8:71:19": 19,
        "f:68:16:68:34": 8,
        "s:69:4:69:Infinity": 20,
        "s:70:4:70:Infinity": 21,
        "s:73:2:73:Infinity": 22
      },
      "fnNames": {}
    }
  },
  "/Users/enzogivernaud/dev/dx-memory/packages/flow/api-client/src/index.ts": {
    "path": "/Users/enzogivernaud/dev/dx-memory/packages/flow/api-client/src/index.ts",
    "statementMap": {},
    "fnMap": {},
    "branchMap": {},
    "s": {},
    "f": {},
    "b": {},
    "meta": { "lastBranch": 0, "lastFunction": 0, "lastStatement": 0, "seen": {}, "fnNames": {} }
  },
  "/Users/enzogivernaud/dev/dx-memory/packages/flow/api-client/src/queries.ts": {
    "path": "/Users/enzogivernaud/dev/dx-memory/packages/flow/api-client/src/queries.ts",
    "statementMap": {
      "0": { "start": { "line": 19, "column": 25 }, "end": { "line": 28, "column": null } },
      "1": { "start": { "line": 22, "column": 36 }, "end": { "line": 22, "column": 54 } },
      "2": { "start": { "line": 23, "column": 26 }, "end": { "line": 23, "column": 41 } },
      "3": { "start": { "line": 24, "column": 32 }, "end": { "line": 24, "column": null } },
      "4": { "start": { "line": 25, "column": 40 }, "end": { "line": 25, "column": 60 } },
      "5": { "start": { "line": 26, "column": 27 }, "end": { "line": 26, "column": 42 } },
      "6": { "start": { "line": 31, "column": 2 }, "end": { "line": 34, "column": null } },
      "7": { "start": { "line": 33, "column": 4 }, "end": { "line": 33, "column": null } },
      "8": { "start": { "line": 38, "column": 2 }, "end": { "line": 42, "column": null } },
      "9": { "start": { "line": 40, "column": 4 }, "end": { "line": 40, "column": 72 } },
      "10": { "start": { "line": 46, "column": 2 }, "end": { "line": 52, "column": null } },
      "11": { "start": { "line": 48, "column": 4 }, "end": { "line": 50, "column": null } },
      "12": { "start": { "line": 56, "column": 2 }, "end": { "line": 59, "column": null } },
      "13": { "start": { "line": 58, "column": 4 }, "end": { "line": 58, "column": null } },
      "14": { "start": { "line": 63, "column": 2 }, "end": { "line": 66, "column": null } },
      "15": { "start": { "line": 65, "column": 4 }, "end": { "line": 65, "column": null } },
      "16": { "start": { "line": 70, "column": 2 }, "end": { "line": 76, "column": null } },
      "17": { "start": { "line": 72, "column": 4 }, "end": { "line": 74, "column": null } },
      "18": { "start": { "line": 84, "column": 2 }, "end": { "line": 97, "column": null } },
      "19": { "start": { "line": 87, "column": 20 }, "end": { "line": 87, "column": 100 } },
      "20": { "start": { "line": 88, "column": 24 }, "end": { "line": 88, "column": 98 } },
      "21": { "start": { "line": 88, "column": 92 }, "end": { "line": 88, "column": 98 } },
      "22": { "start": { "line": 89, "column": 19 }, "end": { "line": 92, "column": null } },
      "23": { "start": { "line": 90, "column": 23 }, "end": { "line": 91, "column": 90 } },
      "24": { "start": { "line": 94, "column": 6 }, "end": { "line": 94, "column": null } },
      "25": { "start": { "line": 94, "column": 45 }, "end": { "line": 94, "column": 53 } },
      "26": { "start": { "line": 101, "column": 2 }, "end": { "line": 105, "column": null } },
      "27": { "start": { "line": 103, "column": 4 }, "end": { "line": 103, "column": 70 } },
      "28": { "start": { "line": 109, "column": 2 }, "end": { "line": 113, "column": null } },
      "29": { "start": { "line": 111, "column": 4 }, "end": { "line": 111, "column": 66 } },
      "30": { "start": { "line": 118, "column": 2 }, "end": { "line": 118, "column": null } },
      "31": { "start": { "line": 118, "column": 23 }, "end": { "line": 118, "column": 81 } }
    },
    "fnMap": {
      "0": {
        "name": "(anonymous_0)",
        "decl": { "start": { "line": 22, "column": 2 }, "end": { "line": 22, "column": 12 } },
        "loc": { "start": { "line": 22, "column": 36 }, "end": { "line": 22, "column": 54 } },
        "line": 22
      },
      "1": {
        "name": "(anonymous_1)",
        "decl": { "start": { "line": 23, "column": 2 }, "end": { "line": 23, "column": 11 } },
        "loc": { "start": { "line": 23, "column": 26 }, "end": { "line": 23, "column": 41 } },
        "line": 23
      },
      "2": {
        "name": "(anonymous_2)",
        "decl": { "start": { "line": 24, "column": 2 }, "end": { "line": 24, "column": 17 } },
        "loc": { "start": { "line": 24, "column": 32 }, "end": { "line": 24, "column": null } },
        "line": 24
      },
      "3": {
        "name": "(anonymous_3)",
        "decl": { "start": { "line": 25, "column": 2 }, "end": { "line": 25, "column": 14 } },
        "loc": { "start": { "line": 25, "column": 40 }, "end": { "line": 25, "column": 60 } },
        "line": 25
      },
      "4": {
        "name": "(anonymous_4)",
        "decl": { "start": { "line": 26, "column": 2 }, "end": { "line": 26, "column": 12 } },
        "loc": { "start": { "line": 26, "column": 27 }, "end": { "line": 26, "column": 42 } },
        "line": 26
      },
      "5": {
        "name": "useHealth",
        "decl": { "start": { "line": 30, "column": 16 }, "end": { "line": 30, "column": 28 } },
        "loc": { "start": { "line": 30, "column": 28 }, "end": { "line": 34, "column": null } },
        "line": 30
      },
      "6": {
        "name": "(anonymous_6)",
        "decl": { "start": { "line": 33, "column": 4 }, "end": { "line": 33, "column": 19 } },
        "loc": { "start": { "line": 33, "column": 4 }, "end": { "line": 33, "column": null } },
        "line": 33
      },
      "7": {
        "name": "useDashboardSummary",
        "decl": { "start": { "line": 37, "column": 16 }, "end": { "line": 37, "column": 38 } },
        "loc": { "start": { "line": 37, "column": 38 }, "end": { "line": 42, "column": null } },
        "line": 37
      },
      "8": {
        "name": "(anonymous_8)",
        "decl": { "start": { "line": 40, "column": 4 }, "end": { "line": 40, "column": 19 } },
        "loc": { "start": { "line": 40, "column": 4 }, "end": { "line": 40, "column": 72 } },
        "line": 40
      },
      "9": {
        "name": "useSignals",
        "decl": { "start": { "line": 45, "column": 16 }, "end": { "line": 45, "column": 27 } },
        "loc": { "start": { "line": 45, "column": 48 }, "end": { "line": 52, "column": null } },
        "line": 45
      },
      "10": {
        "name": "(anonymous_10)",
        "decl": { "start": { "line": 48, "column": 4 }, "end": { "line": 48, "column": null } },
        "loc": { "start": { "line": 48, "column": 4 }, "end": { "line": 50, "column": null } },
        "line": 48
      },
      "11": {
        "name": "useSignalDetail",
        "decl": { "start": { "line": 55, "column": 16 }, "end": { "line": 55, "column": 32 } },
        "loc": { "start": { "line": 55, "column": 44 }, "end": { "line": 59, "column": null } },
        "line": 55
      },
      "12": {
        "name": "(anonymous_12)",
        "decl": { "start": { "line": 58, "column": 4 }, "end": { "line": 58, "column": 19 } },
        "loc": { "start": { "line": 58, "column": 4 }, "end": { "line": 58, "column": null } },
        "line": 58
      },
      "13": {
        "name": "useSignalEvents",
        "decl": { "start": { "line": 62, "column": 16 }, "end": { "line": 62, "column": 32 } },
        "loc": { "start": { "line": 62, "column": 44 }, "end": { "line": 66, "column": null } },
        "line": 62
      },
      "14": {
        "name": "(anonymous_14)",
        "decl": { "start": { "line": 65, "column": 4 }, "end": { "line": 65, "column": 19 } },
        "loc": { "start": { "line": 65, "column": 4 }, "end": { "line": 65, "column": null } },
        "line": 65
      },
      "15": {
        "name": "useIncidents",
        "decl": { "start": { "line": 69, "column": 16 }, "end": { "line": 69, "column": 29 } },
        "loc": { "start": { "line": 69, "column": 52 }, "end": { "line": 76, "column": null } },
        "line": 69
      },
      "16": {
        "name": "(anonymous_16)",
        "decl": { "start": { "line": 72, "column": 4 }, "end": { "line": 72, "column": null } },
        "loc": { "start": { "line": 72, "column": 4 }, "end": { "line": 74, "column": null } },
        "line": 72
      },
      "17": {
        "name": "useAllIncidents",
        "decl": { "start": { "line": 83, "column": 16 }, "end": { "line": 83, "column": 34 } },
        "loc": { "start": { "line": 83, "column": 34 }, "end": { "line": 97, "column": null } },
        "line": 83
      },
      "18": {
        "name": "(anonymous_18)",
        "decl": { "start": { "line": 86, "column": 13 }, "end": { "line": 86, "column": 25 } },
        "loc": { "start": { "line": 86, "column": 25 }, "end": { "line": 94, "column": null } },
        "line": 86
      },
      "19": {
        "name": "(anonymous_19)",
        "decl": { "start": { "line": 88, "column": 80 }, "end": { "line": 88, "column": 83 } },
        "loc": { "start": { "line": 88, "column": 92 }, "end": { "line": 88, "column": 98 } },
        "line": 88
      },
      "20": {
        "name": "(anonymous_20)",
        "decl": { "start": { "line": 90, "column": 18 }, "end": { "line": 90, "column": 23 } },
        "loc": { "start": { "line": 90, "column": 23 }, "end": { "line": 91, "column": 90 } },
        "line": 90
      },
      "21": {
        "name": "(anonymous_21)",
        "decl": { "start": { "line": 94, "column": 30 }, "end": { "line": 94, "column": 39 } },
        "loc": { "start": { "line": 94, "column": 45 }, "end": { "line": 94, "column": 53 } },
        "line": 94
      },
      "22": {
        "name": "useCompare",
        "decl": { "start": { "line": 100, "column": 16 }, "end": { "line": 100, "column": 27 } },
        "loc": { "start": { "line": 100, "column": 39 }, "end": { "line": 105, "column": null } },
        "line": 100
      },
      "23": {
        "name": "(anonymous_23)",
        "decl": { "start": { "line": 103, "column": 4 }, "end": { "line": 103, "column": 19 } },
        "loc": { "start": { "line": 103, "column": 4 }, "end": { "line": 103, "column": 70 } },
        "line": 103
      },
      "24": {
        "name": "useDxMetrics",
        "decl": { "start": { "line": 108, "column": 16 }, "end": { "line": 108, "column": 31 } },
        "loc": { "start": { "line": 108, "column": 31 }, "end": { "line": 113, "column": null } },
        "line": 108
      },
      "25": {
        "name": "(anonymous_25)",
        "decl": { "start": { "line": 111, "column": 4 }, "end": { "line": 111, "column": 19 } },
        "loc": { "start": { "line": 111, "column": 4 }, "end": { "line": 111, "column": 66 } },
        "line": 111
      },
      "26": {
        "name": "useSimulateError",
        "decl": { "start": { "line": 117, "column": 16 }, "end": { "line": 117, "column": 35 } },
        "loc": { "start": { "line": 117, "column": 35 }, "end": { "line": 118, "column": null } },
        "line": 117
      },
      "27": {
        "name": "(anonymous_27)",
        "decl": { "start": { "line": 118, "column": 23 }, "end": { "line": 118, "column": 41 } },
        "loc": { "start": { "line": 118, "column": 23 }, "end": { "line": 118, "column": 81 } },
        "line": 118
      }
    },
    "branchMap": {},
    "s": {
      "0": 1,
      "1": 0,
      "2": 0,
      "3": 0,
      "4": 0,
      "5": 0,
      "6": 11,
      "7": 6,
      "8": 0,
      "9": 0,
      "10": 0,
      "11": 0,
      "12": 0,
      "13": 0,
      "14": 0,
      "15": 0,
      "16": 0,
      "17": 0,
      "18": 0,
      "19": 0,
      "20": 0,
      "21": 0,
      "22": 0,
      "23": 0,
      "24": 0,
      "25": 0,
      "26": 0,
      "27": 0,
      "28": 0,
      "29": 0,
      "30": 0,
      "31": 0
    },
    "f": {
      "0": 0,
      "1": 0,
      "2": 0,
      "3": 0,
      "4": 0,
      "5": 11,
      "6": 6,
      "7": 0,
      "8": 0,
      "9": 0,
      "10": 0,
      "11": 0,
      "12": 0,
      "13": 0,
      "14": 0,
      "15": 0,
      "16": 0,
      "17": 0,
      "18": 0,
      "19": 0,
      "20": 0,
      "21": 0,
      "22": 0,
      "23": 0,
      "24": 0,
      "25": 0,
      "26": 0,
      "27": 0
    },
    "b": {},
    "meta": {
      "lastBranch": 0,
      "lastFunction": 28,
      "lastStatement": 32,
      "seen": {
        "s:19:25:28:Infinity": 0,
        "f:22:2:22:12": 0,
        "s:22:36:22:54": 1,
        "f:23:2:23:11": 1,
        "s:23:26:23:41": 2,
        "f:24:2:24:17": 2,
        "s:24:32:24:Infinity": 3,
        "f:25:2:25:14": 3,
        "s:25:40:25:60": 4,
        "f:26:2:26:12": 4,
        "s:26:27:26:42": 5,
        "f:30:16:30:28": 5,
        "s:31:2:34:Infinity": 6,
        "f:33:4:33:19": 6,
        "s:33:4:33:Infinity": 7,
        "f:37:16:37:38": 7,
        "s:38:2:42:Infinity": 8,
        "f:40:4:40:19": 8,
        "s:40:4:40:72": 9,
        "f:45:16:45:27": 9,
        "s:46:2:52:Infinity": 10,
        "f:48:4:48:Infinity": 10,
        "s:48:4:50:Infinity": 11,
        "f:55:16:55:32": 11,
        "s:56:2:59:Infinity": 12,
        "f:58:4:58:19": 12,
        "s:58:4:58:Infinity": 13,
        "f:62:16:62:32": 13,
        "s:63:2:66:Infinity": 14,
        "f:65:4:65:19": 14,
        "s:65:4:65:Infinity": 15,
        "f:69:16:69:29": 15,
        "s:70:2:76:Infinity": 16,
        "f:72:4:72:Infinity": 16,
        "s:72:4:74:Infinity": 17,
        "f:83:16:83:34": 17,
        "s:84:2:97:Infinity": 18,
        "f:86:13:86:25": 18,
        "s:87:20:87:100": 19,
        "s:88:24:88:98": 20,
        "f:88:80:88:83": 19,
        "s:88:92:88:98": 21,
        "s:89:19:92:Infinity": 22,
        "f:90:18:90:23": 20,
        "s:90:23:91:90": 23,
        "s:94:6:94:Infinity": 24,
        "f:94:30:94:39": 21,
        "s:94:45:94:53": 25,
        "f:100:16:100:27": 22,
        "s:101:2:105:Infinity": 26,
        "f:103:4:103:19": 23,
        "s:103:4:103:70": 27,
        "f:108:16:108:31": 24,
        "s:109:2:113:Infinity": 28,
        "f:111:4:111:19": 25,
        "s:111:4:111:66": 29,
        "f:117:16:117:35": 26,
[...]
      "17": { "start": { "line": 52, "column": 6 }, "end": { "line": 52, "column": null } },
      "18": { "start": { "line": 53, "column": 23 }, "end": { "line": 53, "column": null } },
      "19": { "start": { "line": 54, "column": 6 }, "end": { "line": 56, "column": null } },
      "20": { "start": { "line": 55, "column": 8 }, "end": { "line": 55, "column": null } },
      "21": { "start": { "line": 56, "column": 8 }, "end": { "line": 56, "column": null } },
      "22": { "start": { "line": 60, "column": 4 }, "end": { "line": 60, "column": null } },
      "23": { "start": { "line": 65, "column": 19 }, "end": { "line": 65, "column": null } },
      "24": { "start": { "line": 66, "column": 14 }, "end": { "line": 66, "column": null } },
      "25": { "start": { "line": 66, "column": 36 }, "end": { "line": 66, "column": 60 } },
      "26": { "start": { "line": 67, "column": 30 }, "end": { "line": 67, "column": 51 } },
      "27": { "start": { "line": 69, "column": 2 }, "end": { "line": 80, "column": null } }
    },
    "fnMap": {
      "0": {
        "name": "loadMetrics",
        "decl": { "start": { "line": 27, "column": 9 }, "end": { "line": 27, "column": 21 } },
        "loc": { "start": { "line": 27, "column": 86 }, "end": { "line": 38, "column": null } },
        "line": 27
      },
      "1": {
        "name": "computeWinners",
        "decl": { "start": { "line": 41, "column": 9 }, "end": { "line": 41, "column": 24 } },
        "loc": { "start": { "line": 41, "column": 61 }, "end": { "line": 61, "column": null } },
        "line": 41
      },
      "2": {
        "name": "(anonymous_2)",
        "decl": { "start": { "line": 42, "column": 57 }, "end": { "line": 42, "column": 62 } },
        "loc": { "start": { "line": 42, "column": 68 }, "end": { "line": 42, "column": 82 } },
        "line": 42
      },
      "3": {
        "name": "(anonymous_3)",
        "decl": { "start": { "line": 45, "column": 14 }, "end": { "line": 45, "column": 19 } },
        "loc": { "start": { "line": 45, "column": 30 }, "end": { "line": 61, "column": null } },
        "line": 45
      },
      "4": {
        "name": "collectMetrics",
        "decl": { "start": { "line": 64, "column": 16 }, "end": { "line": 64, "column": 31 } },
        "loc": { "start": { "line": 64, "column": 77 }, "end": { "line": 80, "column": null } },
        "line": 64
      },
      "5": {
        "name": "(anonymous_5)",
        "decl": { "start": { "line": 66, "column": 22 }, "end": { "line": 66, "column": 36 } },
        "loc": { "start": { "line": 66, "column": 36 }, "end": { "line": 66, "column": 60 } },
        "line": 66
      }
    },
    "branchMap": {
      "0": {
        "loc": { "start": { "line": 28, "column": 2 }, "end": { "line": 34, "column": null } },
        "type": "if",
        "locations": [
          { "start": { "line": 28, "column": 2 }, "end": { "line": 34, "column": null } },
          { "start": {}, "end": {} }
        ],
        "line": 28
      },
      "1": {
        "loc": { "start": { "line": 31, "column": 6 }, "end": { "line": 32, "column": null } },
        "type": "if",
        "locations": [
          { "start": { "line": 31, "column": 6 }, "end": { "line": 32, "column": null } },
          { "start": {}, "end": {} }
        ],
        "line": 31
      },
      "2": {
        "loc": { "start": { "line": 31, "column": 10 }, "end": { "line": 31, "column": 73 } },
        "type": "binary-expr",
        "locations": [
          { "start": { "line": 31, "column": 10 }, "end": { "line": 31, "column": 31 } },
          { "start": { "line": 31, "column": 35 }, "end": { "line": 31, "column": 73 } }
        ],
        "line": 31
      },
      "3": {
        "loc": { "start": { "line": 53, "column": 23 }, "end": { "line": 53, "column": null } },
        "type": "cond-expr",
        "locations": [
          { "start": { "line": 53, "column": 39 }, "end": { "line": 53, "column": 63 } },
          { "start": { "line": 53, "column": 63 }, "end": { "line": 53, "column": null } }
        ],
        "line": 53
      },
      "4": {
        "loc": { "start": { "line": 54, "column": 6 }, "end": { "line": 56, "column": null } },
        "type": "if",
        "locations": [
          { "start": { "line": 54, "column": 6 }, "end": { "line": 56, "column": null } },
          { "start": {}, "end": {} }
        ],
        "line": 54
      },
      "5": {
        "loc": { "start": { "line": 64, "column": 31 }, "end": { "line": 64, "column": 59 } },
        "type": "default-arg",
        "locations": [
          { "start": { "line": 64, "column": 57 }, "end": { "line": 64, "column": 59 } }
        ],
        "line": 64
      },
      "6": {
        "loc": { "start": { "line": 65, "column": 19 }, "end": { "line": 65, "column": null } },
        "type": "binary-expr",
        "locations": [
          { "start": { "line": 65, "column": 19 }, "end": { "line": 65, "column": 39 } },
          { "start": { "line": 65, "column": 39 }, "end": { "line": 65, "column": null } }
        ],
        "line": 65
      },
      "7": {
        "loc": { "start": { "line": 66, "column": 14 }, "end": { "line": 66, "column": null } },
        "type": "binary-expr",
        "locations": [
          { "start": { "line": 66, "column": 14 }, "end": { "line": 66, "column": 36 } },
          { "start": { "line": 66, "column": 22 }, "end": { "line": 66, "column": 60 } }
        ],
        "line": 66
      }
    },
    "s": {
      "0": 1,
      "1": 1,
      "2": 3,
      "3": 0,
      "4": 0,
      "5": 0,
      "6": 0,
      "7": 3,
      "8": 4,
      "9": 12,
      "10": 4,
      "11": 4,
      "12": 56,
      "13": 56,
      "14": 56,
      "15": 56,
      "16": 56,
      "17": 168,
      "18": 168,
      "19": 168,
      "20": 76,
      "21": 76,
      "22": 56,
      "23": 3,
      "24": 3,
      "25": 0,
      "26": 3,
      "27": 3
    },
    "f": { "0": 3, "1": 4, "2": 12, "3": 56, "4": 3, "5": 0 },
    "b": {
      "0": [0, 3],
      "1": [0, 0],
      "2": [0, 0],
      "3": [156, 12],
      "4": [76, 92],
      "5": [3],
      "6": [3, 0],
      "7": [3, 0]
    },
    "meta": {
      "lastBranch": 8,
      "lastFunction": 6,
      "lastStatement": 28,
      "seen": {
        "s:14:6:14:52": 0,
        "s:17:13:17:99": 1,
        "f:27:9:27:21": 0,
        "b:28:2:34:Infinity:undefined:undefined:undefined:undefined": 0,
        "s:28:2:34:Infinity": 2,
        "s:29:4:34:Infinity": 3,
        "s:30:21:30:63": 4,
        "b:31:6:32:Infinity:undefined:undefined:undefined:undefined": 1,
        "s:31:6:32:Infinity": 5,
        "b:31:10:31:31:31:35:31:73": 2,
        "s:32:8:32:Infinity": 6,
        "s:38:2:38:Infinity": 7,
        "f:41:9:41:24": 1,
        "s:42:20:42:84": 8,
        "f:42:57:42:62": 2,
        "s:42:68:42:82": 9,
        "s:43:15:43:50": 10,
        "s:45:2:61:Infinity": 11,
        "f:45:14:45:19": 3,
        "s:46:26:46:Infinity": 12,
        "s:47:19:47:21": 13,
        "s:48:33:48:Infinity": 14,
        "s:49:20:49:Infinity": 15,
        "s:51:4:56:Infinity": 16,
        "s:52:6:52:Infinity": 17,
        "s:53:23:53:Infinity": 18,
        "b:53:39:53:63:53:63:53:Infinity": 3,
        "b:54:6:56:Infinity:undefined:undefined:undefined:undefined": 4,
        "s:54:6:56:Infinity": 19,
        "s:55:8:55:Infinity": 20,
        "s:56:8:56:Infinity": 21,
        "s:60:4:60:Infinity": 22,
        "f:64:16:64:31": 4,
        "b:64:57:64:59": 5,
        "s:65:19:65:Infinity": 23,
        "b:65:19:65:39:65:39:65:Infinity": 6,
        "s:66:14:66:Infinity": 24,
        "b:66:14:66:36:66:22:66:60": 7,
        "f:66:22:66:36": 5,
        "s:66:36:66:60": 25,
        "s:67:30:67:51": 26,
        "s:69:2:80:Infinity": 27
      },
      "fnNames": {}
    }
  },
  "/Users/enzogivernaud/dev/dx-memory/packages/metrics/src/index.ts": {
    "path": "/Users/enzogivernaud/dev/dx-memory/packages/metrics/src/index.ts",
    "statementMap": {},
    "fnMap": {},
    "branchMap": {},
    "s": {},
    "f": {},
    "b": {},
    "meta": { "lastBranch": 0, "lastFunction": 0, "lastStatement": 0, "seen": {}, "fnNames": {} }
  },
  "/Users/enzogivernaud/dev/dx-memory/packages/test-scenarios/src/index.ts": {
    "path": "/Users/enzogivernaud/dev/dx-memory/packages/test-scenarios/src/index.ts",
    "statementMap": {
      "0": { "start": { "line": 15, "column": 2 }, "end": { "line": 15, "column": null } },
      "1": { "start": { "line": 15, "column": 31 }, "end": { "line": 15, "column": 43 } },
      "2": { "start": { "line": 20, "column": 2 }, "end": { "line": 20, "column": null } },
      "3": { "start": { "line": 20, "column": 33 }, "end": { "line": 20, "column": 62 } }
    },
    "fnMap": {
      "0": {
        "name": "getScenario",
        "decl": { "start": { "line": 14, "column": 16 }, "end": { "line": 14, "column": 28 } },
        "loc": { "start": { "line": 14, "column": 66 }, "end": { "line": 15, "column": null } },
        "line": 14
      },
      "1": {
        "name": "(anonymous_1)",
        "decl": { "start": { "line": 15, "column": 19 }, "end": { "line": 15, "column": 25 } },
        "loc": { "start": { "line": 15, "column": 31 }, "end": { "line": 15, "column": 43 } },
        "line": 15
      },
      "2": {
        "name": "scenariosByAxis",
        "decl": { "start": { "line": 19, "column": 16 }, "end": { "line": 19, "column": 32 } },
        "loc": { "start": { "line": 19, "column": 89 }, "end": { "line": 20, "column": null } },
        "line": 19
      },
      "3": {
        "name": "(anonymous_3)",
        "decl": { "start": { "line": 20, "column": 19 }, "end": { "line": 20, "column": 27 } },
        "loc": { "start": { "line": 20, "column": 33 }, "end": { "line": 20, "column": 62 } },
        "line": 20
      }
    },
    "branchMap": {},
    "s": { "0": 2, "1": 16, "2": 1, "3": 10 },
    "f": { "0": 2, "1": 16, "2": 1, "3": 10 },
    "b": {},
    "meta": {
      "lastBranch": 0,
      "lastFunction": 4,
      "lastStatement": 4,
      "seen": {
        "f:14:16:14:28": 0,
        "s:15:2:15:Infinity": 0,
        "f:15:19:15:25": 1,
        "s:15:31:15:43": 1,
        "f:19:16:19:32": 2,
        "s:20:2:20:Infinity": 2,
        "f:20:19:20:27": 3,
        "s:20:33:20:62": 3
      },
      "fnNames": {}
    }
  },
  "/Users/enzogivernaud/dev/dx-memory/packages/test-scenarios/src/scenarios.ts": {
    "path": "/Users/enzogivernaud/dev/dx-memory/packages/test-scenarios/src/scenarios.ts",
    "statementMap": {
      "0": { "start": { "line": 18, "column": 41 }, "end": { "line": 149, "column": null } }
    },
    "fnMap": {},
    "branchMap": {},
    "s": { "0": 2 },
    "f": {},
    "b": {},
    "meta": {
      "lastBranch": 0,
      "lastFunction": 0,
      "lastStatement": 1,
      "seen": { "s:18:41:149:Infinity": 0 },
      "fnNames": {}
    }
  },
  "/Users/enzogivernaud/dev/dx-memory/packages/ui-spec/src/components.ts": {
    "path": "/Users/enzogivernaud/dev/dx-memory/packages/ui-spec/src/components.ts",
    "statementMap": {
      "0": { "start": { "line": 14, "column": 43 }, "end": { "line": 93, "column": null } },
      "1": { "start": { "line": 95, "column": 50 }, "end": { "line": 101, "column": null } },
      "2": { "start": { "line": 104, "column": 2 }, "end": { "line": 104, "column": null } },
      "3": { "start": { "line": 104, "column": 34 }, "end": { "line": 104, "column": 52 } }
    },
    "fnMap": {
      "0": {
        "name": "componentsByGroup",
        "decl": { "start": { "line": 103, "column": 16 }, "end": { "line": 103, "column": 34 } },
        "loc": { "start": { "line": 103, "column": 74 }, "end": { "line": 104, "column": null } },
        "line": 103
      },
      "1": {
        "name": "(anonymous_1)",
        "decl": { "start": { "line": 104, "column": 20 }, "end": { "line": 104, "column": 28 } },
        "loc": { "start": { "line": 104, "column": 34 }, "end": { "line": 104, "column": 52 } },
        "line": 104
      }
    },
    "branchMap": {},
    "s": { "0": 4, "1": 4, "2": 0, "3": 0 },
    "f": { "0": 0, "1": 0 },
    "b": {},
    "meta": {
      "lastBranch": 0,
      "lastFunction": 2,
      "lastStatement": 4,
      "seen": {
        "s:14:43:93:Infinity": 0,
        "s:95:50:101:Infinity": 1,
        "f:103:16:103:34": 0,
        "s:104:2:104:Infinity": 2,
        "f:104:20:104:28": 1,
        "s:104:34:104:52": 3
      },
      "fnNames": {}
    }
  },
  "/Users/enzogivernaud/dev/dx-memory/packages/ui-spec/src/index.ts": {
    "path": "/Users/enzogivernaud/dev/dx-memory/packages/ui-spec/src/index.ts",
    "statementMap": {},
    "fnMap": {},
    "branchMap": {},
    "s": {},
    "f": {},
    "b": {},
    "meta": { "lastBranch": 0, "lastFunction": 0, "lastStatement": 0, "seen": {}, "fnNames": {} }
  },
  "/Users/enzogivernaud/dev/dx-memory/packages/ui-spec/src/routes.ts": {
    "path": "/Users/enzogivernaud/dev/dx-memory/packages/ui-spec/src/routes.ts",
    "statementMap": {
      "0": { "start": { "line": 29, "column": 35 }, "end": { "line": 86, "column": null } },
      "1": { "start": { "line": 89, "column": 26 }, "end": { "line": 90, "column": null } },
      "2": { "start": { "line": 89, "column": 47 }, "end": { "line": 89, "column": 67 } },
      "3": { "start": { "line": 90, "column": 6 }, "end": { "line": 90, "column": null } },
      "4": { "start": { "line": 94, "column": 2 }, "end": { "line": 94, "column": null } },
      "5": { "start": { "line": 94, "column": 28 }, "end": { "line": 94, "column": 40 } }
    },
    "fnMap": {
      "0": {
        "name": "(anonymous_0)",
        "decl": { "start": { "line": 89, "column": 33 }, "end": { "line": 89, "column": 41 } },
        "loc": { "start": { "line": 89, "column": 47 }, "end": { "line": 89, "column": 67 } },
        "line": 89
      },
      "1": {
        "name": "(anonymous_1)",
        "decl": { "start": { "line": 89, "column": 68 }, "end": { "line": 89, "column": null } },
        "loc": { "start": { "line": 90, "column": 6 }, "end": { "line": 90, "column": null } },
        "line": 90
      },
      "2": {
        "name": "routeById",
        "decl": { "start": { "line": 93, "column": 16 }, "end": { "line": 93, "column": 26 } },
        "loc": { "start": { "line": 93, "column": 63 }, "end": { "line": 94, "column": null } },
        "line": 93
      },
      "3": {
        "name": "(anonymous_3)",
        "decl": { "start": { "line": 94, "column": 16 }, "end": { "line": 94, "column": 22 } },
        "loc": { "start": { "line": 94, "column": 28 }, "end": { "line": 94, "column": 40 } },
        "line": 94
      }
    },
    "branchMap": {
      "0": {
        "loc": { "start": { "line": 90, "column": 13 }, "end": { "line": 90, "column": 33 } },
        "type": "binary-expr",
        "locations": [
          { "start": { "line": 90, "column": 13 }, "end": { "line": 90, "column": 27 } },
          { "start": { "line": 90, "column": 27 }, "end": { "line": 90, "column": 33 } }
        ],
        "line": 90
      },
      "1": {
        "loc": { "start": { "line": 90, "column": 33 }, "end": { "line": 90, "column": null } },
        "type": "binary-expr",
        "locations": [
          { "start": { "line": 90, "column": 33 }, "end": { "line": 90, "column": 47 } },
          { "start": { "line": 90, "column": 47 }, "end": { "line": 90, "column": null } }
        ],
        "line": 90
      }
    },
    "s": { "0": 4, "1": 4, "2": 28, "3": 20, "4": 0, "5": 0 },
    "f": { "0": 28, "1": 20, "2": 0, "3": 0 },
    "b": { "0": [20, 0], "1": [20, 0] },
    "meta": {
      "lastBranch": 2,
      "lastFunction": 4,
      "lastStatement": 6,
      "seen": {
        "s:29:35:86:Infinity": 0,
        "s:89:26:90:Infinity": 1,
        "f:89:33:89:41": 0,
        "s:89:47:89:67": 2,
        "f:89:68:89:Infinity": 1,
        "s:90:6:90:Infinity": 3,
        "b:90:13:90:27:90:27:90:33": 0,
        "b:90:33:90:47:90:47:90:Infinity": 1,
        "f:93:16:93:26": 2,
        "s:94:2:94:Infinity": 4,
        "f:94:16:94:22": 3,
        "s:94:28:94:40": 5
      },
      "fnNames": {}
    }
  },
  "/Users/enzogivernaud/dev/dx-memory/packages/ui-spec/src/screens.ts": {
    "path": "/Users/enzogivernaud/dev/dx-memory/packages/ui-spec/src/screens.ts",
    "statementMap": {
      "0": { "start": { "line": 16, "column": 37 }, "end": { "line": 97, "column": null } },
      "1": { "start": { "line": 100, "column": 25 }, "end": { "line": 109, "column": null } },
      "2": { "start": { "line": 113, "column": 25 }, "end": { "line": 123, "column": null } },
      "3": { "start": { "line": 126, "column": 2 }, "end": { "line": 126, "column": null } },
      "4": { "start": { "line": 126, "column": 29 }, "end": { "line": 126, "column": 41 } }
    },
    "fnMap": {
      "0": {
        "name": "screenById",
        "decl": { "start": { "line": 125, "column": 16 }, "end": { "line": 125, "column": 27 } },
        "loc": { "start": { "line": 125, "column": 65 }, "end": { "line": 126, "column": null } },
        "line": 125
      },
      "1": {
        "name": "(anonymous_1)",
        "decl": { "start": { "line": 126, "column": 17 }, "end": { "line": 126, "column": 23 } },
        "loc": { "start": { "line": 126, "column": 29 }, "end": { "line": 126, "column": 41 } },
        "line": 126
      }
    },
    "branchMap": {},
    "s": { "0": 4, "1": 4, "2": 4, "3": 0, "4": 0 },
    "f": { "0": 0, "1": 0 },
    "b": {},
    "meta": {
      "lastBranch": 0,
      "lastFunction": 2,
      "lastStatement": 5,
      "seen": {
        "s:16:37:97:Infinity": 0,
        "s:100:25:109:Infinity": 1,
        "s:113:25:123:Infinity": 2,
        "f:125:16:125:27": 0,
        "s:126:2:126:Infinity": 3,
        "f:126:17:126:23": 1,
        "s:126:29:126:41": 4
      },
      "fnNames": {}
    }
  },
  "/Users/enzogivernaud/dev/dx-memory/packages/ui-spec/src/tokens.ts": {
    "path": "/Users/enzogivernaud/dev/dx-memory/packages/ui-spec/src/tokens.ts",
    "statementMap": {
      "0": { "start": { "line": 9, "column": 22 }, "end": { "line": 29, "column": null } },
      "1": { "start": { "line": 32, "column": 20 }, "end": { "line": 39, "column": null } },
      "2": { "start": { "line": 43, "column": 22 }, "end": { "line": 49, "column": null } },
      "3": { "start": { "line": 52, "column": 23 }, "end": { "line": 52, "column": null } },
      "4": { "start": { "line": 54, "column": 22 }, "end": { "line": 57, "column": null } },
      "5": { "start": { "line": 59, "column": 26 }, "end": { "line": 73, "column": null } },
      "6": { "start": { "line": 75, "column": 25 }, "end": { "line": 75, "column": null } },
      "7": { "start": { "line": 76, "column": 31 }, "end": { "line": 76, "column": null } },
      "8": { "start": { "line": 78, "column": 22 }, "end": { "line": 85, "column": null } },
      "9": { "start": { "line": 91, "column": 27 }, "end": { "line": 96, "column": null } },
      "10": { "start": { "line": 98, "column": 25 }, "end": { "line": 104, "column": null } },
      "11": { "start": { "line": 106, "column": 25 }, "end": { "line": 111, "column": null } },
      "12": { "start": { "line": 114, "column": 30 }, "end": { "line": 124, "column": null } }
    },
    "fnMap": {},
    "branchMap": {},
    "s": {
      "0": 4,
      "1": 4,
      "2": 4,
      "3": 4,
      "4": 4,
      "5": 4,
      "6": 4,
      "7": 4,
      "8": 4,
      "9": 4,
      "10": 4,
      "11": 4,
      "12": 4
    },
    "f": {},
    "b": {},
    "meta": {
      "lastBranch": 0,
      "lastFunction": 0,
      "lastStatement": 13,
      "seen": {
        "s:9:22:29:Infinity": 0,
        "s:32:20:39:Infinity": 1,
        "s:43:22:49:Infinity": 2,
        "s:52:23:52:Infinity": 3,
        "s:54:22:57:Infinity": 4,
        "s:59:26:73:Infinity": 5,
        "s:75:25:75:Infinity": 6,
        "s:76:31:76:Infinity": 7,
        "s:78:22:85:Infinity": 8,
        "s:91:27:96:Infinity": 9,
        "s:98:25:104:Infinity": 10,
        "s:106:25:111:Infinity": 11,
        "s:114:30:124:Infinity": 12
      },
      "fnNames": {}
    }
  }
}
